removed 'usr/share/gnupg/help.be.txt'
removed 'usr/share/gnupg/help.ca.txt'
removed 'usr/share/gnupg/help.cs.txt'
removed 'usr/share/gnupg/help.da.txt'
removed 'usr/share/gnupg/help.de.txt'
removed 'usr/share/gnupg/help.el.txt'
removed 'usr/share/gnupg/help.eo.txt'
removed 'usr/share/gnupg/help.es.txt'
removed 'usr/share/gnupg/help.et.txt'
removed 'usr/share/gnupg/help.fi.txt'
removed 'usr/share/gnupg/help.fr.txt'
removed 'usr/share/gnupg/help.gl.txt'
removed 'usr/share/gnupg/help.hu.txt'
removed 'usr/share/gnupg/help.id.txt'
removed 'usr/share/gnupg/help.it.txt'
removed 'usr/share/gnupg/help.ja.txt'
removed 'usr/share/gnupg/help.nb.txt'
removed 'usr/share/gnupg/help.pl.txt'
removed 'usr/share/gnupg/help.pt.txt'
removed 'usr/share/gnupg/help.pt_BR.txt'
removed 'usr/share/gnupg/help.ro.txt'
removed 'usr/share/gnupg/help.ru.txt'
removed 'usr/share/gnupg/help.sk.txt'
removed 'usr/share/gnupg/help.sv.txt'
removed 'usr/share/gnupg/help.tr.txt'
removed 'usr/share/gnupg/help.txt'
removed 'usr/share/gnupg/help.zh_CN.txt'
removed 'usr/share/gnupg/help.zh_TW.txt'
removed '/var/lib/dnf/history.sqlite-wal'
removed '/var/lib/dnf/history.sqlite-shm'
removed '/var/lib/dnf/history.sqlite'
removed directory '/var/lib/dnf'
removed '/usr/bin/pinky'
removed '/usr/lib/systemd/user/dirmngr.socket'
removed '/usr/lib/systemd/user/gpg-agent-extra.socket'
removed '/usr/lib/systemd/user/gpg-agent-ssh.socket'
removed '/usr/lib/systemd/user/gpg-agent.service'
removed '/usr/lib/systemd/user/gpg-agent-browser.socket'
removed '/usr/lib/systemd/user/dirmngr.service'
removed '/usr/lib/systemd/user/gpg-agent.socket'
removed directory '/usr/lib/systemd/user'
removed '/usr/lib/systemd/system/rpmdb-rebuild.service'
removed '/usr/lib/systemd/system/rpmdb-migrate.service'
removed directory '/usr/lib/systemd/system'
removed '/usr/lib/systemd/user-preset/99-default-disable.preset'
removed '/usr/lib/systemd/user-preset/90-default-user.preset'
removed directory '/usr/lib/systemd/user-preset'
removed '/usr/lib/systemd/system-preset/90-default.preset'
removed '/usr/lib/systemd/system-preset/99-default-disable.preset'
removed '/usr/lib/systemd/system-preset/85-display-manager.preset'
removed directory '/usr/lib/systemd/system-preset'
removed directory '/usr/lib/systemd'
removed '/etc/localtime'
removed '/usr/share/zoneinfo/Navajo'
removed '/usr/share/zoneinfo/GMT'
removed '/usr/share/zoneinfo/GB-Eire'
removed '/usr/share/zoneinfo/PRC'
removed '/usr/share/zoneinfo/Arctic/Longyearbyen'
removed directory '/usr/share/zoneinfo/Arctic'
removed '/usr/share/zoneinfo/Turkey'
removed '/usr/share/zoneinfo/Cuba'
removed '/usr/share/zoneinfo/PST8PDT'
removed '/usr/share/zoneinfo/Portugal'
removed '/usr/share/zoneinfo/Libya'
removed '/usr/share/zoneinfo/HST'
removed '/usr/share/zoneinfo/Jamaica'
removed '/usr/share/zoneinfo/GMT+0'
removed '/usr/share/zoneinfo/Indian/Maldives'
removed '/usr/share/zoneinfo/Indian/Mauritius'
removed '/usr/share/zoneinfo/Indian/Mayotte'
removed '/usr/share/zoneinfo/Indian/Reunion'
removed '/usr/share/zoneinfo/Indian/Chagos'
removed '/usr/share/zoneinfo/Indian/Comoro'
removed '/usr/share/zoneinfo/Indian/Cocos'
removed '/usr/share/zoneinfo/Indian/Christmas'
removed '/usr/share/zoneinfo/Indian/Antananarivo'
removed '/usr/share/zoneinfo/Indian/Mahe'
removed '/usr/share/zoneinfo/Indian/Kerguelen'
removed directory '/usr/share/zoneinfo/Indian'
removed '/usr/share/zoneinfo/zone.tab'
removed '/usr/share/zoneinfo/posixrules'
removed '/usr/share/zoneinfo/Europe/Podgorica'
removed '/usr/share/zoneinfo/Europe/Warsaw'
removed '/usr/share/zoneinfo/Europe/Jersey'
removed '/usr/share/zoneinfo/Europe/Mariehamn'
removed '/usr/share/zoneinfo/Europe/Belgrade'
removed '/usr/share/zoneinfo/Europe/Nicosia'
removed '/usr/share/zoneinfo/Europe/Astrakhan'
removed '/usr/share/zoneinfo/Europe/Vaduz'
removed '/usr/share/zoneinfo/Europe/London'
removed '/usr/share/zoneinfo/Europe/Samara'
removed '/usr/share/zoneinfo/Europe/Kyiv'
removed '/usr/share/zoneinfo/Europe/Volgograd'
removed '/usr/share/zoneinfo/Europe/Vienna'
removed '/usr/share/zoneinfo/Europe/Paris'
removed '/usr/share/zoneinfo/Europe/Uzhgorod'
removed '/usr/share/zoneinfo/Europe/Bucharest'
removed '/usr/share/zoneinfo/Europe/Vatican'
removed '/usr/share/zoneinfo/Europe/Kaliningrad'
removed '/usr/share/zoneinfo/Europe/Budapest'
removed '/usr/share/zoneinfo/Europe/Andorra'
removed '/usr/share/zoneinfo/Europe/Rome'
removed '/usr/share/zoneinfo/Europe/Dublin'
removed '/usr/share/zoneinfo/Europe/Vilnius'
removed '/usr/share/zoneinfo/Europe/Moscow'
removed '/usr/share/zoneinfo/Europe/Lisbon'
removed '/usr/share/zoneinfo/Europe/Monaco'
removed '/usr/share/zoneinfo/Europe/Zagreb'
removed '/usr/share/zoneinfo/Europe/Belfast'
removed '/usr/share/zoneinfo/Europe/Ulyanovsk'
removed '/usr/share/zoneinfo/Europe/Kirov'
removed '/usr/share/zoneinfo/Europe/Malta'
removed '/usr/share/zoneinfo/Europe/Busingen'
removed '/usr/share/zoneinfo/Europe/Riga'
removed '/usr/share/zoneinfo/Europe/Istanbul'
removed '/usr/share/zoneinfo/Europe/Luxembourg'
removed '/usr/share/zoneinfo/Europe/Gibraltar'
removed '/usr/share/zoneinfo/Europe/Chisinau'
removed '/usr/share/zoneinfo/Europe/Saratov'
removed '/usr/share/zoneinfo/Europe/Ljubljana'
removed '/usr/share/zoneinfo/Europe/Bratislava'
removed '/usr/share/zoneinfo/Europe/Helsinki'
removed '/usr/share/zoneinfo/Europe/Skopje'
removed '/usr/share/zoneinfo/Europe/Tallinn'
removed '/usr/share/zoneinfo/Europe/Simferopol'
removed '/usr/share/zoneinfo/Europe/Minsk'
removed '/usr/share/zoneinfo/Europe/Guernsey'
removed '/usr/share/zoneinfo/Europe/San_Marino'
removed '/usr/share/zoneinfo/Europe/Sarajevo'
removed '/usr/share/zoneinfo/Europe/Zaporozhye'
removed '/usr/share/zoneinfo/Europe/Berlin'
removed '/usr/share/zoneinfo/Europe/Zurich'
removed '/usr/share/zoneinfo/Europe/Isle_of_Man'
removed '/usr/share/zoneinfo/Europe/Kiev'
removed '/usr/share/zoneinfo/Europe/Brussels'
removed '/usr/share/zoneinfo/Europe/Sofia'
removed '/usr/share/zoneinfo/Europe/Tiraspol'
removed '/usr/share/zoneinfo/Europe/Copenhagen'
removed '/usr/share/zoneinfo/Europe/Madrid'
removed '/usr/share/zoneinfo/Europe/Tirane'
removed '/usr/share/zoneinfo/Europe/Amsterdam'
removed '/usr/share/zoneinfo/Europe/Prague'
removed '/usr/share/zoneinfo/Europe/Athens'
removed '/usr/share/zoneinfo/Europe/Stockholm'
removed '/usr/share/zoneinfo/Europe/Oslo'
removed directory '/usr/share/zoneinfo/Europe'
removed '/usr/share/zoneinfo/Poland'
removed '/usr/share/zoneinfo/GMT0'
removed '/usr/share/zoneinfo/GMT-0'
removed '/usr/share/zoneinfo/Iceland'
removed '/usr/share/zoneinfo/Australia/Hobart'
removed '/usr/share/zoneinfo/Australia/Perth'
removed '/usr/share/zoneinfo/Australia/Lord_Howe'
removed '/usr/share/zoneinfo/Australia/South'
removed '/usr/share/zoneinfo/Australia/Darwin'
removed '/usr/share/zoneinfo/Australia/North'
removed '/usr/share/zoneinfo/Australia/Broken_Hill'
removed '/usr/share/zoneinfo/Australia/Queensland'
removed '/usr/share/zoneinfo/Australia/Brisbane'
removed '/usr/share/zoneinfo/Australia/Lindeman'
removed '/usr/share/zoneinfo/Australia/West'
removed '/usr/share/zoneinfo/Australia/Adelaide'
removed '/usr/share/zoneinfo/Australia/Currie'
removed '/usr/share/zoneinfo/Australia/Yancowinna'
removed '/usr/share/zoneinfo/Australia/LHI'
removed '/usr/share/zoneinfo/Australia/NSW'
removed '/usr/share/zoneinfo/Australia/Victoria'
removed '/usr/share/zoneinfo/Australia/Tasmania'
removed '/usr/share/zoneinfo/Australia/Melbourne'
removed '/usr/share/zoneinfo/Australia/Sydney'
removed '/usr/share/zoneinfo/Australia/Eucla'
removed '/usr/share/zoneinfo/Australia/ACT'
removed '/usr/share/zoneinfo/Australia/Canberra'
removed directory '/usr/share/zoneinfo/Australia'
removed '/usr/share/zoneinfo/EST5EDT'
removed '/usr/share/zoneinfo/Japan'
removed '/usr/share/zoneinfo/Egypt'
removed '/usr/share/zoneinfo/Africa/Malabo'
removed '/usr/share/zoneinfo/Africa/Nouakchott'
removed '/usr/share/zoneinfo/Africa/Lome'
removed '/usr/share/zoneinfo/Africa/Banjul'
removed '/usr/share/zoneinfo/Africa/Accra'
removed '/usr/share/zoneinfo/Africa/Asmera'
removed '/usr/share/zoneinfo/Africa/Bangui'
removed '/usr/share/zoneinfo/Africa/Bissau'
removed '/usr/share/zoneinfo/Africa/Johannesburg'
removed '/usr/share/zoneinfo/Africa/Douala'
removed '/usr/share/zoneinfo/Africa/Lubumbashi'
removed '/usr/share/zoneinfo/Africa/Blantyre'
removed '/usr/share/zoneinfo/Africa/Maseru'
removed '/usr/share/zoneinfo/Africa/Tunis'
removed '/usr/share/zoneinfo/Africa/Lagos'
removed '/usr/share/zoneinfo/Africa/Brazzaville'
removed '/usr/share/zoneinfo/Africa/Luanda'
removed '/usr/share/zoneinfo/Africa/Timbuktu'
removed '/usr/share/zoneinfo/Africa/Ndjamena'
removed '/usr/share/zoneinfo/Africa/Conakry'
removed '/usr/share/zoneinfo/Africa/Dar_es_Salaam'
removed '/usr/share/zoneinfo/Africa/Bamako'
removed '/usr/share/zoneinfo/Africa/Lusaka'
removed '/usr/share/zoneinfo/Africa/Addis_Ababa'
removed '/usr/share/zoneinfo/Africa/Abidjan'
removed '/usr/share/zoneinfo/Africa/Nairobi'
removed '/usr/share/zoneinfo/Africa/Dakar'
removed '/usr/share/zoneinfo/Africa/Tripoli'
removed '/usr/share/zoneinfo/Africa/Maputo'
removed '/usr/share/zoneinfo/Africa/Khartoum'
removed '/usr/share/zoneinfo/Africa/Algiers'
removed '/usr/share/zoneinfo/Africa/Kinshasa'
removed '/usr/share/zoneinfo/Africa/Harare'
removed '/usr/share/zoneinfo/Africa/Djibouti'
removed '/usr/share/zoneinfo/Africa/Monrovia'
removed '/usr/share/zoneinfo/Africa/Kigali'
removed '/usr/share/zoneinfo/Africa/Gaborone'
removed '/usr/share/zoneinfo/Africa/Windhoek'
removed '/usr/share/zoneinfo/Africa/Ouagadougou'
removed '/usr/share/zoneinfo/Africa/Libreville'
removed '/usr/share/zoneinfo/Africa/Casablanca'
removed '/usr/share/zoneinfo/Africa/Sao_Tome'
removed '/usr/share/zoneinfo/Africa/Niamey'
removed '/usr/share/zoneinfo/Africa/Mogadishu'
removed '/usr/share/zoneinfo/Africa/Mbabane'
removed '/usr/share/zoneinfo/Africa/Porto-Novo'
removed '/usr/share/zoneinfo/Africa/Kampala'
removed '/usr/share/zoneinfo/Africa/Ceuta'
removed '/usr/share/zoneinfo/Africa/Cairo'
removed '/usr/share/zoneinfo/Africa/Freetown'
removed '/usr/share/zoneinfo/Africa/El_Aaiun'
removed '/usr/share/zoneinfo/Africa/Juba'
removed '/usr/share/zoneinfo/Africa/Asmara'
removed '/usr/share/zoneinfo/Africa/Bujumbura'
removed directory '/usr/share/zoneinfo/Africa'
removed '/usr/share/zoneinfo/Universal'
removed '/usr/share/zoneinfo/Brazil/DeNoronha'
removed '/usr/share/zoneinfo/Brazil/West'
removed '/usr/share/zoneinfo/Brazil/East'
removed '/usr/share/zoneinfo/Brazil/Acre'
removed directory '/usr/share/zoneinfo/Brazil'
removed '/usr/share/zoneinfo/leapseconds'
removed '/usr/share/zoneinfo/Atlantic/Bermuda'
removed '/usr/share/zoneinfo/Atlantic/Azores'
removed '/usr/share/zoneinfo/Atlantic/Canary'
removed '/usr/share/zoneinfo/Atlantic/Reykjavik'
removed '/usr/share/zoneinfo/Atlantic/St_Helena'
removed '/usr/share/zoneinfo/Atlantic/Madeira'
removed '/usr/share/zoneinfo/Atlantic/South_Georgia'
removed '/usr/share/zoneinfo/Atlantic/Faroe'
removed '/usr/share/zoneinfo/Atlantic/Stanley'
removed '/usr/share/zoneinfo/Atlantic/Cape_Verde'
removed '/usr/share/zoneinfo/Atlantic/Faeroe'
removed '/usr/share/zoneinfo/Atlantic/Jan_Mayen'
removed directory '/usr/share/zoneinfo/Atlantic'
removed '/usr/share/zoneinfo/iso3166.tab'
removed '/usr/share/zoneinfo/zone1970.tab'
removed '/usr/share/zoneinfo/ROK'
removed '/usr/share/zoneinfo/right/Navajo'
removed '/usr/share/zoneinfo/right/GMT'
removed '/usr/share/zoneinfo/right/GB-Eire'
removed '/usr/share/zoneinfo/right/PRC'
removed '/usr/share/zoneinfo/right/Arctic/Longyearbyen'
removed directory '/usr/share/zoneinfo/right/Arctic'
removed '/usr/share/zoneinfo/right/Turkey'
removed '/usr/share/zoneinfo/right/Cuba'
removed '/usr/share/zoneinfo/right/PST8PDT'
removed '/usr/share/zoneinfo/right/Portugal'
removed '/usr/share/zoneinfo/right/Libya'
removed '/usr/share/zoneinfo/right/HST'
removed '/usr/share/zoneinfo/right/Jamaica'
removed '/usr/share/zoneinfo/right/GMT+0'
removed '/usr/share/zoneinfo/right/Indian/Maldives'
removed '/usr/share/zoneinfo/right/Indian/Mauritius'
removed '/usr/share/zoneinfo/right/Indian/Mayotte'
removed '/usr/share/zoneinfo/right/Indian/Reunion'
removed '/usr/share/zoneinfo/right/Indian/Chagos'
removed '/usr/share/zoneinfo/right/Indian/Comoro'
removed '/usr/share/zoneinfo/right/Indian/Cocos'
removed '/usr/share/zoneinfo/right/Indian/Christmas'
removed '/usr/share/zoneinfo/right/Indian/Antananarivo'
removed '/usr/share/zoneinfo/right/Indian/Mahe'
removed '/usr/share/zoneinfo/right/Indian/Kerguelen'
removed directory '/usr/share/zoneinfo/right/Indian'
removed '/usr/share/zoneinfo/right/Europe/Podgorica'
removed '/usr/share/zoneinfo/right/Europe/Warsaw'
removed '/usr/share/zoneinfo/right/Europe/Jersey'
removed '/usr/share/zoneinfo/right/Europe/Mariehamn'
removed '/usr/share/zoneinfo/right/Europe/Belgrade'
removed '/usr/share/zoneinfo/right/Europe/Nicosia'
removed '/usr/share/zoneinfo/right/Europe/Astrakhan'
removed '/usr/share/zoneinfo/right/Europe/Vaduz'
removed '/usr/share/zoneinfo/right/Europe/London'
removed '/usr/share/zoneinfo/right/Europe/Samara'
removed '/usr/share/zoneinfo/right/Europe/Kyiv'
removed '/usr/share/zoneinfo/right/Europe/Volgograd'
removed '/usr/share/zoneinfo/right/Europe/Vienna'
removed '/usr/share/zoneinfo/right/Europe/Paris'
removed '/usr/share/zoneinfo/right/Europe/Uzhgorod'
removed '/usr/share/zoneinfo/right/Europe/Bucharest'
removed '/usr/share/zoneinfo/right/Europe/Vatican'
removed '/usr/share/zoneinfo/right/Europe/Kaliningrad'
removed '/usr/share/zoneinfo/right/Europe/Budapest'
removed '/usr/share/zoneinfo/right/Europe/Andorra'
removed '/usr/share/zoneinfo/right/Europe/Rome'
removed '/usr/share/zoneinfo/right/Europe/Dublin'
removed '/usr/share/zoneinfo/right/Europe/Vilnius'
removed '/usr/share/zoneinfo/right/Europe/Moscow'
removed '/usr/share/zoneinfo/right/Europe/Lisbon'
removed '/usr/share/zoneinfo/right/Europe/Monaco'
removed '/usr/share/zoneinfo/right/Europe/Zagreb'
removed '/usr/share/zoneinfo/right/Europe/Belfast'
removed '/usr/share/zoneinfo/right/Europe/Ulyanovsk'
removed '/usr/share/zoneinfo/right/Europe/Kirov'
removed '/usr/share/zoneinfo/right/Europe/Malta'
removed '/usr/share/zoneinfo/right/Europe/Busingen'
removed '/usr/share/zoneinfo/right/Europe/Riga'
removed '/usr/share/zoneinfo/right/Europe/Istanbul'
removed '/usr/share/zoneinfo/right/Europe/Luxembourg'
removed '/usr/share/zoneinfo/right/Europe/Gibraltar'
removed '/usr/share/zoneinfo/right/Europe/Chisinau'
removed '/usr/share/zoneinfo/right/Europe/Saratov'
removed '/usr/share/zoneinfo/right/Europe/Ljubljana'
removed '/usr/share/zoneinfo/right/Europe/Bratislava'
removed '/usr/share/zoneinfo/right/Europe/Helsinki'
removed '/usr/share/zoneinfo/right/Europe/Skopje'
removed '/usr/share/zoneinfo/right/Europe/Tallinn'
removed '/usr/share/zoneinfo/right/Europe/Simferopol'
removed '/usr/share/zoneinfo/right/Europe/Minsk'
removed '/usr/share/zoneinfo/right/Europe/Guernsey'
removed '/usr/share/zoneinfo/right/Europe/San_Marino'
removed '/usr/share/zoneinfo/right/Europe/Sarajevo'
removed '/usr/share/zoneinfo/right/Europe/Zaporozhye'
removed '/usr/share/zoneinfo/right/Europe/Berlin'
removed '/usr/share/zoneinfo/right/Europe/Zurich'
removed '/usr/share/zoneinfo/right/Europe/Isle_of_Man'
removed '/usr/share/zoneinfo/right/Europe/Kiev'
removed '/usr/share/zoneinfo/right/Europe/Brussels'
removed '/usr/share/zoneinfo/right/Europe/Sofia'
removed '/usr/share/zoneinfo/right/Europe/Tiraspol'
removed '/usr/share/zoneinfo/right/Europe/Copenhagen'
removed '/usr/share/zoneinfo/right/Europe/Madrid'
removed '/usr/share/zoneinfo/right/Europe/Tirane'
removed '/usr/share/zoneinfo/right/Europe/Amsterdam'
removed '/usr/share/zoneinfo/right/Europe/Prague'
removed '/usr/share/zoneinfo/right/Europe/Athens'
removed '/usr/share/zoneinfo/right/Europe/Stockholm'
removed '/usr/share/zoneinfo/right/Europe/Oslo'
removed directory '/usr/share/zoneinfo/right/Europe'
removed '/usr/share/zoneinfo/right/Poland'
removed '/usr/share/zoneinfo/right/GMT0'
removed '/usr/share/zoneinfo/right/GMT-0'
removed '/usr/share/zoneinfo/right/Iceland'
removed '/usr/share/zoneinfo/right/Australia/Hobart'
removed '/usr/share/zoneinfo/right/Australia/Perth'
removed '/usr/share/zoneinfo/right/Australia/Lord_Howe'
removed '/usr/share/zoneinfo/right/Australia/South'
removed '/usr/share/zoneinfo/right/Australia/Darwin'
removed '/usr/share/zoneinfo/right/Australia/North'
removed '/usr/share/zoneinfo/right/Australia/Broken_Hill'
removed '/usr/share/zoneinfo/right/Australia/Queensland'
removed '/usr/share/zoneinfo/right/Australia/Brisbane'
removed '/usr/share/zoneinfo/right/Australia/Lindeman'
removed '/usr/share/zoneinfo/right/Australia/West'
removed '/usr/share/zoneinfo/right/Australia/Adelaide'
removed '/usr/share/zoneinfo/right/Australia/Currie'
removed '/usr/share/zoneinfo/right/Australia/Yancowinna'
removed '/usr/share/zoneinfo/right/Australia/LHI'
removed '/usr/share/zoneinfo/right/Australia/NSW'
removed '/usr/share/zoneinfo/right/Australia/Victoria'
removed '/usr/share/zoneinfo/right/Australia/Tasmania'
removed '/usr/share/zoneinfo/right/Australia/Melbourne'
removed '/usr/share/zoneinfo/right/Australia/Sydney'
removed '/usr/share/zoneinfo/right/Australia/Eucla'
removed '/usr/share/zoneinfo/right/Australia/ACT'
removed '/usr/share/zoneinfo/right/Australia/Canberra'
removed directory '/usr/share/zoneinfo/right/Australia'
removed '/usr/share/zoneinfo/right/EST5EDT'
removed '/usr/share/zoneinfo/right/Japan'
removed '/usr/share/zoneinfo/right/Egypt'
removed '/usr/share/zoneinfo/right/Africa/Malabo'
removed '/usr/share/zoneinfo/right/Africa/Nouakchott'
removed '/usr/share/zoneinfo/right/Africa/Lome'
removed '/usr/share/zoneinfo/right/Africa/Banjul'
removed '/usr/share/zoneinfo/right/Africa/Accra'
removed '/usr/share/zoneinfo/right/Africa/Asmera'
removed '/usr/share/zoneinfo/right/Africa/Bangui'
removed '/usr/share/zoneinfo/right/Africa/Bissau'
removed '/usr/share/zoneinfo/right/Africa/Johannesburg'
removed '/usr/share/zoneinfo/right/Africa/Douala'
removed '/usr/share/zoneinfo/right/Africa/Lubumbashi'
removed '/usr/share/zoneinfo/right/Africa/Blantyre'
removed '/usr/share/zoneinfo/right/Africa/Maseru'
removed '/usr/share/zoneinfo/right/Africa/Tunis'
removed '/usr/share/zoneinfo/right/Africa/Lagos'
removed '/usr/share/zoneinfo/right/Africa/Brazzaville'
removed '/usr/share/zoneinfo/right/Africa/Luanda'
removed '/usr/share/zoneinfo/right/Africa/Timbuktu'
removed '/usr/share/zoneinfo/right/Africa/Ndjamena'
removed '/usr/share/zoneinfo/right/Africa/Conakry'
removed '/usr/share/zoneinfo/right/Africa/Dar_es_Salaam'
removed '/usr/share/zoneinfo/right/Africa/Bamako'
removed '/usr/share/zoneinfo/right/Africa/Lusaka'
removed '/usr/share/zoneinfo/right/Africa/Addis_Ababa'
removed '/usr/share/zoneinfo/right/Africa/Abidjan'
removed '/usr/share/zoneinfo/right/Africa/Nairobi'
removed '/usr/share/zoneinfo/right/Africa/Dakar'
removed '/usr/share/zoneinfo/right/Africa/Tripoli'
removed '/usr/share/zoneinfo/right/Africa/Maputo'
removed '/usr/share/zoneinfo/right/Africa/Khartoum'
removed '/usr/share/zoneinfo/right/Africa/Algiers'
removed '/usr/share/zoneinfo/right/Africa/Kinshasa'
removed '/usr/share/zoneinfo/right/Africa/Harare'
removed '/usr/share/zoneinfo/right/Africa/Djibouti'
removed '/usr/share/zoneinfo/right/Africa/Monrovia'
removed '/usr/share/zoneinfo/right/Africa/Kigali'
removed '/usr/share/zoneinfo/right/Africa/Gaborone'
removed '/usr/share/zoneinfo/right/Africa/Windhoek'
removed '/usr/share/zoneinfo/right/Africa/Ouagadougou'
removed '/usr/share/zoneinfo/right/Africa/Libreville'
removed '/usr/share/zoneinfo/right/Africa/Casablanca'
removed '/usr/share/zoneinfo/right/Africa/Sao_Tome'
removed '/usr/share/zoneinfo/right/Africa/Niamey'
removed '/usr/share/zoneinfo/right/Africa/Mogadishu'
removed '/usr/share/zoneinfo/right/Africa/Mbabane'
removed '/usr/share/zoneinfo/right/Africa/Porto-Novo'
removed '/usr/share/zoneinfo/right/Africa/Kampala'
removed '/usr/share/zoneinfo/right/Africa/Ceuta'
removed '/usr/share/zoneinfo/right/Africa/Cairo'
removed '/usr/share/zoneinfo/right/Africa/Freetown'
removed '/usr/share/zoneinfo/right/Africa/El_Aaiun'
removed '/usr/share/zoneinfo/right/Africa/Juba'
removed '/usr/share/zoneinfo/right/Africa/Asmara'
removed '/usr/share/zoneinfo/right/Africa/Bujumbura'
removed directory '/usr/share/zoneinfo/right/Africa'
removed '/usr/share/zoneinfo/right/Universal'
removed '/usr/share/zoneinfo/right/Brazil/DeNoronha'
removed '/usr/share/zoneinfo/right/Brazil/West'
removed '/usr/share/zoneinfo/right/Brazil/East'
removed '/usr/share/zoneinfo/right/Brazil/Acre'
removed directory '/usr/share/zoneinfo/right/Brazil'
removed '/usr/share/zoneinfo/right/Atlantic/Bermuda'
removed '/usr/share/zoneinfo/right/Atlantic/Azores'
removed '/usr/share/zoneinfo/right/Atlantic/Canary'
removed '/usr/share/zoneinfo/right/Atlantic/Reykjavik'
removed '/usr/share/zoneinfo/right/Atlantic/St_Helena'
removed '/usr/share/zoneinfo/right/Atlantic/Madeira'
removed '/usr/share/zoneinfo/right/Atlantic/South_Georgia'
removed '/usr/share/zoneinfo/right/Atlantic/Faroe'
removed '/usr/share/zoneinfo/right/Atlantic/Stanley'
removed '/usr/share/zoneinfo/right/Atlantic/Cape_Verde'
removed '/usr/share/zoneinfo/right/Atlantic/Faeroe'
removed '/usr/share/zoneinfo/right/Atlantic/Jan_Mayen'
removed directory '/usr/share/zoneinfo/right/Atlantic'
removed '/usr/share/zoneinfo/right/ROK'
removed '/usr/share/zoneinfo/right/Chile/EasterIsland'
removed '/usr/share/zoneinfo/right/Chile/Continental'
removed directory '/usr/share/zoneinfo/right/Chile'
removed '/usr/share/zoneinfo/right/Zulu'
removed '/usr/share/zoneinfo/right/Antarctica/Syowa'
removed '/usr/share/zoneinfo/right/Antarctica/Vostok'
removed '/usr/share/zoneinfo/right/Antarctica/Davis'
removed '/usr/share/zoneinfo/right/Antarctica/South_Pole'
removed '/usr/share/zoneinfo/right/Antarctica/McMurdo'
removed '/usr/share/zoneinfo/right/Antarctica/Rothera'
removed '/usr/share/zoneinfo/right/Antarctica/Macquarie'
removed '/usr/share/zoneinfo/right/Antarctica/Troll'
removed '/usr/share/zoneinfo/right/Antarctica/DumontDUrville'
removed '/usr/share/zoneinfo/right/Antarctica/Mawson'
removed '/usr/share/zoneinfo/right/Antarctica/Casey'
removed '/usr/share/zoneinfo/right/Antarctica/Palmer'
removed directory '/usr/share/zoneinfo/right/Antarctica'
removed '/usr/share/zoneinfo/right/Pacific/Enderbury'
removed '/usr/share/zoneinfo/right/Pacific/Samoa'
removed '/usr/share/zoneinfo/right/Pacific/Niue'
removed '/usr/share/zoneinfo/right/Pacific/Kosrae'
removed '/usr/share/zoneinfo/right/Pacific/Ponape'
removed '/usr/share/zoneinfo/right/Pacific/Galapagos'
removed '/usr/share/zoneinfo/right/Pacific/Majuro'
removed '/usr/share/zoneinfo/right/Pacific/Fakaofo'
removed '/usr/share/zoneinfo/right/Pacific/Chatham'
removed '/usr/share/zoneinfo/right/Pacific/Chuuk'
removed '/usr/share/zoneinfo/right/Pacific/Kanton'
removed '/usr/share/zoneinfo/right/Pacific/Funafuti'
removed '/usr/share/zoneinfo/right/Pacific/Gambier'
removed '/usr/share/zoneinfo/right/Pacific/Guadalcanal'
removed '/usr/share/zoneinfo/right/Pacific/Truk'
removed '/usr/share/zoneinfo/right/Pacific/Saipan'
removed '/usr/share/zoneinfo/right/Pacific/Wake'
removed '/usr/share/zoneinfo/right/Pacific/Fiji'
removed '/usr/share/zoneinfo/right/Pacific/Pitcairn'
removed '/usr/share/zoneinfo/right/Pacific/Norfolk'
removed '/usr/share/zoneinfo/right/Pacific/Apia'
removed '/usr/share/zoneinfo/right/Pacific/Kwajalein'
removed '/usr/share/zoneinfo/right/Pacific/Pago_Pago'
removed '/usr/share/zoneinfo/right/Pacific/Noumea'
removed '/usr/share/zoneinfo/right/Pacific/Tarawa'
removed '/usr/share/zoneinfo/right/Pacific/Johnston'
removed '/usr/share/zoneinfo/right/Pacific/Tongatapu'
removed '/usr/share/zoneinfo/right/Pacific/Tahiti'
removed '/usr/share/zoneinfo/right/Pacific/Palau'
removed '/usr/share/zoneinfo/right/Pacific/Nauru'
removed '/usr/share/zoneinfo/right/Pacific/Guam'
removed '/usr/share/zoneinfo/right/Pacific/Rarotonga'
removed '/usr/share/zoneinfo/right/Pacific/Pohnpei'
removed '/usr/share/zoneinfo/right/Pacific/Wallis'
removed '/usr/share/zoneinfo/right/Pacific/Bougainville'
removed '/usr/share/zoneinfo/right/Pacific/Honolulu'
removed '/usr/share/zoneinfo/right/Pacific/Yap'
removed '/usr/share/zoneinfo/right/Pacific/Port_Moresby'
removed '/usr/share/zoneinfo/right/Pacific/Efate'
removed '/usr/share/zoneinfo/right/Pacific/Auckland'
removed '/usr/share/zoneinfo/right/Pacific/Marquesas'
removed '/usr/share/zoneinfo/right/Pacific/Kiritimati'
removed '/usr/share/zoneinfo/right/Pacific/Midway'
removed '/usr/share/zoneinfo/right/Pacific/Easter'
removed directory '/usr/share/zoneinfo/right/Pacific'
removed '/usr/share/zoneinfo/right/WET'
removed '/usr/share/zoneinfo/right/Hongkong'
removed '/usr/share/zoneinfo/right/Kwajalein'
removed '/usr/share/zoneinfo/right/Israel'
removed '/usr/share/zoneinfo/right/Singapore'
removed '/usr/share/zoneinfo/right/Canada/Mountain'
removed '/usr/share/zoneinfo/right/Canada/Atlantic'
removed '/usr/share/zoneinfo/right/Canada/Pacific'
removed '/usr/share/zoneinfo/right/Canada/Saskatchewan'
removed '/usr/share/zoneinfo/right/Canada/Newfoundland'
removed '/usr/share/zoneinfo/right/Canada/Yukon'
removed '/usr/share/zoneinfo/right/Canada/Eastern'
removed '/usr/share/zoneinfo/right/Canada/Central'
removed directory '/usr/share/zoneinfo/right/Canada'
removed '/usr/share/zoneinfo/right/NZ'
removed '/usr/share/zoneinfo/right/ROC'
removed '/usr/share/zoneinfo/right/EST'
removed '/usr/share/zoneinfo/right/MST7MDT'
removed '/usr/share/zoneinfo/right/EET'
removed '/usr/share/zoneinfo/right/US/Samoa'
removed '/usr/share/zoneinfo/right/US/Arizona'
removed '/usr/share/zoneinfo/right/US/East-Indiana'
removed '/usr/share/zoneinfo/right/US/Mountain'
removed '/usr/share/zoneinfo/right/US/Alaska'
removed '/usr/share/zoneinfo/right/US/Pacific'
removed '/usr/share/zoneinfo/right/US/Aleutian'
removed '/usr/share/zoneinfo/right/US/Indiana-Starke'
removed '/usr/share/zoneinfo/right/US/Michigan'
removed '/usr/share/zoneinfo/right/US/Eastern'
removed '/usr/share/zoneinfo/right/US/Hawaii'
removed '/usr/share/zoneinfo/right/US/Central'
removed directory '/usr/share/zoneinfo/right/US'
removed '/usr/share/zoneinfo/right/Greenwich'
removed '/usr/share/zoneinfo/right/GB'
removed '/usr/share/zoneinfo/right/W-SU'
removed '/usr/share/zoneinfo/right/Eire'
removed '/usr/share/zoneinfo/right/Asia/Khandyga'
removed '/usr/share/zoneinfo/right/Asia/Yekaterinburg'
removed '/usr/share/zoneinfo/right/Asia/Karachi'
removed '/usr/share/zoneinfo/right/Asia/Yangon'
removed '/usr/share/zoneinfo/right/Asia/Hebron'
removed '/usr/share/zoneinfo/right/Asia/Vladivostok'
removed '/usr/share/zoneinfo/right/Asia/Yakutsk'
removed '/usr/share/zoneinfo/right/Asia/Kuala_Lumpur'
removed '/usr/share/zoneinfo/right/Asia/Pontianak'
removed '/usr/share/zoneinfo/right/Asia/Ho_Chi_Minh'
removed '/usr/share/zoneinfo/right/Asia/Bishkek'
removed '/usr/share/zoneinfo/right/Asia/Beirut'
removed '/usr/share/zoneinfo/right/Asia/Oral'
removed '/usr/share/zoneinfo/right/Asia/Kamchatka'
removed '/usr/share/zoneinfo/right/Asia/Macau'
removed '/usr/share/zoneinfo/right/Asia/Thimbu'
removed '/usr/share/zoneinfo/right/Asia/Ulaanbaatar'
removed '/usr/share/zoneinfo/right/Asia/Tomsk'
removed '/usr/share/zoneinfo/right/Asia/Calcutta'
removed '/usr/share/zoneinfo/right/Asia/Urumqi'
removed '/usr/share/zoneinfo/right/Asia/Kathmandu'
removed '/usr/share/zoneinfo/right/Asia/Nicosia'
removed '/usr/share/zoneinfo/right/Asia/Shanghai'
removed '/usr/share/zoneinfo/right/Asia/Taipei'
removed '/usr/share/zoneinfo/right/Asia/Chungking'
removed '/usr/share/zoneinfo/right/Asia/Hovd'
removed '/usr/share/zoneinfo/right/Asia/Ashgabat'
removed '/usr/share/zoneinfo/right/Asia/Kuching'
removed '/usr/share/zoneinfo/right/Asia/Tbilisi'
removed '/usr/share/zoneinfo/right/Asia/Aden'
removed '/usr/share/zoneinfo/right/Asia/Qatar'
removed '/usr/share/zoneinfo/right/Asia/Makassar'
removed '/usr/share/zoneinfo/right/Asia/Qyzylorda'
removed '/usr/share/zoneinfo/right/Asia/Ulan_Bator'
removed '/usr/share/zoneinfo/right/Asia/Jakarta'
removed '/usr/share/zoneinfo/right/Asia/Krasnoyarsk'
removed '/usr/share/zoneinfo/right/Asia/Kashgar'
removed '/usr/share/zoneinfo/right/Asia/Bangkok'
removed '/usr/share/zoneinfo/right/Asia/Amman'
removed '/usr/share/zoneinfo/right/Asia/Dubai'
removed '/usr/share/zoneinfo/right/Asia/Colombo'
removed '/usr/share/zoneinfo/right/Asia/Choibalsan'
removed '/usr/share/zoneinfo/right/Asia/Pyongyang'
removed '/usr/share/zoneinfo/right/Asia/Chongqing'
removed '/usr/share/zoneinfo/right/Asia/Seoul'
removed '/usr/share/zoneinfo/right/Asia/Manila'
removed '/usr/share/zoneinfo/right/Asia/Aqtobe'
removed '/usr/share/zoneinfo/right/Asia/Tashkent'
removed '/usr/share/zoneinfo/right/Asia/Gaza'
removed '/usr/share/zoneinfo/right/Asia/Vientiane'
removed '/usr/share/zoneinfo/right/Asia/Ujung_Pandang'
removed '/usr/share/zoneinfo/right/Asia/Riyadh'
removed '/usr/share/zoneinfo/right/Asia/Yerevan'
removed '/usr/share/zoneinfo/right/Asia/Tokyo'
removed '/usr/share/zoneinfo/right/Asia/Saigon'
removed '/usr/share/zoneinfo/right/Asia/Damascus'
removed '/usr/share/zoneinfo/right/Asia/Magadan'
removed '/usr/share/zoneinfo/right/Asia/Singapore'
removed '/usr/share/zoneinfo/right/Asia/Famagusta'
removed '/usr/share/zoneinfo/right/Asia/Istanbul'
removed '/usr/share/zoneinfo/right/Asia/Novokuznetsk'
removed '/usr/share/zoneinfo/right/Asia/Macao'
removed '/usr/share/zoneinfo/right/Asia/Anadyr'
removed '/usr/share/zoneinfo/right/Asia/Aqtau'
removed '/usr/share/zoneinfo/right/Asia/Hong_Kong'
removed '/usr/share/zoneinfo/right/Asia/Brunei'
removed '/usr/share/zoneinfo/right/Asia/Baku'
removed '/usr/share/zoneinfo/right/Asia/Samarkand'
removed '/usr/share/zoneinfo/right/Asia/Jayapura'
removed '/usr/share/zoneinfo/right/Asia/Almaty'
removed '/usr/share/zoneinfo/right/Asia/Tehran'
removed '/usr/share/zoneinfo/right/Asia/Ashkhabad'
removed '/usr/share/zoneinfo/right/Asia/Tel_Aviv'
removed '/usr/share/zoneinfo/right/Asia/Harbin'
removed '/usr/share/zoneinfo/right/Asia/Dacca'
removed '/usr/share/zoneinfo/right/Asia/Qostanay'
removed '/usr/share/zoneinfo/right/Asia/Sakhalin'
removed '/usr/share/zoneinfo/right/Asia/Rangoon'
removed '/usr/share/zoneinfo/right/Asia/Phnom_Penh'
removed '/usr/share/zoneinfo/right/Asia/Dili'
removed '/usr/share/zoneinfo/right/Asia/Dhaka'
removed '/usr/share/zoneinfo/right/Asia/Bahrain'
removed '/usr/share/zoneinfo/right/Asia/Chita'
removed '/usr/share/zoneinfo/right/Asia/Kuwait'
removed '/usr/share/zoneinfo/right/Asia/Kabul'
removed '/usr/share/zoneinfo/right/Asia/Dushanbe'
removed '/usr/share/zoneinfo/right/Asia/Novosibirsk'
removed '/usr/share/zoneinfo/right/Asia/Irkutsk'
removed '/usr/share/zoneinfo/right/Asia/Srednekolymsk'
removed '/usr/share/zoneinfo/right/Asia/Barnaul'
removed '/usr/share/zoneinfo/right/Asia/Omsk'
removed '/usr/share/zoneinfo/right/Asia/Jerusalem'
removed '/usr/share/zoneinfo/right/Asia/Atyrau'
removed '/usr/share/zoneinfo/right/Asia/Katmandu'
removed '/usr/share/zoneinfo/right/Asia/Baghdad'
removed '/usr/share/zoneinfo/right/Asia/Ust-Nera'
removed '/usr/share/zoneinfo/right/Asia/Kolkata'
removed '/usr/share/zoneinfo/right/Asia/Thimphu'
removed '/usr/share/zoneinfo/right/Asia/Muscat'
removed directory '/usr/share/zoneinfo/right/Asia'
removed '/usr/share/zoneinfo/right/Factory'
removed '/usr/share/zoneinfo/right/Mexico/BajaNorte'
removed '/usr/share/zoneinfo/right/Mexico/General'
removed '/usr/share/zoneinfo/right/Mexico/BajaSur'
removed directory '/usr/share/zoneinfo/right/Mexico'
removed '/usr/share/zoneinfo/right/MST'
removed '/usr/share/zoneinfo/right/CST6CDT'
removed '/usr/share/zoneinfo/right/UCT'
removed '/usr/share/zoneinfo/right/UTC'
removed '/usr/share/zoneinfo/right/America/Cordoba'
removed '/usr/share/zoneinfo/right/America/Barbados'
removed '/usr/share/zoneinfo/right/America/El_Salvador'
removed '/usr/share/zoneinfo/right/America/Atikokan'
removed '/usr/share/zoneinfo/right/America/Kentucky/Louisville'
removed '/usr/share/zoneinfo/right/America/Kentucky/Monticello'
removed directory '/usr/share/zoneinfo/right/America/Kentucky'
removed '/usr/share/zoneinfo/right/America/Santa_Isabel'
removed '/usr/share/zoneinfo/right/America/Swift_Current'
removed '/usr/share/zoneinfo/right/America/Denver'
removed '/usr/share/zoneinfo/right/America/Detroit'
removed '/usr/share/zoneinfo/right/America/Monterrey'
removed '/usr/share/zoneinfo/right/America/Cambridge_Bay'
removed '/usr/share/zoneinfo/right/America/St_Vincent'
removed '/usr/share/zoneinfo/right/America/Montevideo'
removed '/usr/share/zoneinfo/right/America/Atka'
removed '/usr/share/zoneinfo/right/America/Martinique'
removed '/usr/share/zoneinfo/right/America/Buenos_Aires'
removed '/usr/share/zoneinfo/right/America/Ensenada'
removed '/usr/share/zoneinfo/right/America/St_Thomas'
removed '/usr/share/zoneinfo/right/America/La_Paz'
removed '/usr/share/zoneinfo/right/America/Araguaina'
removed '/usr/share/zoneinfo/right/America/St_Kitts'
removed '/usr/share/zoneinfo/right/America/Juneau'
removed '/usr/share/zoneinfo/right/America/Grand_Turk'
removed '/usr/share/zoneinfo/right/America/Campo_Grande'
removed '/usr/share/zoneinfo/right/America/St_Barthelemy'
removed '/usr/share/zoneinfo/right/America/Port-au-Prince'
removed '/usr/share/zoneinfo/right/America/Santarem'
removed '/usr/share/zoneinfo/right/America/Jamaica'
removed '/usr/share/zoneinfo/right/America/Miquelon'
removed '/usr/share/zoneinfo/right/America/Indianapolis'
removed '/usr/share/zoneinfo/right/America/Paramaribo'
removed '/usr/share/zoneinfo/right/America/Asuncion'
removed '/usr/share/zoneinfo/right/America/Jujuy'
removed '/usr/share/zoneinfo/right/America/Tortola'
removed '/usr/share/zoneinfo/right/America/Curacao'
removed '/usr/share/zoneinfo/right/America/Rankin_Inlet'
removed '/usr/share/zoneinfo/right/America/Port_of_Spain'
removed '/usr/share/zoneinfo/right/America/Vancouver'
removed '/usr/share/zoneinfo/right/America/Fort_Wayne'
removed '/usr/share/zoneinfo/right/America/Manaus'
removed '/usr/share/zoneinfo/right/America/Tegucigalpa'
removed '/usr/share/zoneinfo/right/America/Metlakatla'
removed '/usr/share/zoneinfo/right/America/Yakutat'
removed '/usr/share/zoneinfo/right/America/Cuiaba'
removed '/usr/share/zoneinfo/right/America/Hermosillo'
removed '/usr/share/zoneinfo/right/America/Winnipeg'
removed '/usr/share/zoneinfo/right/America/Nassau'
removed '/usr/share/zoneinfo/right/America/Boise'
removed '/usr/share/zoneinfo/right/America/Kralendijk'
removed '/usr/share/zoneinfo/right/America/Halifax'
removed '/usr/share/zoneinfo/right/America/Sao_Paulo'
removed '/usr/share/zoneinfo/right/America/Sitka'
removed '/usr/share/zoneinfo/right/America/Cayenne'
removed '/usr/share/zoneinfo/right/America/Montserrat'
removed '/usr/share/zoneinfo/right/America/Cayman'
removed '/usr/share/zoneinfo/right/America/Moncton'
removed '/usr/share/zoneinfo/right/America/Costa_Rica'
removed '/usr/share/zoneinfo/right/America/New_York'
removed '/usr/share/zoneinfo/right/America/Grenada'
removed '/usr/share/zoneinfo/right/America/Thule'
removed '/usr/share/zoneinfo/right/America/Fort_Nelson'
removed '/usr/share/zoneinfo/right/America/Iqaluit'
removed '/usr/share/zoneinfo/right/America/Panama'
removed '/usr/share/zoneinfo/right/America/Montreal'
removed '/usr/share/zoneinfo/right/America/Menominee'
removed '/usr/share/zoneinfo/right/America/Glace_Bay'
removed '/usr/share/zoneinfo/right/America/Rainy_River'
removed '/usr/share/zoneinfo/right/America/Noronha'
removed '/usr/share/zoneinfo/right/America/Goose_Bay'
removed '/usr/share/zoneinfo/right/America/North_Dakota/Beulah'
removed '/usr/share/zoneinfo/right/America/North_Dakota/New_Salem'
removed '/usr/share/zoneinfo/right/America/North_Dakota/Center'
removed directory '/usr/share/zoneinfo/right/America/North_Dakota'
removed '/usr/share/zoneinfo/right/America/Creston'
removed '/usr/share/zoneinfo/right/America/Ciudad_Juarez'
removed '/usr/share/zoneinfo/right/America/Argentina/Cordoba'
removed '/usr/share/zoneinfo/right/America/Argentina/Salta'
removed '/usr/share/zoneinfo/right/America/Argentina/Tucuman'
removed '/usr/share/zoneinfo/right/America/Argentina/Buenos_Aires'
removed '/usr/share/zoneinfo/right/America/Argentina/Ushuaia'
removed '/usr/share/zoneinfo/right/America/Argentina/Jujuy'
removed '/usr/share/zoneinfo/right/America/Argentina/Mendoza'
removed '/usr/share/zoneinfo/right/America/Argentina/San_Luis'
removed '/usr/share/zoneinfo/right/America/Argentina/Rio_Gallegos'
removed '/usr/share/zoneinfo/right/America/Argentina/ComodRivadavia'
removed '/usr/share/zoneinfo/right/America/Argentina/San_Juan'
removed '/usr/share/zoneinfo/right/America/Argentina/Catamarca'
removed '/usr/share/zoneinfo/right/America/Argentina/La_Rioja'
removed directory '/usr/share/zoneinfo/right/America/Argentina'
removed '/usr/share/zoneinfo/right/America/Adak'
removed '/usr/share/zoneinfo/right/America/Shiprock'
removed '/usr/share/zoneinfo/right/America/Antigua'
removed '/usr/share/zoneinfo/right/America/Santo_Domingo'
removed '/usr/share/zoneinfo/right/America/Guyana'
removed '/usr/share/zoneinfo/right/America/Thunder_Bay'
removed '/usr/share/zoneinfo/right/America/Marigot'
removed '/usr/share/zoneinfo/right/America/Virgin'
removed '/usr/share/zoneinfo/right/America/Blanc-Sablon'
removed '/usr/share/zoneinfo/right/America/Lower_Princes'
removed '/usr/share/zoneinfo/right/America/Dawson_Creek'
removed '/usr/share/zoneinfo/right/America/Los_Angeles'
removed '/usr/share/zoneinfo/right/America/Guayaquil'
removed '/usr/share/zoneinfo/right/America/Managua'
removed '/usr/share/zoneinfo/right/America/Bahia_Banderas'
removed '/usr/share/zoneinfo/right/America/Indiana/Tell_City'
removed '/usr/share/zoneinfo/right/America/Indiana/Indianapolis'
removed '/usr/share/zoneinfo/right/America/Indiana/Petersburg'
removed '/usr/share/zoneinfo/right/America/Indiana/Vevay'
removed '/usr/share/zoneinfo/right/America/Indiana/Marengo'
removed '/usr/share/zoneinfo/right/America/Indiana/Knox'
removed '/usr/share/zoneinfo/right/America/Indiana/Winamac'
removed '/usr/share/zoneinfo/right/America/Indiana/Vincennes'
removed directory '/usr/share/zoneinfo/right/America/Indiana'
removed '/usr/share/zoneinfo/right/America/Havana'
removed '/usr/share/zoneinfo/right/America/Mendoza'
removed '/usr/share/zoneinfo/right/America/Fortaleza'
removed '/usr/share/zoneinfo/right/America/Inuvik'
removed '/usr/share/zoneinfo/right/America/Porto_Velho'
removed '/usr/share/zoneinfo/right/America/St_Johns'
removed '/usr/share/zoneinfo/right/America/Coral_Harbour'
removed '/usr/share/zoneinfo/right/America/Lima'
removed '/usr/share/zoneinfo/right/America/Bahia'
removed '/usr/share/zoneinfo/right/America/Boa_Vista'
removed '/usr/share/zoneinfo/right/America/Resolute'
removed '/usr/share/zoneinfo/right/America/Knox_IN'
removed '/usr/share/zoneinfo/right/America/Regina'
removed '/usr/share/zoneinfo/right/America/Nipigon'
removed '/usr/share/zoneinfo/right/America/Matamoros'
removed '/usr/share/zoneinfo/right/America/Nome'
removed '/usr/share/zoneinfo/right/America/Mexico_City'
removed '/usr/share/zoneinfo/right/America/Dominica'
removed '/usr/share/zoneinfo/right/America/Toronto'
removed '/usr/share/zoneinfo/right/America/Merida'
removed '/usr/share/zoneinfo/right/America/Cancun'
removed '/usr/share/zoneinfo/right/America/Aruba'
removed '/usr/share/zoneinfo/right/America/St_Lucia'
removed '/usr/share/zoneinfo/right/America/Anchorage'
removed '/usr/share/zoneinfo/right/America/Eirunepe'
removed '/usr/share/zoneinfo/right/America/Punta_Arenas'
removed '/usr/share/zoneinfo/right/America/Danmarkshavn'
removed '/usr/share/zoneinfo/right/America/Chicago'
removed '/usr/share/zoneinfo/right/America/Caracas'
removed '/usr/share/zoneinfo/right/America/Yellowknife'
removed '/usr/share/zoneinfo/right/America/Chihuahua'
removed '/usr/share/zoneinfo/right/America/Louisville'
removed '/usr/share/zoneinfo/right/America/Guadeloupe'
removed '/usr/share/zoneinfo/right/America/Belize'
removed '/usr/share/zoneinfo/right/America/Scoresbysund'
removed '/usr/share/zoneinfo/right/America/Puerto_Rico'
removed '/usr/share/zoneinfo/right/America/Recife'
removed '/usr/share/zoneinfo/right/America/Phoenix'
removed '/usr/share/zoneinfo/right/America/Santiago'
removed '/usr/share/zoneinfo/right/America/Tijuana'
removed '/usr/share/zoneinfo/right/America/Guatemala'
removed '/usr/share/zoneinfo/right/America/Anguilla'
removed '/usr/share/zoneinfo/right/America/Whitehorse'
removed '/usr/share/zoneinfo/right/America/Catamarca'
removed '/usr/share/zoneinfo/right/America/Edmonton'
removed '/usr/share/zoneinfo/right/America/Rio_Branco'
removed '/usr/share/zoneinfo/right/America/Belem'
removed '/usr/share/zoneinfo/right/America/Mazatlan'
removed '/usr/share/zoneinfo/right/America/Porto_Acre'
removed '/usr/share/zoneinfo/right/America/Bogota'
removed '/usr/share/zoneinfo/right/America/Rosario'
removed '/usr/share/zoneinfo/right/America/Godthab'
removed '/usr/share/zoneinfo/right/America/Ojinaga'
removed '/usr/share/zoneinfo/right/America/Dawson'
removed '/usr/share/zoneinfo/right/America/Pangnirtung'
removed '/usr/share/zoneinfo/right/America/Nuuk'
removed '/usr/share/zoneinfo/right/America/Maceio'
removed directory '/usr/share/zoneinfo/right/America'
removed '/usr/share/zoneinfo/right/Iran'
removed '/usr/share/zoneinfo/right/MET'
removed '/usr/share/zoneinfo/right/CET'
removed '/usr/share/zoneinfo/right/Etc/GMT+11'
removed '/usr/share/zoneinfo/right/Etc/GMT+8'
removed '/usr/share/zoneinfo/right/Etc/GMT'
removed '/usr/share/zoneinfo/right/Etc/GMT+4'
removed '/usr/share/zoneinfo/right/Etc/GMT-10'
removed '/usr/share/zoneinfo/right/Etc/GMT+2'
removed '/usr/share/zoneinfo/right/Etc/GMT+9'
removed '/usr/share/zoneinfo/right/Etc/GMT+0'
removed '/usr/share/zoneinfo/right/Etc/GMT0'
removed '/usr/share/zoneinfo/right/Etc/GMT-0'
removed '/usr/share/zoneinfo/right/Etc/GMT-13'
removed '/usr/share/zoneinfo/right/Etc/Universal'
removed '/usr/share/zoneinfo/right/Etc/GMT-5'
removed '/usr/share/zoneinfo/right/Etc/GMT-6'
removed '/usr/share/zoneinfo/right/Etc/GMT-4'
removed '/usr/share/zoneinfo/right/Etc/Zulu'
removed '/usr/share/zoneinfo/right/Etc/GMT+3'
removed '/usr/share/zoneinfo/right/Etc/GMT-7'
removed '/usr/share/zoneinfo/right/Etc/GMT+6'
removed '/usr/share/zoneinfo/right/Etc/GMT+7'
removed '/usr/share/zoneinfo/right/Etc/GMT-1'
removed '/usr/share/zoneinfo/right/Etc/Greenwich'
removed '/usr/share/zoneinfo/right/Etc/GMT-11'
removed '/usr/share/zoneinfo/right/Etc/GMT+10'
removed '/usr/share/zoneinfo/right/Etc/GMT-12'
removed '/usr/share/zoneinfo/right/Etc/GMT+12'
removed '/usr/share/zoneinfo/right/Etc/GMT-3'
removed '/usr/share/zoneinfo/right/Etc/GMT+5'
removed '/usr/share/zoneinfo/right/Etc/GMT-9'
removed '/usr/share/zoneinfo/right/Etc/GMT-2'
removed '/usr/share/zoneinfo/right/Etc/GMT+1'
removed '/usr/share/zoneinfo/right/Etc/UCT'
removed '/usr/share/zoneinfo/right/Etc/UTC'
removed '/usr/share/zoneinfo/right/Etc/GMT-14'
removed '/usr/share/zoneinfo/right/Etc/GMT-8'
removed directory '/usr/share/zoneinfo/right/Etc'
removed '/usr/share/zoneinfo/right/NZ-CHAT'
removed directory '/usr/share/zoneinfo/right'
removed '/usr/share/zoneinfo/Chile/EasterIsland'
removed '/usr/share/zoneinfo/Chile/Continental'
removed directory '/usr/share/zoneinfo/Chile'
removed '/usr/share/zoneinfo/Zulu'
removed '/usr/share/zoneinfo/Antarctica/Syowa'
removed '/usr/share/zoneinfo/Antarctica/Vostok'
removed '/usr/share/zoneinfo/Antarctica/Davis'
removed '/usr/share/zoneinfo/Antarctica/South_Pole'
removed '/usr/share/zoneinfo/Antarctica/McMurdo'
removed '/usr/share/zoneinfo/Antarctica/Rothera'
removed '/usr/share/zoneinfo/Antarctica/Macquarie'
removed '/usr/share/zoneinfo/Antarctica/Troll'
removed '/usr/share/zoneinfo/Antarctica/DumontDUrville'
removed '/usr/share/zoneinfo/Antarctica/Mawson'
removed '/usr/share/zoneinfo/Antarctica/Casey'
removed '/usr/share/zoneinfo/Antarctica/Palmer'
removed directory '/usr/share/zoneinfo/Antarctica'
removed '/usr/share/zoneinfo/Pacific/Enderbury'
removed '/usr/share/zoneinfo/Pacific/Samoa'
removed '/usr/share/zoneinfo/Pacific/Niue'
removed '/usr/share/zoneinfo/Pacific/Kosrae'
removed '/usr/share/zoneinfo/Pacific/Ponape'
removed '/usr/share/zoneinfo/Pacific/Galapagos'
removed '/usr/share/zoneinfo/Pacific/Majuro'
removed '/usr/share/zoneinfo/Pacific/Fakaofo'
removed '/usr/share/zoneinfo/Pacific/Chatham'
removed '/usr/share/zoneinfo/Pacific/Chuuk'
removed '/usr/share/zoneinfo/Pacific/Kanton'
removed '/usr/share/zoneinfo/Pacific/Funafuti'
removed '/usr/share/zoneinfo/Pacific/Gambier'
removed '/usr/share/zoneinfo/Pacific/Guadalcanal'
removed '/usr/share/zoneinfo/Pacific/Truk'
removed '/usr/share/zoneinfo/Pacific/Saipan'
removed '/usr/share/zoneinfo/Pacific/Wake'
removed '/usr/share/zoneinfo/Pacific/Fiji'
removed '/usr/share/zoneinfo/Pacific/Pitcairn'
removed '/usr/share/zoneinfo/Pacific/Norfolk'
removed '/usr/share/zoneinfo/Pacific/Apia'
removed '/usr/share/zoneinfo/Pacific/Kwajalein'
removed '/usr/share/zoneinfo/Pacific/Pago_Pago'
removed '/usr/share/zoneinfo/Pacific/Noumea'
removed '/usr/share/zoneinfo/Pacific/Tarawa'
removed '/usr/share/zoneinfo/Pacific/Johnston'
removed '/usr/share/zoneinfo/Pacific/Tongatapu'
removed '/usr/share/zoneinfo/Pacific/Tahiti'
removed '/usr/share/zoneinfo/Pacific/Palau'
removed '/usr/share/zoneinfo/Pacific/Nauru'
removed '/usr/share/zoneinfo/Pacific/Guam'
removed '/usr/share/zoneinfo/Pacific/Rarotonga'
removed '/usr/share/zoneinfo/Pacific/Pohnpei'
removed '/usr/share/zoneinfo/Pacific/Wallis'
removed '/usr/share/zoneinfo/Pacific/Bougainville'
removed '/usr/share/zoneinfo/Pacific/Honolulu'
removed '/usr/share/zoneinfo/Pacific/Yap'
removed '/usr/share/zoneinfo/Pacific/Port_Moresby'
removed '/usr/share/zoneinfo/Pacific/Efate'
removed '/usr/share/zoneinfo/Pacific/Auckland'
removed '/usr/share/zoneinfo/Pacific/Marquesas'
removed '/usr/share/zoneinfo/Pacific/Kiritimati'
removed '/usr/share/zoneinfo/Pacific/Midway'
removed '/usr/share/zoneinfo/Pacific/Easter'
removed directory '/usr/share/zoneinfo/Pacific'
removed '/usr/share/zoneinfo/WET'
removed '/usr/share/zoneinfo/Hongkong'
removed '/usr/share/zoneinfo/Kwajalein'
removed '/usr/share/zoneinfo/Israel'
removed '/usr/share/zoneinfo/Singapore'
removed '/usr/share/zoneinfo/Canada/Mountain'
removed '/usr/share/zoneinfo/Canada/Atlantic'
removed '/usr/share/zoneinfo/Canada/Pacific'
removed '/usr/share/zoneinfo/Canada/Saskatchewan'
removed '/usr/share/zoneinfo/Canada/Newfoundland'
removed '/usr/share/zoneinfo/Canada/Yukon'
removed '/usr/share/zoneinfo/Canada/Eastern'
removed '/usr/share/zoneinfo/Canada/Central'
removed directory '/usr/share/zoneinfo/Canada'
removed '/usr/share/zoneinfo/NZ'
removed '/usr/share/zoneinfo/ROC'
removed '/usr/share/zoneinfo/EST'
removed '/usr/share/zoneinfo/MST7MDT'
removed '/usr/share/zoneinfo/EET'
removed '/usr/share/zoneinfo/US/Samoa'
removed '/usr/share/zoneinfo/US/Arizona'
removed '/usr/share/zoneinfo/US/East-Indiana'
removed '/usr/share/zoneinfo/US/Mountain'
removed '/usr/share/zoneinfo/US/Alaska'
removed '/usr/share/zoneinfo/US/Pacific'
removed '/usr/share/zoneinfo/US/Aleutian'
removed '/usr/share/zoneinfo/US/Indiana-Starke'
removed '/usr/share/zoneinfo/US/Michigan'
removed '/usr/share/zoneinfo/US/Eastern'
removed '/usr/share/zoneinfo/US/Hawaii'
removed '/usr/share/zoneinfo/US/Central'
removed directory '/usr/share/zoneinfo/US'
removed '/usr/share/zoneinfo/Greenwich'
removed '/usr/share/zoneinfo/GB'
removed '/usr/share/zoneinfo/posix/Navajo'
removed '/usr/share/zoneinfo/posix/GMT'
removed '/usr/share/zoneinfo/posix/GB-Eire'
removed '/usr/share/zoneinfo/posix/PRC'
removed '/usr/share/zoneinfo/posix/Arctic/Longyearbyen'
removed directory '/usr/share/zoneinfo/posix/Arctic'
removed '/usr/share/zoneinfo/posix/Turkey'
removed '/usr/share/zoneinfo/posix/Cuba'
removed '/usr/share/zoneinfo/posix/PST8PDT'
removed '/usr/share/zoneinfo/posix/Portugal'
removed '/usr/share/zoneinfo/posix/Libya'
removed '/usr/share/zoneinfo/posix/HST'
removed '/usr/share/zoneinfo/posix/Jamaica'
removed '/usr/share/zoneinfo/posix/GMT+0'
removed '/usr/share/zoneinfo/posix/Indian/Maldives'
removed '/usr/share/zoneinfo/posix/Indian/Mauritius'
removed '/usr/share/zoneinfo/posix/Indian/Mayotte'
removed '/usr/share/zoneinfo/posix/Indian/Reunion'
removed '/usr/share/zoneinfo/posix/Indian/Chagos'
removed '/usr/share/zoneinfo/posix/Indian/Comoro'
removed '/usr/share/zoneinfo/posix/Indian/Cocos'
removed '/usr/share/zoneinfo/posix/Indian/Christmas'
removed '/usr/share/zoneinfo/posix/Indian/Antananarivo'
removed '/usr/share/zoneinfo/posix/Indian/Mahe'
removed '/usr/share/zoneinfo/posix/Indian/Kerguelen'
removed directory '/usr/share/zoneinfo/posix/Indian'
removed '/usr/share/zoneinfo/posix/Europe/Podgorica'
removed '/usr/share/zoneinfo/posix/Europe/Warsaw'
removed '/usr/share/zoneinfo/posix/Europe/Jersey'
removed '/usr/share/zoneinfo/posix/Europe/Mariehamn'
removed '/usr/share/zoneinfo/posix/Europe/Belgrade'
removed '/usr/share/zoneinfo/posix/Europe/Nicosia'
removed '/usr/share/zoneinfo/posix/Europe/Astrakhan'
removed '/usr/share/zoneinfo/posix/Europe/Vaduz'
removed '/usr/share/zoneinfo/posix/Europe/London'
removed '/usr/share/zoneinfo/posix/Europe/Samara'
removed '/usr/share/zoneinfo/posix/Europe/Kyiv'
removed '/usr/share/zoneinfo/posix/Europe/Volgograd'
removed '/usr/share/zoneinfo/posix/Europe/Vienna'
removed '/usr/share/zoneinfo/posix/Europe/Paris'
removed '/usr/share/zoneinfo/posix/Europe/Uzhgorod'
removed '/usr/share/zoneinfo/posix/Europe/Bucharest'
removed '/usr/share/zoneinfo/posix/Europe/Vatican'
removed '/usr/share/zoneinfo/posix/Europe/Kaliningrad'
removed '/usr/share/zoneinfo/posix/Europe/Budapest'
removed '/usr/share/zoneinfo/posix/Europe/Andorra'
removed '/usr/share/zoneinfo/posix/Europe/Rome'
removed '/usr/share/zoneinfo/posix/Europe/Dublin'
removed '/usr/share/zoneinfo/posix/Europe/Vilnius'
removed '/usr/share/zoneinfo/posix/Europe/Moscow'
removed '/usr/share/zoneinfo/posix/Europe/Lisbon'
removed '/usr/share/zoneinfo/posix/Europe/Monaco'
removed '/usr/share/zoneinfo/posix/Europe/Zagreb'
removed '/usr/share/zoneinfo/posix/Europe/Belfast'
removed '/usr/share/zoneinfo/posix/Europe/Ulyanovsk'
removed '/usr/share/zoneinfo/posix/Europe/Kirov'
removed '/usr/share/zoneinfo/posix/Europe/Malta'
removed '/usr/share/zoneinfo/posix/Europe/Busingen'
removed '/usr/share/zoneinfo/posix/Europe/Riga'
removed '/usr/share/zoneinfo/posix/Europe/Istanbul'
removed '/usr/share/zoneinfo/posix/Europe/Luxembourg'
removed '/usr/share/zoneinfo/posix/Europe/Gibraltar'
removed '/usr/share/zoneinfo/posix/Europe/Chisinau'
removed '/usr/share/zoneinfo/posix/Europe/Saratov'
removed '/usr/share/zoneinfo/posix/Europe/Ljubljana'
removed '/usr/share/zoneinfo/posix/Europe/Bratislava'
removed '/usr/share/zoneinfo/posix/Europe/Helsinki'
removed '/usr/share/zoneinfo/posix/Europe/Skopje'
removed '/usr/share/zoneinfo/posix/Europe/Tallinn'
removed '/usr/share/zoneinfo/posix/Europe/Simferopol'
removed '/usr/share/zoneinfo/posix/Europe/Minsk'
removed '/usr/share/zoneinfo/posix/Europe/Guernsey'
removed '/usr/share/zoneinfo/posix/Europe/San_Marino'
removed '/usr/share/zoneinfo/posix/Europe/Sarajevo'
removed '/usr/share/zoneinfo/posix/Europe/Zaporozhye'
removed '/usr/share/zoneinfo/posix/Europe/Berlin'
removed '/usr/share/zoneinfo/posix/Europe/Zurich'
removed '/usr/share/zoneinfo/posix/Europe/Isle_of_Man'
removed '/usr/share/zoneinfo/posix/Europe/Kiev'
removed '/usr/share/zoneinfo/posix/Europe/Brussels'
removed '/usr/share/zoneinfo/posix/Europe/Sofia'
removed '/usr/share/zoneinfo/posix/Europe/Tiraspol'
removed '/usr/share/zoneinfo/posix/Europe/Copenhagen'
removed '/usr/share/zoneinfo/posix/Europe/Madrid'
removed '/usr/share/zoneinfo/posix/Europe/Tirane'
removed '/usr/share/zoneinfo/posix/Europe/Amsterdam'
removed '/usr/share/zoneinfo/posix/Europe/Prague'
removed '/usr/share/zoneinfo/posix/Europe/Athens'
removed '/usr/share/zoneinfo/posix/Europe/Stockholm'
removed '/usr/share/zoneinfo/posix/Europe/Oslo'
removed directory '/usr/share/zoneinfo/posix/Europe'
removed '/usr/share/zoneinfo/posix/Poland'
removed '/usr/share/zoneinfo/posix/GMT0'
removed '/usr/share/zoneinfo/posix/GMT-0'
removed '/usr/share/zoneinfo/posix/Iceland'
removed '/usr/share/zoneinfo/posix/Australia/Hobart'
removed '/usr/share/zoneinfo/posix/Australia/Perth'
removed '/usr/share/zoneinfo/posix/Australia/Lord_Howe'
removed '/usr/share/zoneinfo/posix/Australia/South'
removed '/usr/share/zoneinfo/posix/Australia/Darwin'
removed '/usr/share/zoneinfo/posix/Australia/North'
removed '/usr/share/zoneinfo/posix/Australia/Broken_Hill'
removed '/usr/share/zoneinfo/posix/Australia/Queensland'
removed '/usr/share/zoneinfo/posix/Australia/Brisbane'
removed '/usr/share/zoneinfo/posix/Australia/Lindeman'
removed '/usr/share/zoneinfo/posix/Australia/West'
removed '/usr/share/zoneinfo/posix/Australia/Adelaide'
removed '/usr/share/zoneinfo/posix/Australia/Currie'
removed '/usr/share/zoneinfo/posix/Australia/Yancowinna'
removed '/usr/share/zoneinfo/posix/Australia/LHI'
removed '/usr/share/zoneinfo/posix/Australia/NSW'
removed '/usr/share/zoneinfo/posix/Australia/Victoria'
removed '/usr/share/zoneinfo/posix/Australia/Tasmania'
removed '/usr/share/zoneinfo/posix/Australia/Melbourne'
removed '/usr/share/zoneinfo/posix/Australia/Sydney'
removed '/usr/share/zoneinfo/posix/Australia/Eucla'
removed '/usr/share/zoneinfo/posix/Australia/ACT'
removed '/usr/share/zoneinfo/posix/Australia/Canberra'
removed directory '/usr/share/zoneinfo/posix/Australia'
removed '/usr/share/zoneinfo/posix/EST5EDT'
removed '/usr/share/zoneinfo/posix/Japan'
removed '/usr/share/zoneinfo/posix/Egypt'
removed '/usr/share/zoneinfo/posix/Africa/Malabo'
removed '/usr/share/zoneinfo/posix/Africa/Nouakchott'
removed '/usr/share/zoneinfo/posix/Africa/Lome'
removed '/usr/share/zoneinfo/posix/Africa/Banjul'
removed '/usr/share/zoneinfo/posix/Africa/Accra'
removed '/usr/share/zoneinfo/posix/Africa/Asmera'
removed '/usr/share/zoneinfo/posix/Africa/Bangui'
removed '/usr/share/zoneinfo/posix/Africa/Bissau'
removed '/usr/share/zoneinfo/posix/Africa/Johannesburg'
removed '/usr/share/zoneinfo/posix/Africa/Douala'
removed '/usr/share/zoneinfo/posix/Africa/Lubumbashi'
removed '/usr/share/zoneinfo/posix/Africa/Blantyre'
removed '/usr/share/zoneinfo/posix/Africa/Maseru'
removed '/usr/share/zoneinfo/posix/Africa/Tunis'
removed '/usr/share/zoneinfo/posix/Africa/Lagos'
removed '/usr/share/zoneinfo/posix/Africa/Brazzaville'
removed '/usr/share/zoneinfo/posix/Africa/Luanda'
removed '/usr/share/zoneinfo/posix/Africa/Timbuktu'
removed '/usr/share/zoneinfo/posix/Africa/Ndjamena'
removed '/usr/share/zoneinfo/posix/Africa/Conakry'
removed '/usr/share/zoneinfo/posix/Africa/Dar_es_Salaam'
removed '/usr/share/zoneinfo/posix/Africa/Bamako'
removed '/usr/share/zoneinfo/posix/Africa/Lusaka'
removed '/usr/share/zoneinfo/posix/Africa/Addis_Ababa'
removed '/usr/share/zoneinfo/posix/Africa/Abidjan'
removed '/usr/share/zoneinfo/posix/Africa/Nairobi'
removed '/usr/share/zoneinfo/posix/Africa/Dakar'
removed '/usr/share/zoneinfo/posix/Africa/Tripoli'
removed '/usr/share/zoneinfo/posix/Africa/Maputo'
removed '/usr/share/zoneinfo/posix/Africa/Khartoum'
removed '/usr/share/zoneinfo/posix/Africa/Algiers'
removed '/usr/share/zoneinfo/posix/Africa/Kinshasa'
removed '/usr/share/zoneinfo/posix/Africa/Harare'
removed '/usr/share/zoneinfo/posix/Africa/Djibouti'
removed '/usr/share/zoneinfo/posix/Africa/Monrovia'
removed '/usr/share/zoneinfo/posix/Africa/Kigali'
removed '/usr/share/zoneinfo/posix/Africa/Gaborone'
removed '/usr/share/zoneinfo/posix/Africa/Windhoek'
removed '/usr/share/zoneinfo/posix/Africa/Ouagadougou'
removed '/usr/share/zoneinfo/posix/Africa/Libreville'
removed '/usr/share/zoneinfo/posix/Africa/Casablanca'
removed '/usr/share/zoneinfo/posix/Africa/Sao_Tome'
removed '/usr/share/zoneinfo/posix/Africa/Niamey'
removed '/usr/share/zoneinfo/posix/Africa/Mogadishu'
removed '/usr/share/zoneinfo/posix/Africa/Mbabane'
removed '/usr/share/zoneinfo/posix/Africa/Porto-Novo'
removed '/usr/share/zoneinfo/posix/Africa/Kampala'
removed '/usr/share/zoneinfo/posix/Africa/Ceuta'
removed '/usr/share/zoneinfo/posix/Africa/Cairo'
removed '/usr/share/zoneinfo/posix/Africa/Freetown'
removed '/usr/share/zoneinfo/posix/Africa/El_Aaiun'
removed '/usr/share/zoneinfo/posix/Africa/Juba'
removed '/usr/share/zoneinfo/posix/Africa/Asmara'
removed '/usr/share/zoneinfo/posix/Africa/Bujumbura'
removed directory '/usr/share/zoneinfo/posix/Africa'
removed '/usr/share/zoneinfo/posix/Universal'
removed '/usr/share/zoneinfo/posix/Brazil/DeNoronha'
removed '/usr/share/zoneinfo/posix/Brazil/West'
removed '/usr/share/zoneinfo/posix/Brazil/East'
removed '/usr/share/zoneinfo/posix/Brazil/Acre'
removed directory '/usr/share/zoneinfo/posix/Brazil'
removed '/usr/share/zoneinfo/posix/Atlantic/Bermuda'
removed '/usr/share/zoneinfo/posix/Atlantic/Azores'
removed '/usr/share/zoneinfo/posix/Atlantic/Canary'
removed '/usr/share/zoneinfo/posix/Atlantic/Reykjavik'
removed '/usr/share/zoneinfo/posix/Atlantic/St_Helena'
removed '/usr/share/zoneinfo/posix/Atlantic/Madeira'
removed '/usr/share/zoneinfo/posix/Atlantic/South_Georgia'
removed '/usr/share/zoneinfo/posix/Atlantic/Faroe'
removed '/usr/share/zoneinfo/posix/Atlantic/Stanley'
removed '/usr/share/zoneinfo/posix/Atlantic/Cape_Verde'
removed '/usr/share/zoneinfo/posix/Atlantic/Faeroe'
removed '/usr/share/zoneinfo/posix/Atlantic/Jan_Mayen'
removed directory '/usr/share/zoneinfo/posix/Atlantic'
removed '/usr/share/zoneinfo/posix/ROK'
removed '/usr/share/zoneinfo/posix/Chile/EasterIsland'
removed '/usr/share/zoneinfo/posix/Chile/Continental'
removed directory '/usr/share/zoneinfo/posix/Chile'
removed '/usr/share/zoneinfo/posix/Zulu'
removed '/usr/share/zoneinfo/posix/Antarctica/Syowa'
removed '/usr/share/zoneinfo/posix/Antarctica/Vostok'
removed '/usr/share/zoneinfo/posix/Antarctica/Davis'
removed '/usr/share/zoneinfo/posix/Antarctica/South_Pole'
removed '/usr/share/zoneinfo/posix/Antarctica/McMurdo'
removed '/usr/share/zoneinfo/posix/Antarctica/Rothera'
removed '/usr/share/zoneinfo/posix/Antarctica/Macquarie'
removed '/usr/share/zoneinfo/posix/Antarctica/Troll'
removed '/usr/share/zoneinfo/posix/Antarctica/DumontDUrville'
removed '/usr/share/zoneinfo/posix/Antarctica/Mawson'
removed '/usr/share/zoneinfo/posix/Antarctica/Casey'
removed '/usr/share/zoneinfo/posix/Antarctica/Palmer'
removed directory '/usr/share/zoneinfo/posix/Antarctica'
removed '/usr/share/zoneinfo/posix/Pacific/Enderbury'
removed '/usr/share/zoneinfo/posix/Pacific/Samoa'
removed '/usr/share/zoneinfo/posix/Pacific/Niue'
removed '/usr/share/zoneinfo/posix/Pacific/Kosrae'
removed '/usr/share/zoneinfo/posix/Pacific/Ponape'
removed '/usr/share/zoneinfo/posix/Pacific/Galapagos'
removed '/usr/share/zoneinfo/posix/Pacific/Majuro'
removed '/usr/share/zoneinfo/posix/Pacific/Fakaofo'
removed '/usr/share/zoneinfo/posix/Pacific/Chatham'
removed '/usr/share/zoneinfo/posix/Pacific/Chuuk'
removed '/usr/share/zoneinfo/posix/Pacific/Kanton'
removed '/usr/share/zoneinfo/posix/Pacific/Funafuti'
removed '/usr/share/zoneinfo/posix/Pacific/Gambier'
removed '/usr/share/zoneinfo/posix/Pacific/Guadalcanal'
removed '/usr/share/zoneinfo/posix/Pacific/Truk'
removed '/usr/share/zoneinfo/posix/Pacific/Saipan'
removed '/usr/share/zoneinfo/posix/Pacific/Wake'
removed '/usr/share/zoneinfo/posix/Pacific/Fiji'
removed '/usr/share/zoneinfo/posix/Pacific/Pitcairn'
removed '/usr/share/zoneinfo/posix/Pacific/Norfolk'
removed '/usr/share/zoneinfo/posix/Pacific/Apia'
removed '/usr/share/zoneinfo/posix/Pacific/Kwajalein'
removed '/usr/share/zoneinfo/posix/Pacific/Pago_Pago'
removed '/usr/share/zoneinfo/posix/Pacific/Noumea'
removed '/usr/share/zoneinfo/posix/Pacific/Tarawa'
removed '/usr/share/zoneinfo/posix/Pacific/Johnston'
removed '/usr/share/zoneinfo/posix/Pacific/Tongatapu'
removed '/usr/share/zoneinfo/posix/Pacific/Tahiti'
removed '/usr/share/zoneinfo/posix/Pacific/Palau'
removed '/usr/share/zoneinfo/posix/Pacific/Nauru'
removed '/usr/share/zoneinfo/posix/Pacific/Guam'
removed '/usr/share/zoneinfo/posix/Pacific/Rarotonga'
removed '/usr/share/zoneinfo/posix/Pacific/Pohnpei'
removed '/usr/share/zoneinfo/posix/Pacific/Wallis'
removed '/usr/share/zoneinfo/posix/Pacific/Bougainville'
removed '/usr/share/zoneinfo/posix/Pacific/Honolulu'
removed '/usr/share/zoneinfo/posix/Pacific/Yap'
removed '/usr/share/zoneinfo/posix/Pacific/Port_Moresby'
removed '/usr/share/zoneinfo/posix/Pacific/Efate'
removed '/usr/share/zoneinfo/posix/Pacific/Auckland'
removed '/usr/share/zoneinfo/posix/Pacific/Marquesas'
removed '/usr/share/zoneinfo/posix/Pacific/Kiritimati'
removed '/usr/share/zoneinfo/posix/Pacific/Midway'
removed '/usr/share/zoneinfo/posix/Pacific/Easter'
removed directory '/usr/share/zoneinfo/posix/Pacific'
removed '/usr/share/zoneinfo/posix/WET'
removed '/usr/share/zoneinfo/posix/Hongkong'
removed '/usr/share/zoneinfo/posix/Kwajalein'
removed '/usr/share/zoneinfo/posix/Israel'
removed '/usr/share/zoneinfo/posix/Singapore'
removed '/usr/share/zoneinfo/posix/Canada/Mountain'
removed '/usr/share/zoneinfo/posix/Canada/Atlantic'
removed '/usr/share/zoneinfo/posix/Canada/Pacific'
removed '/usr/share/zoneinfo/posix/Canada/Saskatchewan'
removed '/usr/share/zoneinfo/posix/Canada/Newfoundland'
removed '/usr/share/zoneinfo/posix/Canada/Yukon'
removed '/usr/share/zoneinfo/posix/Canada/Eastern'
removed '/usr/share/zoneinfo/posix/Canada/Central'
removed directory '/usr/share/zoneinfo/posix/Canada'
removed '/usr/share/zoneinfo/posix/NZ'
removed '/usr/share/zoneinfo/posix/ROC'
removed '/usr/share/zoneinfo/posix/EST'
removed '/usr/share/zoneinfo/posix/MST7MDT'
removed '/usr/share/zoneinfo/posix/EET'
removed '/usr/share/zoneinfo/posix/US/Samoa'
removed '/usr/share/zoneinfo/posix/US/Arizona'
removed '/usr/share/zoneinfo/posix/US/East-Indiana'
removed '/usr/share/zoneinfo/posix/US/Mountain'
removed '/usr/share/zoneinfo/posix/US/Alaska'
removed '/usr/share/zoneinfo/posix/US/Pacific'
removed '/usr/share/zoneinfo/posix/US/Aleutian'
removed '/usr/share/zoneinfo/posix/US/Indiana-Starke'
removed '/usr/share/zoneinfo/posix/US/Michigan'
removed '/usr/share/zoneinfo/posix/US/Eastern'
removed '/usr/share/zoneinfo/posix/US/Hawaii'
removed '/usr/share/zoneinfo/posix/US/Central'
removed directory '/usr/share/zoneinfo/posix/US'
removed '/usr/share/zoneinfo/posix/Greenwich'
removed '/usr/share/zoneinfo/posix/GB'
removed '/usr/share/zoneinfo/posix/W-SU'
removed '/usr/share/zoneinfo/posix/Eire'
removed '/usr/share/zoneinfo/posix/Asia/Khandyga'
removed '/usr/share/zoneinfo/posix/Asia/Yekaterinburg'
removed '/usr/share/zoneinfo/posix/Asia/Karachi'
removed '/usr/share/zoneinfo/posix/Asia/Yangon'
removed '/usr/share/zoneinfo/posix/Asia/Hebron'
removed '/usr/share/zoneinfo/posix/Asia/Vladivostok'
removed '/usr/share/zoneinfo/posix/Asia/Yakutsk'
removed '/usr/share/zoneinfo/posix/Asia/Kuala_Lumpur'
removed '/usr/share/zoneinfo/posix/Asia/Pontianak'
removed '/usr/share/zoneinfo/posix/Asia/Ho_Chi_Minh'
removed '/usr/share/zoneinfo/posix/Asia/Bishkek'
removed '/usr/share/zoneinfo/posix/Asia/Beirut'
removed '/usr/share/zoneinfo/posix/Asia/Oral'
removed '/usr/share/zoneinfo/posix/Asia/Kamchatka'
removed '/usr/share/zoneinfo/posix/Asia/Macau'
removed '/usr/share/zoneinfo/posix/Asia/Thimbu'
removed '/usr/share/zoneinfo/posix/Asia/Ulaanbaatar'
removed '/usr/share/zoneinfo/posix/Asia/Tomsk'
removed '/usr/share/zoneinfo/posix/Asia/Calcutta'
removed '/usr/share/zoneinfo/posix/Asia/Urumqi'
removed '/usr/share/zoneinfo/posix/Asia/Kathmandu'
removed '/usr/share/zoneinfo/posix/Asia/Nicosia'
removed '/usr/share/zoneinfo/posix/Asia/Shanghai'
removed '/usr/share/zoneinfo/posix/Asia/Taipei'
removed '/usr/share/zoneinfo/posix/Asia/Chungking'
removed '/usr/share/zoneinfo/posix/Asia/Hovd'
removed '/usr/share/zoneinfo/posix/Asia/Ashgabat'
removed '/usr/share/zoneinfo/posix/Asia/Kuching'
removed '/usr/share/zoneinfo/posix/Asia/Tbilisi'
removed '/usr/share/zoneinfo/posix/Asia/Aden'
removed '/usr/share/zoneinfo/posix/Asia/Qatar'
removed '/usr/share/zoneinfo/posix/Asia/Makassar'
removed '/usr/share/zoneinfo/posix/Asia/Qyzylorda'
removed '/usr/share/zoneinfo/posix/Asia/Ulan_Bator'
removed '/usr/share/zoneinfo/posix/Asia/Jakarta'
removed '/usr/share/zoneinfo/posix/Asia/Krasnoyarsk'
removed '/usr/share/zoneinfo/posix/Asia/Kashgar'
removed '/usr/share/zoneinfo/posix/Asia/Bangkok'
removed '/usr/share/zoneinfo/posix/Asia/Amman'
removed '/usr/share/zoneinfo/posix/Asia/Dubai'
removed '/usr/share/zoneinfo/posix/Asia/Colombo'
removed '/usr/share/zoneinfo/posix/Asia/Choibalsan'
removed '/usr/share/zoneinfo/posix/Asia/Pyongyang'
removed '/usr/share/zoneinfo/posix/Asia/Chongqing'
removed '/usr/share/zoneinfo/posix/Asia/Seoul'
removed '/usr/share/zoneinfo/posix/Asia/Manila'
removed '/usr/share/zoneinfo/posix/Asia/Aqtobe'
removed '/usr/share/zoneinfo/posix/Asia/Tashkent'
removed '/usr/share/zoneinfo/posix/Asia/Gaza'
removed '/usr/share/zoneinfo/posix/Asia/Vientiane'
removed '/usr/share/zoneinfo/posix/Asia/Ujung_Pandang'
removed '/usr/share/zoneinfo/posix/Asia/Riyadh'
removed '/usr/share/zoneinfo/posix/Asia/Yerevan'
removed '/usr/share/zoneinfo/posix/Asia/Tokyo'
removed '/usr/share/zoneinfo/posix/Asia/Saigon'
removed '/usr/share/zoneinfo/posix/Asia/Damascus'
removed '/usr/share/zoneinfo/posix/Asia/Magadan'
removed '/usr/share/zoneinfo/posix/Asia/Singapore'
removed '/usr/share/zoneinfo/posix/Asia/Famagusta'
removed '/usr/share/zoneinfo/posix/Asia/Istanbul'
removed '/usr/share/zoneinfo/posix/Asia/Novokuznetsk'
removed '/usr/share/zoneinfo/posix/Asia/Macao'
removed '/usr/share/zoneinfo/posix/Asia/Anadyr'
removed '/usr/share/zoneinfo/posix/Asia/Aqtau'
removed '/usr/share/zoneinfo/posix/Asia/Hong_Kong'
removed '/usr/share/zoneinfo/posix/Asia/Brunei'
removed '/usr/share/zoneinfo/posix/Asia/Baku'
removed '/usr/share/zoneinfo/posix/Asia/Samarkand'
removed '/usr/share/zoneinfo/posix/Asia/Jayapura'
removed '/usr/share/zoneinfo/posix/Asia/Almaty'
removed '/usr/share/zoneinfo/posix/Asia/Tehran'
removed '/usr/share/zoneinfo/posix/Asia/Ashkhabad'
removed '/usr/share/zoneinfo/posix/Asia/Tel_Aviv'
removed '/usr/share/zoneinfo/posix/Asia/Harbin'
removed '/usr/share/zoneinfo/posix/Asia/Dacca'
removed '/usr/share/zoneinfo/posix/Asia/Qostanay'
removed '/usr/share/zoneinfo/posix/Asia/Sakhalin'
removed '/usr/share/zoneinfo/posix/Asia/Rangoon'
removed '/usr/share/zoneinfo/posix/Asia/Phnom_Penh'
removed '/usr/share/zoneinfo/posix/Asia/Dili'
removed '/usr/share/zoneinfo/posix/Asia/Dhaka'
removed '/usr/share/zoneinfo/posix/Asia/Bahrain'
removed '/usr/share/zoneinfo/posix/Asia/Chita'
removed '/usr/share/zoneinfo/posix/Asia/Kuwait'
removed '/usr/share/zoneinfo/posix/Asia/Kabul'
removed '/usr/share/zoneinfo/posix/Asia/Dushanbe'
removed '/usr/share/zoneinfo/posix/Asia/Novosibirsk'
removed '/usr/share/zoneinfo/posix/Asia/Irkutsk'
removed '/usr/share/zoneinfo/posix/Asia/Srednekolymsk'
removed '/usr/share/zoneinfo/posix/Asia/Barnaul'
removed '/usr/share/zoneinfo/posix/Asia/Omsk'
removed '/usr/share/zoneinfo/posix/Asia/Jerusalem'
removed '/usr/share/zoneinfo/posix/Asia/Atyrau'
removed '/usr/share/zoneinfo/posix/Asia/Katmandu'
removed '/usr/share/zoneinfo/posix/Asia/Baghdad'
removed '/usr/share/zoneinfo/posix/Asia/Ust-Nera'
removed '/usr/share/zoneinfo/posix/Asia/Kolkata'
removed '/usr/share/zoneinfo/posix/Asia/Thimphu'
removed '/usr/share/zoneinfo/posix/Asia/Muscat'
removed directory '/usr/share/zoneinfo/posix/Asia'
removed '/usr/share/zoneinfo/posix/Factory'
removed '/usr/share/zoneinfo/posix/Mexico/BajaNorte'
removed '/usr/share/zoneinfo/posix/Mexico/General'
removed '/usr/share/zoneinfo/posix/Mexico/BajaSur'
removed directory '/usr/share/zoneinfo/posix/Mexico'
removed '/usr/share/zoneinfo/posix/MST'
removed '/usr/share/zoneinfo/posix/CST6CDT'
removed '/usr/share/zoneinfo/posix/UCT'
removed '/usr/share/zoneinfo/posix/UTC'
removed '/usr/share/zoneinfo/posix/America/Cordoba'
removed '/usr/share/zoneinfo/posix/America/Barbados'
removed '/usr/share/zoneinfo/posix/America/El_Salvador'
removed '/usr/share/zoneinfo/posix/America/Atikokan'
removed '/usr/share/zoneinfo/posix/America/Kentucky/Louisville'
removed '/usr/share/zoneinfo/posix/America/Kentucky/Monticello'
removed directory '/usr/share/zoneinfo/posix/America/Kentucky'
removed '/usr/share/zoneinfo/posix/America/Santa_Isabel'
removed '/usr/share/zoneinfo/posix/America/Swift_Current'
removed '/usr/share/zoneinfo/posix/America/Denver'
removed '/usr/share/zoneinfo/posix/America/Detroit'
removed '/usr/share/zoneinfo/posix/America/Monterrey'
removed '/usr/share/zoneinfo/posix/America/Cambridge_Bay'
removed '/usr/share/zoneinfo/posix/America/St_Vincent'
removed '/usr/share/zoneinfo/posix/America/Montevideo'
removed '/usr/share/zoneinfo/posix/America/Atka'
removed '/usr/share/zoneinfo/posix/America/Martinique'
removed '/usr/share/zoneinfo/posix/America/Buenos_Aires'
removed '/usr/share/zoneinfo/posix/America/Ensenada'
removed '/usr/share/zoneinfo/posix/America/St_Thomas'
removed '/usr/share/zoneinfo/posix/America/La_Paz'
removed '/usr/share/zoneinfo/posix/America/Araguaina'
removed '/usr/share/zoneinfo/posix/America/St_Kitts'
removed '/usr/share/zoneinfo/posix/America/Juneau'
removed '/usr/share/zoneinfo/posix/America/Grand_Turk'
removed '/usr/share/zoneinfo/posix/America/Campo_Grande'
removed '/usr/share/zoneinfo/posix/America/St_Barthelemy'
removed '/usr/share/zoneinfo/posix/America/Port-au-Prince'
removed '/usr/share/zoneinfo/posix/America/Santarem'
removed '/usr/share/zoneinfo/posix/America/Jamaica'
removed '/usr/share/zoneinfo/posix/America/Miquelon'
removed '/usr/share/zoneinfo/posix/America/Indianapolis'
removed '/usr/share/zoneinfo/posix/America/Paramaribo'
removed '/usr/share/zoneinfo/posix/America/Asuncion'
removed '/usr/share/zoneinfo/posix/America/Jujuy'
removed '/usr/share/zoneinfo/posix/America/Tortola'
removed '/usr/share/zoneinfo/posix/America/Curacao'
removed '/usr/share/zoneinfo/posix/America/Rankin_Inlet'
removed '/usr/share/zoneinfo/posix/America/Port_of_Spain'
removed '/usr/share/zoneinfo/posix/America/Vancouver'
removed '/usr/share/zoneinfo/posix/America/Fort_Wayne'
removed '/usr/share/zoneinfo/posix/America/Manaus'
removed '/usr/share/zoneinfo/posix/America/Tegucigalpa'
removed '/usr/share/zoneinfo/posix/America/Metlakatla'
removed '/usr/share/zoneinfo/posix/America/Yakutat'
removed '/usr/share/zoneinfo/posix/America/Cuiaba'
removed '/usr/share/zoneinfo/posix/America/Hermosillo'
removed '/usr/share/zoneinfo/posix/America/Winnipeg'
removed '/usr/share/zoneinfo/posix/America/Nassau'
removed '/usr/share/zoneinfo/posix/America/Boise'
removed '/usr/share/zoneinfo/posix/America/Kralendijk'
removed '/usr/share/zoneinfo/posix/America/Halifax'
removed '/usr/share/zoneinfo/posix/America/Sao_Paulo'
removed '/usr/share/zoneinfo/posix/America/Sitka'
removed '/usr/share/zoneinfo/posix/America/Cayenne'
removed '/usr/share/zoneinfo/posix/America/Montserrat'
removed '/usr/share/zoneinfo/posix/America/Cayman'
removed '/usr/share/zoneinfo/posix/America/Moncton'
removed '/usr/share/zoneinfo/posix/America/Costa_Rica'
removed '/usr/share/zoneinfo/posix/America/New_York'
removed '/usr/share/zoneinfo/posix/America/Grenada'
removed '/usr/share/zoneinfo/posix/America/Thule'
removed '/usr/share/zoneinfo/posix/America/Fort_Nelson'
removed '/usr/share/zoneinfo/posix/America/Iqaluit'
removed '/usr/share/zoneinfo/posix/America/Panama'
removed '/usr/share/zoneinfo/posix/America/Montreal'
removed '/usr/share/zoneinfo/posix/America/Menominee'
removed '/usr/share/zoneinfo/posix/America/Glace_Bay'
removed '/usr/share/zoneinfo/posix/America/Rainy_River'
removed '/usr/share/zoneinfo/posix/America/Noronha'
removed '/usr/share/zoneinfo/posix/America/Goose_Bay'
removed '/usr/share/zoneinfo/posix/America/North_Dakota/Beulah'
removed '/usr/share/zoneinfo/posix/America/North_Dakota/New_Salem'
removed '/usr/share/zoneinfo/posix/America/North_Dakota/Center'
removed directory '/usr/share/zoneinfo/posix/America/North_Dakota'
removed '/usr/share/zoneinfo/posix/America/Creston'
removed '/usr/share/zoneinfo/posix/America/Ciudad_Juarez'
removed '/usr/share/zoneinfo/posix/America/Argentina/Cordoba'
removed '/usr/share/zoneinfo/posix/America/Argentina/Salta'
removed '/usr/share/zoneinfo/posix/America/Argentina/Tucuman'
removed '/usr/share/zoneinfo/posix/America/Argentina/Buenos_Aires'
removed '/usr/share/zoneinfo/posix/America/Argentina/Ushuaia'
removed '/usr/share/zoneinfo/posix/America/Argentina/Jujuy'
removed '/usr/share/zoneinfo/posix/America/Argentina/Mendoza'
removed '/usr/share/zoneinfo/posix/America/Argentina/San_Luis'
removed '/usr/share/zoneinfo/posix/America/Argentina/Rio_Gallegos'
removed '/usr/share/zoneinfo/posix/America/Argentina/ComodRivadavia'
removed '/usr/share/zoneinfo/posix/America/Argentina/San_Juan'
removed '/usr/share/zoneinfo/posix/America/Argentina/Catamarca'
removed '/usr/share/zoneinfo/posix/America/Argentina/La_Rioja'
removed directory '/usr/share/zoneinfo/posix/America/Argentina'
removed '/usr/share/zoneinfo/posix/America/Adak'
removed '/usr/share/zoneinfo/posix/America/Shiprock'
removed '/usr/share/zoneinfo/posix/America/Antigua'
removed '/usr/share/zoneinfo/posix/America/Santo_Domingo'
removed '/usr/share/zoneinfo/posix/America/Guyana'
removed '/usr/share/zoneinfo/posix/America/Thunder_Bay'
removed '/usr/share/zoneinfo/posix/America/Marigot'
removed '/usr/share/zoneinfo/posix/America/Virgin'
removed '/usr/share/zoneinfo/posix/America/Blanc-Sablon'
removed '/usr/share/zoneinfo/posix/America/Lower_Princes'
removed '/usr/share/zoneinfo/posix/America/Dawson_Creek'
removed '/usr/share/zoneinfo/posix/America/Los_Angeles'
removed '/usr/share/zoneinfo/posix/America/Guayaquil'
removed '/usr/share/zoneinfo/posix/America/Managua'
removed '/usr/share/zoneinfo/posix/America/Bahia_Banderas'
removed '/usr/share/zoneinfo/posix/America/Indiana/Tell_City'
removed '/usr/share/zoneinfo/posix/America/Indiana/Indianapolis'
removed '/usr/share/zoneinfo/posix/America/Indiana/Petersburg'
removed '/usr/share/zoneinfo/posix/America/Indiana/Vevay'
removed '/usr/share/zoneinfo/posix/America/Indiana/Marengo'
removed '/usr/share/zoneinfo/posix/America/Indiana/Knox'
removed '/usr/share/zoneinfo/posix/America/Indiana/Winamac'
removed '/usr/share/zoneinfo/posix/America/Indiana/Vincennes'
removed directory '/usr/share/zoneinfo/posix/America/Indiana'
removed '/usr/share/zoneinfo/posix/America/Havana'
removed '/usr/share/zoneinfo/posix/America/Mendoza'
removed '/usr/share/zoneinfo/posix/America/Fortaleza'
removed '/usr/share/zoneinfo/posix/America/Inuvik'
removed '/usr/share/zoneinfo/posix/America/Porto_Velho'
removed '/usr/share/zoneinfo/posix/America/St_Johns'
removed '/usr/share/zoneinfo/posix/America/Coral_Harbour'
removed '/usr/share/zoneinfo/posix/America/Lima'
removed '/usr/share/zoneinfo/posix/America/Bahia'
removed '/usr/share/zoneinfo/posix/America/Boa_Vista'
removed '/usr/share/zoneinfo/posix/America/Resolute'
removed '/usr/share/zoneinfo/posix/America/Knox_IN'
removed '/usr/share/zoneinfo/posix/America/Regina'
removed '/usr/share/zoneinfo/posix/America/Nipigon'
removed '/usr/share/zoneinfo/posix/America/Matamoros'
removed '/usr/share/zoneinfo/posix/America/Nome'
removed '/usr/share/zoneinfo/posix/America/Mexico_City'
removed '/usr/share/zoneinfo/posix/America/Dominica'
removed '/usr/share/zoneinfo/posix/America/Toronto'
removed '/usr/share/zoneinfo/posix/America/Merida'
removed '/usr/share/zoneinfo/posix/America/Cancun'
removed '/usr/share/zoneinfo/posix/America/Aruba'
removed '/usr/share/zoneinfo/posix/America/St_Lucia'
removed '/usr/share/zoneinfo/posix/America/Anchorage'
removed '/usr/share/zoneinfo/posix/America/Eirunepe'
removed '/usr/share/zoneinfo/posix/America/Punta_Arenas'
removed '/usr/share/zoneinfo/posix/America/Danmarkshavn'
removed '/usr/share/zoneinfo/posix/America/Chicago'
removed '/usr/share/zoneinfo/posix/America/Caracas'
removed '/usr/share/zoneinfo/posix/America/Yellowknife'
removed '/usr/share/zoneinfo/posix/America/Chihuahua'
removed '/usr/share/zoneinfo/posix/America/Louisville'
removed '/usr/share/zoneinfo/posix/America/Guadeloupe'
removed '/usr/share/zoneinfo/posix/America/Belize'
removed '/usr/share/zoneinfo/posix/America/Scoresbysund'
removed '/usr/share/zoneinfo/posix/America/Puerto_Rico'
removed '/usr/share/zoneinfo/posix/America/Recife'
removed '/usr/share/zoneinfo/posix/America/Phoenix'
removed '/usr/share/zoneinfo/posix/America/Santiago'
removed '/usr/share/zoneinfo/posix/America/Tijuana'
removed '/usr/share/zoneinfo/posix/America/Guatemala'
removed '/usr/share/zoneinfo/posix/America/Anguilla'
removed '/usr/share/zoneinfo/posix/America/Whitehorse'
removed '/usr/share/zoneinfo/posix/America/Catamarca'
removed '/usr/share/zoneinfo/posix/America/Edmonton'
removed '/usr/share/zoneinfo/posix/America/Rio_Branco'
removed '/usr/share/zoneinfo/posix/America/Belem'
removed '/usr/share/zoneinfo/posix/America/Mazatlan'
removed '/usr/share/zoneinfo/posix/America/Porto_Acre'
removed '/usr/share/zoneinfo/posix/America/Bogota'
removed '/usr/share/zoneinfo/posix/America/Rosario'
removed '/usr/share/zoneinfo/posix/America/Godthab'
removed '/usr/share/zoneinfo/posix/America/Ojinaga'
removed '/usr/share/zoneinfo/posix/America/Dawson'
removed '/usr/share/zoneinfo/posix/America/Pangnirtung'
removed '/usr/share/zoneinfo/posix/America/Nuuk'
removed '/usr/share/zoneinfo/posix/America/Maceio'
removed directory '/usr/share/zoneinfo/posix/America'
removed '/usr/share/zoneinfo/posix/Iran'
removed '/usr/share/zoneinfo/posix/MET'
removed '/usr/share/zoneinfo/posix/CET'
removed '/usr/share/zoneinfo/posix/Etc/GMT+11'
removed '/usr/share/zoneinfo/posix/Etc/GMT+8'
removed '/usr/share/zoneinfo/posix/Etc/GMT'
removed '/usr/share/zoneinfo/posix/Etc/GMT+4'
removed '/usr/share/zoneinfo/posix/Etc/GMT-10'
removed '/usr/share/zoneinfo/posix/Etc/GMT+2'
removed '/usr/share/zoneinfo/posix/Etc/GMT+9'
removed '/usr/share/zoneinfo/posix/Etc/GMT+0'
removed '/usr/share/zoneinfo/posix/Etc/GMT0'
removed '/usr/share/zoneinfo/posix/Etc/GMT-0'
removed '/usr/share/zoneinfo/posix/Etc/GMT-13'
removed '/usr/share/zoneinfo/posix/Etc/Universal'
removed '/usr/share/zoneinfo/posix/Etc/GMT-5'
removed '/usr/share/zoneinfo/posix/Etc/GMT-6'
removed '/usr/share/zoneinfo/posix/Etc/GMT-4'
removed '/usr/share/zoneinfo/posix/Etc/Zulu'
removed '/usr/share/zoneinfo/posix/Etc/GMT+3'
removed '/usr/share/zoneinfo/posix/Etc/GMT-7'
removed '/usr/share/zoneinfo/posix/Etc/GMT+6'
removed '/usr/share/zoneinfo/posix/Etc/GMT+7'
removed '/usr/share/zoneinfo/posix/Etc/GMT-1'
removed '/usr/share/zoneinfo/posix/Etc/Greenwich'
removed '/usr/share/zoneinfo/posix/Etc/GMT-11'
removed '/usr/share/zoneinfo/posix/Etc/GMT+10'
removed '/usr/share/zoneinfo/posix/Etc/GMT-12'
removed '/usr/share/zoneinfo/posix/Etc/GMT+12'
removed '/usr/share/zoneinfo/posix/Etc/GMT-3'
removed '/usr/share/zoneinfo/posix/Etc/GMT+5'
removed '/usr/share/zoneinfo/posix/Etc/GMT-9'
removed '/usr/share/zoneinfo/posix/Etc/GMT-2'
removed '/usr/share/zoneinfo/posix/Etc/GMT+1'
removed '/usr/share/zoneinfo/posix/Etc/UCT'
removed '/usr/share/zoneinfo/posix/Etc/UTC'
removed '/usr/share/zoneinfo/posix/Etc/GMT-14'
removed '/usr/share/zoneinfo/posix/Etc/GMT-8'
removed directory '/usr/share/zoneinfo/posix/Etc'
removed '/usr/share/zoneinfo/posix/NZ-CHAT'
removed directory '/usr/share/zoneinfo/posix'
removed '/usr/share/zoneinfo/leap-seconds.list'
removed '/usr/share/zoneinfo/W-SU'
removed '/usr/share/zoneinfo/Eire'
removed '/usr/share/zoneinfo/Asia/Khandyga'
removed '/usr/share/zoneinfo/Asia/Yekaterinburg'
removed '/usr/share/zoneinfo/Asia/Karachi'
removed '/usr/share/zoneinfo/Asia/Yangon'
removed '/usr/share/zoneinfo/Asia/Hebron'
removed '/usr/share/zoneinfo/Asia/Vladivostok'
removed '/usr/share/zoneinfo/Asia/Yakutsk'
removed '/usr/share/zoneinfo/Asia/Kuala_Lumpur'
removed '/usr/share/zoneinfo/Asia/Pontianak'
removed '/usr/share/zoneinfo/Asia/Ho_Chi_Minh'
removed '/usr/share/zoneinfo/Asia/Bishkek'
removed '/usr/share/zoneinfo/Asia/Beirut'
removed '/usr/share/zoneinfo/Asia/Oral'
removed '/usr/share/zoneinfo/Asia/Kamchatka'
removed '/usr/share/zoneinfo/Asia/Macau'
removed '/usr/share/zoneinfo/Asia/Thimbu'
removed '/usr/share/zoneinfo/Asia/Ulaanbaatar'
removed '/usr/share/zoneinfo/Asia/Tomsk'
removed '/usr/share/zoneinfo/Asia/Calcutta'
removed '/usr/share/zoneinfo/Asia/Urumqi'
removed '/usr/share/zoneinfo/Asia/Kathmandu'
removed '/usr/share/zoneinfo/Asia/Nicosia'
removed '/usr/share/zoneinfo/Asia/Shanghai'
removed '/usr/share/zoneinfo/Asia/Taipei'
removed '/usr/share/zoneinfo/Asia/Chungking'
removed '/usr/share/zoneinfo/Asia/Hovd'
removed '/usr/share/zoneinfo/Asia/Ashgabat'
removed '/usr/share/zoneinfo/Asia/Kuching'
removed '/usr/share/zoneinfo/Asia/Tbilisi'
removed '/usr/share/zoneinfo/Asia/Aden'
removed '/usr/share/zoneinfo/Asia/Qatar'
removed '/usr/share/zoneinfo/Asia/Makassar'
removed '/usr/share/zoneinfo/Asia/Qyzylorda'
removed '/usr/share/zoneinfo/Asia/Ulan_Bator'
removed '/usr/share/zoneinfo/Asia/Jakarta'
removed '/usr/share/zoneinfo/Asia/Krasnoyarsk'
removed '/usr/share/zoneinfo/Asia/Kashgar'
removed '/usr/share/zoneinfo/Asia/Bangkok'
removed '/usr/share/zoneinfo/Asia/Amman'
removed '/usr/share/zoneinfo/Asia/Dubai'
removed '/usr/share/zoneinfo/Asia/Colombo'
removed '/usr/share/zoneinfo/Asia/Choibalsan'
removed '/usr/share/zoneinfo/Asia/Pyongyang'
removed '/usr/share/zoneinfo/Asia/Chongqing'
removed '/usr/share/zoneinfo/Asia/Seoul'
removed '/usr/share/zoneinfo/Asia/Manila'
removed '/usr/share/zoneinfo/Asia/Aqtobe'
removed '/usr/share/zoneinfo/Asia/Tashkent'
removed '/usr/share/zoneinfo/Asia/Gaza'
removed '/usr/share/zoneinfo/Asia/Vientiane'
removed '/usr/share/zoneinfo/Asia/Ujung_Pandang'
removed '/usr/share/zoneinfo/Asia/Riyadh'
removed '/usr/share/zoneinfo/Asia/Yerevan'
removed '/usr/share/zoneinfo/Asia/Tokyo'
removed '/usr/share/zoneinfo/Asia/Saigon'
removed '/usr/share/zoneinfo/Asia/Damascus'
removed '/usr/share/zoneinfo/Asia/Magadan'
removed '/usr/share/zoneinfo/Asia/Singapore'
removed '/usr/share/zoneinfo/Asia/Famagusta'
removed '/usr/share/zoneinfo/Asia/Istanbul'
removed '/usr/share/zoneinfo/Asia/Novokuznetsk'
removed '/usr/share/zoneinfo/Asia/Macao'
removed '/usr/share/zoneinfo/Asia/Anadyr'
removed '/usr/share/zoneinfo/Asia/Aqtau'
removed '/usr/share/zoneinfo/Asia/Hong_Kong'
removed '/usr/share/zoneinfo/Asia/Brunei'
removed '/usr/share/zoneinfo/Asia/Baku'
removed '/usr/share/zoneinfo/Asia/Samarkand'
removed '/usr/share/zoneinfo/Asia/Jayapura'
removed '/usr/share/zoneinfo/Asia/Almaty'
removed '/usr/share/zoneinfo/Asia/Tehran'
removed '/usr/share/zoneinfo/Asia/Ashkhabad'
removed '/usr/share/zoneinfo/Asia/Tel_Aviv'
removed '/usr/share/zoneinfo/Asia/Harbin'
removed '/usr/share/zoneinfo/Asia/Dacca'
removed '/usr/share/zoneinfo/Asia/Qostanay'
removed '/usr/share/zoneinfo/Asia/Sakhalin'
removed '/usr/share/zoneinfo/Asia/Rangoon'
removed '/usr/share/zoneinfo/Asia/Phnom_Penh'
removed '/usr/share/zoneinfo/Asia/Dili'
removed '/usr/share/zoneinfo/Asia/Dhaka'
removed '/usr/share/zoneinfo/Asia/Bahrain'
removed '/usr/share/zoneinfo/Asia/Chita'
removed '/usr/share/zoneinfo/Asia/Kuwait'
removed '/usr/share/zoneinfo/Asia/Kabul'
removed '/usr/share/zoneinfo/Asia/Dushanbe'
removed '/usr/share/zoneinfo/Asia/Novosibirsk'
removed '/usr/share/zoneinfo/Asia/Irkutsk'
removed '/usr/share/zoneinfo/Asia/Srednekolymsk'
removed '/usr/share/zoneinfo/Asia/Barnaul'
removed '/usr/share/zoneinfo/Asia/Omsk'
removed '/usr/share/zoneinfo/Asia/Jerusalem'
removed '/usr/share/zoneinfo/Asia/Atyrau'
removed '/usr/share/zoneinfo/Asia/Katmandu'
removed '/usr/share/zoneinfo/Asia/Baghdad'
removed '/usr/share/zoneinfo/Asia/Ust-Nera'
removed '/usr/share/zoneinfo/Asia/Kolkata'
removed '/usr/share/zoneinfo/Asia/Thimphu'
removed '/usr/share/zoneinfo/Asia/Muscat'
removed directory '/usr/share/zoneinfo/Asia'
removed '/usr/share/zoneinfo/Factory'
removed '/usr/share/zoneinfo/Mexico/BajaNorte'
removed '/usr/share/zoneinfo/Mexico/General'
removed '/usr/share/zoneinfo/Mexico/BajaSur'
removed directory '/usr/share/zoneinfo/Mexico'
removed '/usr/share/zoneinfo/tzdata.zi'
removed '/usr/share/zoneinfo/MST'
removed '/usr/share/zoneinfo/CST6CDT'
removed '/usr/share/zoneinfo/UCT'
removed '/usr/share/zoneinfo/America/Cordoba'
removed '/usr/share/zoneinfo/America/Barbados'
removed '/usr/share/zoneinfo/America/El_Salvador'
removed '/usr/share/zoneinfo/America/Atikokan'
removed '/usr/share/zoneinfo/America/Kentucky/Louisville'
removed '/usr/share/zoneinfo/America/Kentucky/Monticello'
removed directory '/usr/share/zoneinfo/America/Kentucky'
removed '/usr/share/zoneinfo/America/Santa_Isabel'
removed '/usr/share/zoneinfo/America/Swift_Current'
removed '/usr/share/zoneinfo/America/Denver'
removed '/usr/share/zoneinfo/America/Detroit'
removed '/usr/share/zoneinfo/America/Monterrey'
removed '/usr/share/zoneinfo/America/Cambridge_Bay'
removed '/usr/share/zoneinfo/America/St_Vincent'
removed '/usr/share/zoneinfo/America/Montevideo'
removed '/usr/share/zoneinfo/America/Atka'
removed '/usr/share/zoneinfo/America/Martinique'
removed '/usr/share/zoneinfo/America/Buenos_Aires'
removed '/usr/share/zoneinfo/America/Ensenada'
removed '/usr/share/zoneinfo/America/St_Thomas'
removed '/usr/share/zoneinfo/America/La_Paz'
removed '/usr/share/zoneinfo/America/Araguaina'
removed '/usr/share/zoneinfo/America/St_Kitts'
removed '/usr/share/zoneinfo/America/Juneau'
removed '/usr/share/zoneinfo/America/Grand_Turk'
removed '/usr/share/zoneinfo/America/Campo_Grande'
removed '/usr/share/zoneinfo/America/St_Barthelemy'
removed '/usr/share/zoneinfo/America/Port-au-Prince'
removed '/usr/share/zoneinfo/America/Santarem'
removed '/usr/share/zoneinfo/America/Jamaica'
removed '/usr/share/zoneinfo/America/Miquelon'
removed '/usr/share/zoneinfo/America/Indianapolis'
removed '/usr/share/zoneinfo/America/Paramaribo'
removed '/usr/share/zoneinfo/America/Asuncion'
removed '/usr/share/zoneinfo/America/Jujuy'
removed '/usr/share/zoneinfo/America/Tortola'
removed '/usr/share/zoneinfo/America/Curacao'
removed '/usr/share/zoneinfo/America/Rankin_Inlet'
removed '/usr/share/zoneinfo/America/Port_of_Spain'
removed '/usr/share/zoneinfo/America/Vancouver'
removed '/usr/share/zoneinfo/America/Fort_Wayne'
removed '/usr/share/zoneinfo/America/Manaus'
removed '/usr/share/zoneinfo/America/Tegucigalpa'
removed '/usr/share/zoneinfo/America/Metlakatla'
removed '/usr/share/zoneinfo/America/Yakutat'
removed '/usr/share/zoneinfo/America/Cuiaba'
removed '/usr/share/zoneinfo/America/Hermosillo'
removed '/usr/share/zoneinfo/America/Winnipeg'
removed '/usr/share/zoneinfo/America/Nassau'
removed '/usr/share/zoneinfo/America/Boise'
removed '/usr/share/zoneinfo/America/Kralendijk'
removed '/usr/share/zoneinfo/America/Halifax'
removed '/usr/share/zoneinfo/America/Sao_Paulo'
removed '/usr/share/zoneinfo/America/Sitka'
removed '/usr/share/zoneinfo/America/Cayenne'
removed '/usr/share/zoneinfo/America/Montserrat'
removed '/usr/share/zoneinfo/America/Cayman'
removed '/usr/share/zoneinfo/America/Moncton'
removed '/usr/share/zoneinfo/America/Costa_Rica'
removed '/usr/share/zoneinfo/America/New_York'
removed '/usr/share/zoneinfo/America/Grenada'
removed '/usr/share/zoneinfo/America/Thule'
removed '/usr/share/zoneinfo/America/Fort_Nelson'
removed '/usr/share/zoneinfo/America/Iqaluit'
removed '/usr/share/zoneinfo/America/Panama'
removed '/usr/share/zoneinfo/America/Montreal'
removed '/usr/share/zoneinfo/America/Menominee'
removed '/usr/share/zoneinfo/America/Glace_Bay'
removed '/usr/share/zoneinfo/America/Rainy_River'
removed '/usr/share/zoneinfo/America/Noronha'
removed '/usr/share/zoneinfo/America/Goose_Bay'
removed '/usr/share/zoneinfo/America/North_Dakota/Beulah'
removed '/usr/share/zoneinfo/America/North_Dakota/New_Salem'
removed '/usr/share/zoneinfo/America/North_Dakota/Center'
removed directory '/usr/share/zoneinfo/America/North_Dakota'
removed '/usr/share/zoneinfo/America/Creston'
removed '/usr/share/zoneinfo/America/Ciudad_Juarez'
removed '/usr/share/zoneinfo/America/Argentina/Cordoba'
removed '/usr/share/zoneinfo/America/Argentina/Salta'
removed '/usr/share/zoneinfo/America/Argentina/Tucuman'
removed '/usr/share/zoneinfo/America/Argentina/Buenos_Aires'
removed '/usr/share/zoneinfo/America/Argentina/Ushuaia'
removed '/usr/share/zoneinfo/America/Argentina/Jujuy'
removed '/usr/share/zoneinfo/America/Argentina/Mendoza'
removed '/usr/share/zoneinfo/America/Argentina/San_Luis'
removed '/usr/share/zoneinfo/America/Argentina/Rio_Gallegos'
removed '/usr/share/zoneinfo/America/Argentina/ComodRivadavia'
removed '/usr/share/zoneinfo/America/Argentina/San_Juan'
removed '/usr/share/zoneinfo/America/Argentina/Catamarca'
removed '/usr/share/zoneinfo/America/Argentina/La_Rioja'
removed directory '/usr/share/zoneinfo/America/Argentina'
removed '/usr/share/zoneinfo/America/Adak'
removed '/usr/share/zoneinfo/America/Shiprock'
removed '/usr/share/zoneinfo/America/Antigua'
removed '/usr/share/zoneinfo/America/Santo_Domingo'
removed '/usr/share/zoneinfo/America/Guyana'
removed '/usr/share/zoneinfo/America/Thunder_Bay'
removed '/usr/share/zoneinfo/America/Marigot'
removed '/usr/share/zoneinfo/America/Virgin'
removed '/usr/share/zoneinfo/America/Blanc-Sablon'
removed '/usr/share/zoneinfo/America/Lower_Princes'
removed '/usr/share/zoneinfo/America/Dawson_Creek'
removed '/usr/share/zoneinfo/America/Los_Angeles'
removed '/usr/share/zoneinfo/America/Guayaquil'
removed '/usr/share/zoneinfo/America/Managua'
removed '/usr/share/zoneinfo/America/Bahia_Banderas'
removed '/usr/share/zoneinfo/America/Indiana/Tell_City'
removed '/usr/share/zoneinfo/America/Indiana/Indianapolis'
removed '/usr/share/zoneinfo/America/Indiana/Petersburg'
removed '/usr/share/zoneinfo/America/Indiana/Vevay'
removed '/usr/share/zoneinfo/America/Indiana/Marengo'
removed '/usr/share/zoneinfo/America/Indiana/Knox'
removed '/usr/share/zoneinfo/America/Indiana/Winamac'
removed '/usr/share/zoneinfo/America/Indiana/Vincennes'
removed directory '/usr/share/zoneinfo/America/Indiana'
removed '/usr/share/zoneinfo/America/Havana'
removed '/usr/share/zoneinfo/America/Mendoza'
removed '/usr/share/zoneinfo/America/Fortaleza'
removed '/usr/share/zoneinfo/America/Inuvik'
removed '/usr/share/zoneinfo/America/Porto_Velho'
removed '/usr/share/zoneinfo/America/St_Johns'
removed '/usr/share/zoneinfo/America/Coral_Harbour'
removed '/usr/share/zoneinfo/America/Lima'
removed '/usr/share/zoneinfo/America/Bahia'
removed '/usr/share/zoneinfo/America/Boa_Vista'
removed '/usr/share/zoneinfo/America/Resolute'
removed '/usr/share/zoneinfo/America/Knox_IN'
removed '/usr/share/zoneinfo/America/Regina'
removed '/usr/share/zoneinfo/America/Nipigon'
removed '/usr/share/zoneinfo/America/Matamoros'
removed '/usr/share/zoneinfo/America/Nome'
removed '/usr/share/zoneinfo/America/Mexico_City'
removed '/usr/share/zoneinfo/America/Dominica'
removed '/usr/share/zoneinfo/America/Toronto'
removed '/usr/share/zoneinfo/America/Merida'
removed '/usr/share/zoneinfo/America/Cancun'
removed '/usr/share/zoneinfo/America/Aruba'
removed '/usr/share/zoneinfo/America/St_Lucia'
removed '/usr/share/zoneinfo/America/Anchorage'
removed '/usr/share/zoneinfo/America/Eirunepe'
removed '/usr/share/zoneinfo/America/Punta_Arenas'
removed '/usr/share/zoneinfo/America/Danmarkshavn'
removed '/usr/share/zoneinfo/America/Chicago'
removed '/usr/share/zoneinfo/America/Caracas'
removed '/usr/share/zoneinfo/America/Yellowknife'
removed '/usr/share/zoneinfo/America/Chihuahua'
removed '/usr/share/zoneinfo/America/Louisville'
removed '/usr/share/zoneinfo/America/Guadeloupe'
removed '/usr/share/zoneinfo/America/Belize'
removed '/usr/share/zoneinfo/America/Scoresbysund'
removed '/usr/share/zoneinfo/America/Puerto_Rico'
removed '/usr/share/zoneinfo/America/Recife'
removed '/usr/share/zoneinfo/America/Phoenix'
removed '/usr/share/zoneinfo/America/Santiago'
removed '/usr/share/zoneinfo/America/Tijuana'
removed '/usr/share/zoneinfo/America/Guatemala'
removed '/usr/share/zoneinfo/America/Anguilla'
removed '/usr/share/zoneinfo/America/Whitehorse'
removed '/usr/share/zoneinfo/America/Catamarca'
removed '/usr/share/zoneinfo/America/Edmonton'
removed '/usr/share/zoneinfo/America/Rio_Branco'
removed '/usr/share/zoneinfo/America/Belem'
removed '/usr/share/zoneinfo/America/Mazatlan'
removed '/usr/share/zoneinfo/America/Porto_Acre'
removed '/usr/share/zoneinfo/America/Bogota'
removed '/usr/share/zoneinfo/America/Rosario'
removed '/usr/share/zoneinfo/America/Godthab'
removed '/usr/share/zoneinfo/America/Ojinaga'
removed '/usr/share/zoneinfo/America/Dawson'
removed '/usr/share/zoneinfo/America/Pangnirtung'
removed '/usr/share/zoneinfo/America/Nuuk'
removed '/usr/share/zoneinfo/America/Maceio'
removed directory '/usr/share/zoneinfo/America'
removed '/usr/share/zoneinfo/Iran'
removed '/usr/share/zoneinfo/MET'
removed '/usr/share/zoneinfo/CET'
removed '/usr/share/zoneinfo/Etc/GMT+11'
removed '/usr/share/zoneinfo/Etc/GMT+8'
removed '/usr/share/zoneinfo/Etc/GMT'
removed '/usr/share/zoneinfo/Etc/GMT+4'
removed '/usr/share/zoneinfo/Etc/GMT-10'
removed '/usr/share/zoneinfo/Etc/GMT+2'
removed '/usr/share/zoneinfo/Etc/GMT+9'
removed '/usr/share/zoneinfo/Etc/GMT+0'
removed '/usr/share/zoneinfo/Etc/GMT0'
removed '/usr/share/zoneinfo/Etc/GMT-0'
removed '/usr/share/zoneinfo/Etc/GMT-13'
removed '/usr/share/zoneinfo/Etc/Universal'
removed '/usr/share/zoneinfo/Etc/GMT-5'
removed '/usr/share/zoneinfo/Etc/GMT-6'
removed '/usr/share/zoneinfo/Etc/GMT-4'
removed '/usr/share/zoneinfo/Etc/Zulu'
removed '/usr/share/zoneinfo/Etc/GMT+3'
removed '/usr/share/zoneinfo/Etc/GMT-7'
removed '/usr/share/zoneinfo/Etc/GMT+6'
removed '/usr/share/zoneinfo/Etc/GMT+7'
removed '/usr/share/zoneinfo/Etc/GMT-1'
removed '/usr/share/zoneinfo/Etc/Greenwich'
removed '/usr/share/zoneinfo/Etc/GMT-11'
removed '/usr/share/zoneinfo/Etc/GMT+10'
removed '/usr/share/zoneinfo/Etc/GMT-12'
removed '/usr/share/zoneinfo/Etc/GMT+12'
removed '/usr/share/zoneinfo/Etc/GMT-3'
removed '/usr/share/zoneinfo/Etc/GMT+5'
removed '/usr/share/zoneinfo/Etc/GMT-9'
removed '/usr/share/zoneinfo/Etc/GMT-2'
removed '/usr/share/zoneinfo/Etc/GMT+1'
removed '/usr/share/zoneinfo/Etc/UCT'
removed '/usr/share/zoneinfo/Etc/UTC'
removed '/usr/share/zoneinfo/Etc/GMT-14'
removed '/usr/share/zoneinfo/Etc/GMT-8'
removed directory '/usr/share/zoneinfo/Etc'
removed '/usr/share/zoneinfo/NZ-CHAT'
removed directory '/usr/share/zoneinfo'
removed directory '/var/cache/bpf'
removed '/var/cache/ldconfig/aux-cache'
removed directory '/var/cache/ldconfig'
removed directory '/var/cache/libdnf'
removed '/tmp/ks-script-2p3i2b2l'
removed '/tmp/ks-script-7vmwgga5'
