06:47:02,611 INF librepo: Librepo version: 1.15.1 with CURL_GLOBAL_ACK_EINTR support (libcurl/7.87.0 OpenSSL/3.0.8 zlib/1.2.13 brotli/1.0.9 libidn2/2.3.4 libpsl/0.21.2 (+libidn2/2.3.4) libssh/0.10.4/openssl/zlib nghttp2/1.52.0)
06:47:03,746 INF librepo: Librepo version: 1.15.1 with CURL_GLOBAL_ACK_EINTR support (libcurl/7.87.0 OpenSSL/3.0.8 zlib/1.2.13 brotli/1.0.9 libidn2/2.3.4 libpsl/0.21.2 (+libidn2/2.3.4) libssh/0.10.4/openssl/zlib nghttp2/1.52.0)
06:47:04,382 INF librepo: Downloading: https://kojipkgs.fedoraproject.org/compose/38/latest-Fedora-38/compose/Everything/x86_64/os/repodata/repomd.xml
06:47:04,657 INF librepo: Downloading: https://kojipkgs.fedoraproject.org/compose/38/latest-Fedora-38/compose/Everything/x86_64/os/repodata/dfa2aec8d2e83459677d698542f1a190d92815888668d027b21dfd46fb86ce01-primary.xml.zck
06:47:04,658 INF librepo: Downloading: https://kojipkgs.fedoraproject.org/compose/38/latest-Fedora-38/compose/Everything/x86_64/os/repodata/5f86dfe1903316d6b25d494616cf18352204fe70c529b4c97859df6faecd493f-filelists.xml.zck
06:47:04,659 INF librepo: Downloading: https://kojipkgs.fedoraproject.org/compose/38/latest-Fedora-38/compose/Everything/x86_64/os/repodata/1ab074f803c33a54eac36ffee514cfe9a60a927416b3ddc34defeaf4b1d63776-comps-Everything.x86_64.xml
06:47:04,925 INF librepo: Downloading: https://kojipkgs.fedoraproject.org/compose/38/latest-Fedora-38/compose/Everything/x86_64/os/repodata/5f86dfe1903316d6b25d494616cf18352204fe70c529b4c97859df6faecd493f-filelists.xml.zck
06:47:05,766 INF librepo: Downloading: https://kojipkgs.fedoraproject.org/compose/38/latest-Fedora-38/compose/Everything/x86_64/os/repodata/dfa2aec8d2e83459677d698542f1a190d92815888668d027b21dfd46fb86ce01-primary.xml.zck
06:47:09,258 INF librepo: Downloading: https://kojipkgs.fedoraproject.org/compose/38/latest-Fedora-38/compose/Everything/x86_64/os/repodata/repomd.xml
06:47:09,507 INF librepo: Downloading: https://kojipkgs.fedoraproject.org/compose/38/latest-Fedora-38/compose/Everything/x86_64/os/repodata/dfa2aec8d2e83459677d698542f1a190d92815888668d027b21dfd46fb86ce01-primary.xml.zck
06:47:10,080 INF librepo: Downloading: https://kojipkgs.fedoraproject.org/compose/38/latest-Fedora-38/compose/Everything/x86_64/os/repodata/5f86dfe1903316d6b25d494616cf18352204fe70c529b4c97859df6faecd493f-filelists.xml.zck
06:47:10,932 INF librepo: Downloading: https://kojipkgs.fedoraproject.org/compose/38/latest-Fedora-38/compose/Everything/x86_64/os/repodata/1ab074f803c33a54eac36ffee514cfe9a60a927416b3ddc34defeaf4b1d63776-comps-Everything.x86_64.xml
06:47:11,667 INF librepo: Downloading: https://kojipkgs.fedoraproject.org/compose/updates/f38-updates/compose/Everything/x86_64/os/repodata/repomd.xml
06:47:11,940 INF librepo: Downloading: https://kojipkgs.fedoraproject.org/compose/updates/f38-updates/compose/Everything/x86_64/os/repodata/e702d3a76086e241b46284b6f6be7a07824417e927f88869aca6aa99b72831cf-primary.xml.zck
06:47:11,941 INF librepo: Downloading: https://kojipkgs.fedoraproject.org/compose/updates/f38-updates/compose/Everything/x86_64/os/repodata/bb4127ab02a2734c4f0f2b047f588259e37969cc444754d6a91f186ed9960cf1-filelists.xml.zck
06:47:11,941 INF librepo: Downloading: https://kojipkgs.fedoraproject.org/compose/updates/f38-updates/compose/Everything/x86_64/os/repodata/9ae20f13764f6a86a55c92f0aceff6d6c5919ec6b997c3d784accff025473327-comps-Everything.x86_64.xml.gz
06:47:12,018 INF librepo: Downloading: https://kojipkgs.fedoraproject.org/compose/updates/f38-updates/compose/Everything/x86_64/os/repodata/e702d3a76086e241b46284b6f6be7a07824417e927f88869aca6aa99b72831cf-primary.xml.zck
06:47:12,117 INF librepo: Downloading: https://kojipkgs.fedoraproject.org/compose/updates/f38-updates/compose/Everything/x86_64/os/repodata/bb4127ab02a2734c4f0f2b047f588259e37969cc444754d6a91f186ed9960cf1-filelists.xml.zck
06:47:12,232 INF librepo: Downloading: https://kojipkgs.fedoraproject.org/compose/updates/f38-updates/compose/Everything/x86_64/os/repodata/aac65d6649ad9add2639a48f66cf299f0e18bbbf25b75a97aecd00f162efaa1c-prestodelta.xml.zck
06:47:12,270 INF librepo: Downloading: https://kojipkgs.fedoraproject.org/compose/updates/f38-updates/compose/Everything/x86_64/os/repodata/f34a3def7ac8f9e9bbf5a234b2bfc1bdbff892bce108a4e0aecce32c93a551a4-updateinfo.xml.zck
06:47:12,290 INF librepo: Downloading: https://kojipkgs.fedoraproject.org/compose/updates/f38-updates/compose/Everything/x86_64/os/repodata/f34a3def7ac8f9e9bbf5a234b2bfc1bdbff892bce108a4e0aecce32c93a551a4-updateinfo.xml.zck
06:48:15,432 INF librepo: Downloading: https://kojipkgs.fedoraproject.org/compose/38/latest-Fedora-38/compose/Everything/x86_64/os//repodata/repomd.xml
06:48:15,734 INF librepo: Downloading: https://kojipkgs.fedoraproject.org/compose/38/latest-Fedora-38/compose/Everything/x86_64/os//repodata/repomd.xml
06:48:15,989 INF librepo: Downloading: https://kojipkgs.fedoraproject.org/compose/updates/f38-updates/compose/Everything/x86_64/os//repodata/repomd.xml
06:48:24,765 INF librepo: Downloading: https://kojipkgs.fedoraproject.org/compose/38/latest-Fedora-38/compose/Everything/x86_64/os/Packages/n/ncurses-base-6.4-3.20230114.fc38.noarch.rpm
06:48:24,767 INF librepo: Downloading: https://kojipkgs.fedoraproject.org/compose/38/latest-Fedora-38/compose/Everything/x86_64/os/Packages/g/glib2-2.76.1-1.fc38.x86_64.rpm
06:48:24,768 INF librepo: Downloading: https://kojipkgs.fedoraproject.org/compose/38/latest-Fedora-38/compose/Everything/x86_64/os/Packages/c/cyrus-sasl-lib-2.1.28-9.fc38.x86_64.rpm
06:48:25,027 INF librepo: Downloading: https://kojipkgs.fedoraproject.org/compose/38/latest-Fedora-38/compose/Everything/x86_64/os/Packages/n/ncurses-libs-6.4-3.20230114.fc38.x86_64.rpm
06:48:25,044 INF librepo: Downloading: https://kojipkgs.fedoraproject.org/compose/38/latest-Fedora-38/compose/Everything/x86_64/os/Packages/g/glibc-2.37-1.fc38.x86_64.rpm
06:48:25,050 INF librepo: Downloading: https://kojipkgs.fedoraproject.org/compose/38/latest-Fedora-38/compose/Everything/x86_64/os/Packages/t/tzdata-2023c-1.fc38.noarch.rpm
06:48:25,066 INF librepo: Downloading: https://kojipkgs.fedoraproject.org/compose/38/latest-Fedora-38/compose/Everything/x86_64/os/Packages/l/libtasn1-4.19.0-2.fc38.x86_64.rpm
06:48:25,080 INF librepo: Downloading: https://kojipkgs.fedoraproject.org/compose/38/latest-Fedora-38/compose/Everything/x86_64/os/Packages/g/glibc-common-2.37-1.fc38.x86_64.rpm
06:48:25,081 INF librepo: Downloading: https://kojipkgs.fedoraproject.org/compose/38/latest-Fedora-38/compose/Everything/x86_64/os/Packages/z/zlib-1.2.13-3.fc38.x86_64.rpm
06:48:25,091 INF librepo: Downloading: https://kojipkgs.fedoraproject.org/compose/updates/f38-updates/compose/Everything/x86_64/os/Packages/l/langpacks-core-font-en-3.0-32.fc38.noarch.rpm
06:48:25,095 INF librepo: Downloading: https://kojipkgs.fedoraproject.org/compose/38/latest-Fedora-38/compose/Everything/x86_64/os/Packages/g/google-noto-sans-vf-fonts-20230201-1.fc38.noarch.rpm
06:48:25,096 INF librepo: Downloading: https://kojipkgs.fedoraproject.org/compose/38/latest-Fedora-38/compose/Everything/x86_64/os/Packages/g/gmp-6.2.1-4.fc38.x86_64.rpm
06:48:25,097 INF librepo: Downloading: https://kojipkgs.fedoraproject.org/compose/38/latest-Fedora-38/compose/Everything/x86_64/os/Packages/n/npth-1.6-12.fc38.x86_64.rpm
06:48:25,101 INF librepo: Downloading: https://kojipkgs.fedoraproject.org/compose/38/latest-Fedora-38/compose/Everything/x86_64/os/Packages/l/libacl-2.3.1-6.fc38.x86_64.rpm
06:48:25,102 INF librepo: Downloading: https://kojipkgs.fedoraproject.org/compose/38/latest-Fedora-38/compose/Everything/x86_64/os/Packages/p/popt-1.19-2.fc38.x86_64.rpm
06:48:25,105 INF librepo: Downloading: https://kojipkgs.fedoraproject.org/compose/38/latest-Fedora-38/compose/Everything/x86_64/os/Packages/b/bzip2-libs-1.0.8-13.fc38.x86_64.rpm
06:48:25,107 INF librepo: Downloading: https://kojipkgs.fedoraproject.org/compose/38/latest-Fedora-38/compose/Everything/x86_64/os/Packages/l/libgpg-error-1.46-2.fc38.x86_64.rpm
06:48:25,111 INF librepo: Downloading: https://kojipkgs.fedoraproject.org/compose/38/latest-Fedora-38/compose/Everything/x86_64/os/Packages/d/dnf-data-4.14.0-2.fc38.noarch.rpm
06:48:25,114 INF librepo: Downloading: https://kojipkgs.fedoraproject.org/compose/38/latest-Fedora-38/compose/Everything/x86_64/os/Packages/g/gdbm-libs-1.23-3.fc38.x86_64.rpm
06:48:25,117 INF librepo: Downloading: https://kojipkgs.fedoraproject.org/compose/38/latest-Fedora-38/compose/Everything/x86_64/os/Packages/d/dnf5-5.0.6-2.fc38.x86_64.rpm
06:48:25,117 INF librepo: Downloading: https://kojipkgs.fedoraproject.org/compose/38/latest-Fedora-38/compose/Everything/x86_64/os/Packages/c/coreutils-9.1-11.fc38.x86_64.rpm
06:48:25,119 INF librepo: Downloading: https://kojipkgs.fedoraproject.org/compose/38/latest-Fedora-38/compose/Everything/x86_64/os/Packages/c/coreutils-common-9.1-11.fc38.x86_64.rpm
06:48:25,139 INF librepo: Downloading: https://kojipkgs.fedoraproject.org/compose/38/latest-Fedora-38/compose/Everything/x86_64/os/Packages/c/ca-certificates-2023.2.60-2.fc38.noarch.rpm
06:48:25,140 INF librepo: Downloading: https://kojipkgs.fedoraproject.org/compose/38/latest-Fedora-38/compose/Everything/x86_64/os/Packages/k/krb5-libs-1.20.1-8.fc38.x86_64.rpm
06:48:25,154 INF librepo: Downloading: https://kojipkgs.fedoraproject.org/compose/38/latest-Fedora-38/compose/Everything/x86_64/os/Packages/l/libpsl-0.21.2-2.fc38.x86_64.rpm
06:48:25,171 INF librepo: Downloading: https://kojipkgs.fedoraproject.org/compose/38/latest-Fedora-38/compose/Everything/x86_64/os/Packages/l/libarchive-3.6.1-4.fc38.x86_64.rpm
06:48:25,171 INF librepo: Downloading: https://kojipkgs.fedoraproject.org/compose/38/latest-Fedora-38/compose/Everything/x86_64/os/Packages/l/libcom_err-1.46.5-4.fc38.x86_64.rpm
06:48:25,172 INF librepo: Downloading: https://kojipkgs.fedoraproject.org/compose/38/latest-Fedora-38/compose/Everything/x86_64/os/Packages/l/libevent-2.1.12-8.fc38.x86_64.rpm
06:48:25,182 INF librepo: Downloading: https://kojipkgs.fedoraproject.org/compose/38/latest-Fedora-38/compose/Everything/x86_64/os/Packages/l/libxcrypt-4.4.33-7.fc38.x86_64.rpm
06:48:25,182 INF librepo: Downloading: https://kojipkgs.fedoraproject.org/compose/38/latest-Fedora-38/compose/Everything/x86_64/os/Packages/l/libnghttp2-1.52.0-1.fc38.x86_64.rpm
06:48:25,183 INF librepo: Downloading: https://kojipkgs.fedoraproject.org/compose/38/latest-Fedora-38/compose/Everything/x86_64/os/Packages/l/libksba-1.6.3-2.fc38.x86_64.rpm
06:48:25,186 INF librepo: Downloading: https://kojipkgs.fedoraproject.org/compose/38/latest-Fedora-38/compose/Everything/x86_64/os/Packages/l/lz4-libs-1.9.4-2.fc38.x86_64.rpm
06:48:25,189 INF librepo: Downloading: https://kojipkgs.fedoraproject.org/compose/38/latest-Fedora-38/compose/Everything/x86_64/os/Packages/o/openssl-libs-3.0.8-2.fc38.x86_64.rpm
06:48:25,189 INF librepo: Downloading: https://kojipkgs.fedoraproject.org/compose/38/latest-Fedora-38/compose/Everything/x86_64/os/Packages/g/gpgme-1.17.1-3.fc38.x86_64.rpm
06:48:25,192 INF librepo: Downloading: https://kojipkgs.fedoraproject.org/compose/38/latest-Fedora-38/compose/Everything/x86_64/os/Packages/a/alternatives-1.22-1.fc38.x86_64.rpm
06:48:25,197 INF librepo: Downloading: https://kojipkgs.fedoraproject.org/compose/updates/f38-updates/compose/Everything/x86_64/os/Packages/l/langpacks-en-3.0-32.fc38.noarch.rpm
06:48:25,201 INF librepo: Downloading: https://kojipkgs.fedoraproject.org/compose/38/latest-Fedora-38/compose/Everything/x86_64/os/Packages/l/libselinux-3.5-1.fc38.x86_64.rpm
06:48:25,206 INF librepo: Downloading: https://kojipkgs.fedoraproject.org/compose/38/latest-Fedora-38/compose/Everything/x86_64/os/Packages/f/fedora-gpg-keys-38-1.noarch.rpm
06:48:25,215 INF librepo: Downloading: https://kojipkgs.fedoraproject.org/compose/38/latest-Fedora-38/compose/Everything/x86_64/os/Packages/f/fmt-9.1.0-2.fc38.x86_64.rpm
06:48:25,216 INF librepo: Downloading: https://kojipkgs.fedoraproject.org/compose/38/latest-Fedora-38/compose/Everything/x86_64/os/Packages/l/libassuan-2.5.5-6.fc38.x86_64.rpm
06:48:25,218 INF librepo: Downloading: https://kojipkgs.fedoraproject.org/compose/38/latest-Fedora-38/compose/Everything/x86_64/os/Packages/l/libsepol-3.5-1.fc38.x86_64.rpm
06:48:25,220 INF librepo: Downloading: https://kojipkgs.fedoraproject.org/compose/38/latest-Fedora-38/compose/Everything/x86_64/os/Packages/f/fedora-release-common-38-34.noarch.rpm
06:48:25,224 INF librepo: Downloading: https://kojipkgs.fedoraproject.org/compose/updates/f38-updates/compose/Everything/x86_64/os/Packages/z/zchunk-libs-1.3.1-1.fc38.x86_64.rpm
06:48:25,226 INF librepo: Downloading: https://kojipkgs.fedoraproject.org/compose/38/latest-Fedora-38/compose/Everything/x86_64/os/Packages/f/fedora-release-container-38-34.noarch.rpm
06:48:25,226 INF librepo: Downloading: https://kojipkgs.fedoraproject.org/compose/38/latest-Fedora-38/compose/Everything/x86_64/os/Packages/l/libcurl-7.87.0-7.fc38.x86_64.rpm
06:48:25,229 INF librepo: Downloading: https://kojipkgs.fedoraproject.org/compose/38/latest-Fedora-38/compose/Everything/x86_64/os/Packages/l/libffi-3.4.4-2.fc38.x86_64.rpm
06:48:25,229 INF librepo: Downloading: https://kojipkgs.fedoraproject.org/compose/38/latest-Fedora-38/compose/Everything/x86_64/os/Packages/f/fedora-release-identity-container-38-34.noarch.rpm
06:48:25,232 INF librepo: Downloading: https://kojipkgs.fedoraproject.org/compose/38/latest-Fedora-38/compose/Everything/x86_64/os/Packages/g/glibc-minimal-langpack-2.37-1.fc38.x86_64.rpm
06:48:25,233 INF librepo: Downloading: https://kojipkgs.fedoraproject.org/compose/38/latest-Fedora-38/compose/Everything/x86_64/os/Packages/l/libattr-2.5.1-6.fc38.x86_64.rpm
06:48:25,234 INF librepo: Downloading: https://kojipkgs.fedoraproject.org/compose/38/latest-Fedora-38/compose/Everything/x86_64/os/Packages/x/xz-libs-5.4.1-1.fc38.x86_64.rpm
06:48:25,236 INF librepo: Downloading: https://kojipkgs.fedoraproject.org/compose/38/latest-Fedora-38/compose/Everything/x86_64/os/Packages/f/fonts-filesystem-2.0.5-11.fc38.noarch.rpm
06:48:25,237 INF librepo: Downloading: https://kojipkgs.fedoraproject.org/compose/38/latest-Fedora-38/compose/Everything/x86_64/os/Packages/f/fedora-repos-38-1.noarch.rpm
06:48:25,238 INF librepo: Downloading: https://kojipkgs.fedoraproject.org/compose/38/latest-Fedora-38/compose/Everything/x86_64/os/Packages/l/libyaml-0.2.5-9.fc38.x86_64.rpm
06:48:25,240 INF librepo: Downloading: https://kojipkgs.fedoraproject.org/compose/38/latest-Fedora-38/compose/Everything/x86_64/os/Packages/s/sqlite-libs-3.40.1-2.fc38.x86_64.rpm
06:48:25,240 INF librepo: Downloading: https://kojipkgs.fedoraproject.org/compose/38/latest-Fedora-38/compose/Everything/x86_64/os/Packages/n/nettle-3.8-3.fc38.x86_64.rpm
06:48:25,241 INF librepo: Downloading: https://kojipkgs.fedoraproject.org/compose/38/latest-Fedora-38/compose/Everything/x86_64/os/Packages/l/libunistring-1.1-3.fc38.x86_64.rpm
06:48:25,251 INF librepo: Downloading: https://kojipkgs.fedoraproject.org/compose/38/latest-Fedora-38/compose/Everything/x86_64/os/Packages/l/libunistring1.0-1.0-1.fc38.x86_64.rpm
06:48:25,251 INF librepo: Downloading: https://kojipkgs.fedoraproject.org/compose/38/latest-Fedora-38/compose/Everything/x86_64/os/Packages/l/libsigsegv-2.14-4.fc38.x86_64.rpm
06:48:25,256 INF librepo: Downloading: https://kojipkgs.fedoraproject.org/compose/38/latest-Fedora-38/compose/Everything/x86_64/os/Packages/k/keyutils-libs-1.6.1-6.fc38.x86_64.rpm
06:48:25,259 INF librepo: Downloading: https://kojipkgs.fedoraproject.org/compose/38/latest-Fedora-38/compose/Everything/x86_64/os/Packages/c/crypto-policies-20230301-1.gita12f7b2.fc38.noarch.rpm
06:48:25,261 INF librepo: Downloading: https://kojipkgs.fedoraproject.org/compose/38/latest-Fedora-38/compose/Everything/x86_64/os/Packages/l/libsmartcols-2.38.1-4.fc38.x86_64.rpm
06:48:25,263 INF librepo: Downloading: https://kojipkgs.fedoraproject.org/compose/38/latest-Fedora-38/compose/Everything/x86_64/os/Packages/l/libblkid-2.38.1-4.fc38.x86_64.rpm
06:48:25,263 INF librepo: Downloading: https://kojipkgs.fedoraproject.org/compose/38/latest-Fedora-38/compose/Everything/x86_64/os/Packages/g/google-noto-fonts-common-20230201-1.fc38.noarch.rpm
06:48:25,265 INF librepo: Downloading: https://kojipkgs.fedoraproject.org/compose/38/latest-Fedora-38/compose/Everything/x86_64/os/Packages/l/libidn2-2.3.4-2.fc38.x86_64.rpm
06:48:25,267 INF librepo: Downloading: https://kojipkgs.fedoraproject.org/compose/38/latest-Fedora-38/compose/Everything/x86_64/os/Packages/l/libsolv-0.7.22-4.fc38.x86_64.rpm
06:48:25,268 INF librepo: Downloading: https://kojipkgs.fedoraproject.org/compose/38/latest-Fedora-38/compose/Everything/x86_64/os/Packages/l/libuuid-2.38.1-4.fc38.x86_64.rpm
06:48:25,269 INF librepo: Downloading: https://kojipkgs.fedoraproject.org/compose/38/latest-Fedora-38/compose/Everything/x86_64/os/Packages/p/pcre2-10.42-1.fc38.1.x86_64.rpm
06:48:25,274 INF librepo: Downloading: https://kojipkgs.fedoraproject.org/compose/38/latest-Fedora-38/compose/Everything/x86_64/os/Packages/g/grep-3.8-3.fc38.x86_64.rpm
06:48:25,274 INF librepo: Downloading: https://kojipkgs.fedoraproject.org/compose/38/latest-Fedora-38/compose/Everything/x86_64/os/Packages/p/pcre2-syntax-10.42-1.fc38.1.noarch.rpm
06:48:25,276 INF librepo: Downloading: https://kojipkgs.fedoraproject.org/compose/38/latest-Fedora-38/compose/Everything/x86_64/os/Packages/b/basesystem-11-15.fc38.noarch.rpm
06:48:25,279 INF librepo: Downloading: https://kojipkgs.fedoraproject.org/compose/38/latest-Fedora-38/compose/Everything/x86_64/os/Packages/b/bash-5.2.15-3.fc38.x86_64.rpm
06:48:25,286 INF librepo: Downloading: https://kojipkgs.fedoraproject.org/compose/38/latest-Fedora-38/compose/Everything/x86_64/os/Packages/r/rpm-4.18.1-1.fc38.x86_64.rpm
06:48:25,286 INF librepo: Downloading: https://kojipkgs.fedoraproject.org/compose/38/latest-Fedora-38/compose/Everything/x86_64/os/Packages/l/libgcc-13.0.1-0.12.fc38.x86_64.rpm
06:48:25,293 INF librepo: Downloading: https://kojipkgs.fedoraproject.org/compose/38/latest-Fedora-38/compose/Everything/x86_64/os/Packages/r/rpm-libs-4.18.1-1.fc38.x86_64.rpm
06:48:25,298 INF librepo: Downloading: https://kojipkgs.fedoraproject.org/compose/38/latest-Fedora-38/compose/Everything/x86_64/os/Packages/l/libgcrypt-1.10.1-7.fc38.x86_64.rpm
06:48:25,302 INF librepo: Downloading: https://kojipkgs.fedoraproject.org/compose/38/latest-Fedora-38/compose/Everything/x86_64/os/Packages/l/lua-libs-5.4.4-9.fc38.x86_64.rpm
06:48:25,309 INF librepo: Downloading: https://kojipkgs.fedoraproject.org/compose/38/latest-Fedora-38/compose/Everything/x86_64/os/Packages/l/libverto-0.3.2-5.fc38.x86_64.rpm
06:48:25,315 INF librepo: Downloading: https://kojipkgs.fedoraproject.org/compose/38/latest-Fedora-38/compose/Everything/x86_64/os/Packages/r/rpm-sequoia-1.3.0-1.fc38.x86_64.rpm
06:48:25,315 INF librepo: Downloading: https://kojipkgs.fedoraproject.org/compose/38/latest-Fedora-38/compose/Everything/x86_64/os/Packages/r/readline-8.2-3.fc38.x86_64.rpm
06:48:25,316 INF librepo: Downloading: https://kojipkgs.fedoraproject.org/compose/38/latest-Fedora-38/compose/Everything/x86_64/os/Packages/g/gnupg2-2.4.0-3.fc38.x86_64.rpm
06:48:25,321 INF librepo: Downloading: https://kojipkgs.fedoraproject.org/compose/38/latest-Fedora-38/compose/Everything/x86_64/os/Packages/s/systemd-libs-253.2-1.fc38.x86_64.rpm
06:48:25,332 INF librepo: Downloading: https://kojipkgs.fedoraproject.org/compose/38/latest-Fedora-38/compose/Everything/x86_64/os/Packages/l/libbrotli-1.0.9-11.fc38.x86_64.rpm
06:48:25,340 INF librepo: Downloading: https://kojipkgs.fedoraproject.org/compose/38/latest-Fedora-38/compose/Everything/x86_64/os/Packages/s/sed-4.8-12.fc38.x86_64.rpm
06:48:25,353 INF librepo: Downloading: https://kojipkgs.fedoraproject.org/compose/updates/f38-updates/compose/Everything/x86_64/os/Packages/l/libxml2-2.10.4-1.fc38.x86_64.rpm
06:48:25,353 INF librepo: Downloading: https://kojipkgs.fedoraproject.org/compose/38/latest-Fedora-38/compose/Everything/x86_64/os/Packages/l/libssh-0.10.4-4.fc38.x86_64.rpm
06:48:25,356 INF librepo: Downloading: https://kojipkgs.fedoraproject.org/compose/38/latest-Fedora-38/compose/Everything/x86_64/os/Packages/g/gawk-5.1.1-5.fc38.x86_64.rpm
06:48:25,360 INF librepo: Downloading: https://kojipkgs.fedoraproject.org/compose/38/latest-Fedora-38/compose/Everything/x86_64/os/Packages/l/libssh-config-0.10.4-4.fc38.noarch.rpm
06:48:25,366 INF librepo: Downloading: https://kojipkgs.fedoraproject.org/compose/38/latest-Fedora-38/compose/Everything/x86_64/os/Packages/p/p11-kit-0.24.1-6.fc38.x86_64.rpm
06:48:25,373 INF librepo: Downloading: https://kojipkgs.fedoraproject.org/compose/38/latest-Fedora-38/compose/Everything/x86_64/os/Packages/u/util-linux-core-2.38.1-4.fc38.x86_64.rpm
06:48:25,373 INF librepo: Downloading: https://kojipkgs.fedoraproject.org/compose/38/latest-Fedora-38/compose/Everything/x86_64/os/Packages/l/libdnf5-5.0.6-2.fc38.x86_64.rpm
06:48:25,376 INF librepo: Downloading: https://kojipkgs.fedoraproject.org/compose/38/latest-Fedora-38/compose/Everything/x86_64/os/Packages/p/p11-kit-trust-0.24.1-6.fc38.x86_64.rpm
06:48:25,440 INF librepo: Downloading: https://kojipkgs.fedoraproject.org/compose/38/latest-Fedora-38/compose/Everything/x86_64/os/Packages/l/libdnf5-cli-5.0.6-2.fc38.x86_64.rpm
06:48:25,443 INF librepo: Downloading: https://kojipkgs.fedoraproject.org/compose/38/latest-Fedora-38/compose/Everything/x86_64/os/Packages/g/gnutls-3.8.0-2.fc38.x86_64.rpm
06:48:25,448 INF librepo: Downloading: https://kojipkgs.fedoraproject.org/compose/updates/f38-updates/compose/Everything/x86_64/os/Packages/l/libzstd-1.5.5-1.fc38.x86_64.rpm
06:48:25,452 INF librepo: Downloading: https://kojipkgs.fedoraproject.org/compose/38/latest-Fedora-38/compose/Everything/x86_64/os/Packages/o/openldap-2.6.4-1.fc38.x86_64.rpm
06:48:25,461 INF librepo: Downloading: https://kojipkgs.fedoraproject.org/compose/38/latest-Fedora-38/compose/Everything/x86_64/os/Packages/c/curl-7.87.0-7.fc38.x86_64.rpm
06:48:25,461 INF librepo: Downloading: https://kojipkgs.fedoraproject.org/compose/38/latest-Fedora-38/compose/Everything/x86_64/os/Packages/f/file-libs-5.44-3.fc38.x86_64.rpm
06:48:25,463 INF librepo: Downloading: https://kojipkgs.fedoraproject.org/compose/38/latest-Fedora-38/compose/Everything/x86_64/os/Packages/f/filesystem-3.18-3.fc38.x86_64.rpm
06:48:25,472 INF librepo: Downloading: https://kojipkgs.fedoraproject.org/compose/38/latest-Fedora-38/compose/Everything/x86_64/os/Packages/l/libmodulemd-2.14.0-5.fc38.x86_64.rpm
06:48:25,478 INF librepo: Downloading: https://kojipkgs.fedoraproject.org/compose/38/latest-Fedora-38/compose/Everything/x86_64/os/Packages/l/libstdc%2b%2b-13.0.1-0.12.fc38.x86_64.rpm
06:48:25,484 INF librepo: Downloading: https://kojipkgs.fedoraproject.org/compose/38/latest-Fedora-38/compose/Everything/x86_64/os/Packages/f/findutils-4.9.0-3.fc38.x86_64.rpm
06:48:25,484 INF librepo: Downloading: https://kojipkgs.fedoraproject.org/compose/38/latest-Fedora-38/compose/Everything/x86_64/os/Packages/l/libmount-2.38.1-4.fc38.x86_64.rpm
06:48:25,491 INF librepo: Downloading: https://kojipkgs.fedoraproject.org/compose/38/latest-Fedora-38/compose/Everything/x86_64/os/Packages/l/librepo-1.15.1-2.fc38.x86_64.rpm
06:48:25,496 INF librepo: Downloading: https://kojipkgs.fedoraproject.org/compose/38/latest-Fedora-38/compose/Everything/x86_64/os/Packages/l/libcap-2.48-6.fc38.x86_64.rpm
06:48:25,496 INF librepo: Downloading: https://kojipkgs.fedoraproject.org/compose/38/latest-Fedora-38/compose/Everything/x86_64/os/Packages/l/libcap-ng-0.8.3-5.fc38.x86_64.rpm
06:48:25,497 INF librepo: Downloading: https://kojipkgs.fedoraproject.org/compose/38/latest-Fedora-38/compose/Everything/x86_64/os/Packages/l/libreport-filesystem-2.17.9-1.fc38.noarch.rpm
06:48:25,500 INF librepo: Downloading: https://kojipkgs.fedoraproject.org/compose/38/latest-Fedora-38/compose/Everything/x86_64/os/Packages/p/publicsuffix-list-dafsa-20230318-1.fc38.noarch.rpm
06:48:25,501 INF librepo: Downloading: https://kojipkgs.fedoraproject.org/compose/38/latest-Fedora-38/compose/Everything/x86_64/os/Packages/a/audit-libs-3.1-2.fc38.x86_64.rpm
06:48:25,501 INF librepo: Downloading: https://kojipkgs.fedoraproject.org/compose/38/latest-Fedora-38/compose/Everything/x86_64/os/Packages/m/mpfr-4.1.1-3.fc38.x86_64.rpm
06:48:25,503 INF librepo: Downloading: https://kojipkgs.fedoraproject.org/compose/38/latest-Fedora-38/compose/Everything/x86_64/os/Packages/s/setup-2.14.3-2.fc38.noarch.rpm
06:48:25,508 INF librepo: Downloading: https://kojipkgs.fedoraproject.org/compose/updates/f38-updates/compose/Everything/x86_64/os/Packages/l/langpacks-core-en-3.0-32.fc38.noarch.rpm
