06:47:03,726 DBG packaging: Tearing down sources
06:47:03,734 DBG packaging: Preparing the DNF base
06:47:03,749 DBG dnf: User-Agent: constructed: 'libdnf (Fedora Linux 38; generic; Linux.x86_64)'
06:47:04,036 DDEBUG dnf: Getting group metadata
06:47:04,037 DDEBUG dnf: timer: loading comps: 0 ms
06:47:04,107 INF packaging: Configuring the base repo
06:47:04,228 DBG packaging: Using the repo configuration: RepoConfigurationData(cost=1000, enabled=True, excluded_packages=[], included_packages=[], installation_enabled=False, name='anaconda-0', origin='USER', proxy='', ssl_configuration=SSLConfigurationData(), ssl_verification_enabled=True, type='BASEURL', url='https://kojipkgs.fedoraproject.org/compose/38/latest-Fedora-38/compose/Everything/x86_64/os/')
06:47:04,229 DBG packaging: Reload treeinfo metadata.
06:47:04,354 DBG packaging: Update treeinfo repositories...
06:47:04,358 DBG packaging: Remove all treeinfo repositories.
06:47:04,365 DBG packaging: Add the base repository at https://kojipkgs.fedoraproject.org/compose/38/latest-Fedora-38/compose/Everything/x86_64/os/.
06:47:04,381 DBG dnf: repo: downloading from remote: anaconda
06:47:09,256 DBG packaging: Add the 'koji-override-0' repository (RepoConfigurationData(cost=1000, enabled=True, excluded_packages=[], included_packages=[], installation_enabled=False, name='koji-override-0', origin='USER', proxy='', ssl_configuration=SSLConfigurationData(), ssl_verification_enabled=True, type='BASEURL', url='https://kojipkgs.fedoraproject.org/compose/38/latest-Fedora-38/compose/Everything/x86_64/os/')).
06:47:09,258 DBG dnf: repo: downloading from remote: koji-override-0
06:47:11,665 DBG packaging: Add the 'koji-override-1' repository (RepoConfigurationData(cost=1000, enabled=True, excluded_packages=[], included_packages=[], installation_enabled=False, name='koji-override-1', origin='USER', proxy='', ssl_configuration=SSLConfigurationData(), ssl_verification_enabled=True, type='BASEURL', url='https://kojipkgs.fedoraproject.org/compose/updates/f38-updates/compose/Everything/x86_64/os/')).
06:47:11,667 DBG dnf: repo: downloading from remote: koji-override-1
06:47:12,451 DBG dnf: repo: using cache for: anaconda
06:47:12,452 DBG dnf: repo: using cache for: koji-override-0
06:47:12,452 DBG dnf: repo: using cache for: koji-override-1
06:47:12,494 DBG dnf: repo: using cache for: anaconda
06:47:45,485 DBG dnf: anaconda: using metadata from Thu 13 Apr 2023 08:37:10 PM UTC.
06:47:45,486 DBG dnf: repo: using cache for: koji-override-0
06:48:12,849 DBG dnf: koji-override-0: using metadata from Thu 13 Apr 2023 08:37:10 PM UTC.
06:48:12,850 DBG dnf: repo: using cache for: koji-override-1
06:48:15,005 DBG dnf: koji-override-1: using metadata from Wed 19 Apr 2023 01:31:25 AM UTC.
06:48:15,006 INF dnf: Last metadata expiration check: 0:00:38 ago on Wed 19 Apr 2023 06:47:12 AM UTC.
06:48:15,014 DBG dnf: User-Agent: constructed: 'libdnf (Fedora Linux 38; generic; Linux.x86_64)'
06:48:15,023 DDEBUG dnf: timer: sack setup: 62570 ms
06:48:15,024 DDEBUG dnf: Getting group metadata
06:48:15,024 DDEBUG dnf: Adding group file from repository: anaconda
06:48:15,088 DDEBUG dnf: Adding group file from repository: koji-override-0
06:48:15,201 DDEBUG dnf: Adding group file from repository: koji-override-1
06:48:15,408 DDEBUG dnf: timer: loading comps: 384 ms
06:48:20,996 DDEBUG dnf: timer: depsolve: 28 ms
06:48:24,564 DDEBUG dnf: timer: depsolve: 55 ms
06:48:25,570 INF dnf: Running transaction check
06:48:25,693 INF dnf: Transaction check succeeded.
06:48:25,693 INF dnf: Running transaction test
06:48:26,715 INF dnf: Transaction test succeeded.
06:48:26,716 DDEBUG dnf: timer: transaction test: 1022 ms
06:48:26,717 INF dnf: Running transaction
06:48:26,718 DBG dnf: RPMDB altered outside of DNF.
06:48:28,174 DDEBUG dnf: RPM transaction start.
06:48:42,945 DDEBUG dnf: RPM transaction over.
06:48:43,129 DDEBUG dnf: timer: verify transaction: 180 ms
06:48:43,130 DDEBUG dnf: timer: transaction: 16413 ms
06:48:43,301 DBG dnf: Installed: alternatives-1.22-1.fc38.x86_64
06:48:43,302 DBG dnf: Installed: audit-libs-3.1-2.fc38.x86_64
06:48:43,303 DBG dnf: Installed: basesystem-11-15.fc38.noarch
06:48:43,303 DBG dnf: Installed: bash-5.2.15-3.fc38.x86_64
06:48:43,303 DBG dnf: Installed: bzip2-libs-1.0.8-13.fc38.x86_64
06:48:43,304 DBG dnf: Installed: ca-certificates-2023.2.60-2.fc38.noarch
06:48:43,304 DBG dnf: Installed: coreutils-9.1-11.fc38.x86_64
06:48:43,304 DBG dnf: Installed: coreutils-common-9.1-11.fc38.x86_64
06:48:43,304 DBG dnf: Installed: crypto-policies-20230301-1.gita12f7b2.fc38.noarch
06:48:43,305 DBG dnf: Installed: curl-7.87.0-7.fc38.x86_64
06:48:43,305 DBG dnf: Installed: cyrus-sasl-lib-2.1.28-9.fc38.x86_64
06:48:43,305 DBG dnf: Installed: dnf-data-4.14.0-2.fc38.noarch
06:48:43,305 DBG dnf: Installed: dnf5-5.0.6-2.fc38.x86_64
06:48:43,306 DBG dnf: Installed: fedora-gpg-keys-38-1.noarch
06:48:43,306 DBG dnf: Installed: fedora-release-common-38-34.noarch
06:48:43,306 DBG dnf: Installed: fedora-release-container-38-34.noarch
06:48:43,306 DBG dnf: Installed: fedora-release-identity-container-38-34.noarch
06:48:43,307 DBG dnf: Installed: fedora-repos-38-1.noarch
06:48:43,307 DBG dnf: Installed: file-libs-5.44-3.fc38.x86_64
06:48:43,307 DBG dnf: Installed: filesystem-3.18-3.fc38.x86_64
06:48:43,308 DBG dnf: Installed: findutils-1:4.9.0-3.fc38.x86_64
06:48:43,308 DBG dnf: Installed: fmt-9.1.0-2.fc38.x86_64
06:48:43,308 DBG dnf: Installed: fonts-filesystem-1:2.0.5-11.fc38.noarch
06:48:43,309 DBG dnf: Installed: gawk-5.1.1-5.fc38.x86_64
06:48:43,309 DBG dnf: Installed: gdbm-libs-1:1.23-3.fc38.x86_64
06:48:43,309 DBG dnf: Installed: glib2-2.76.1-1.fc38.x86_64
06:48:43,309 DBG dnf: Installed: glibc-2.37-1.fc38.x86_64
06:48:43,310 DBG dnf: Installed: glibc-common-2.37-1.fc38.x86_64
06:48:43,310 DBG dnf: Installed: glibc-minimal-langpack-2.37-1.fc38.x86_64
06:48:43,310 DBG dnf: Installed: gmp-1:6.2.1-4.fc38.x86_64
06:48:43,310 DBG dnf: Installed: gnupg2-2.4.0-3.fc38.x86_64
06:48:43,311 DBG dnf: Installed: gnutls-3.8.0-2.fc38.x86_64
06:48:43,311 DBG dnf: Installed: google-noto-fonts-common-20230201-1.fc38.noarch
06:48:43,311 DBG dnf: Installed: google-noto-sans-vf-fonts-20230201-1.fc38.noarch
06:48:43,311 DBG dnf: Installed: gpgme-1.17.1-3.fc38.x86_64
06:48:43,312 DBG dnf: Installed: grep-3.8-3.fc38.x86_64
06:48:43,312 DBG dnf: Installed: keyutils-libs-1.6.1-6.fc38.x86_64
06:48:43,312 DBG dnf: Installed: krb5-libs-1.20.1-8.fc38.x86_64
06:48:43,313 DBG dnf: Installed: langpacks-core-en-3.0-32.fc38.noarch
06:48:43,313 DBG dnf: Installed: langpacks-core-font-en-3.0-32.fc38.noarch
06:48:43,313 DBG dnf: Installed: langpacks-en-3.0-32.fc38.noarch
06:48:43,313 DBG dnf: Installed: libacl-2.3.1-6.fc38.x86_64
06:48:43,314 DBG dnf: Installed: libarchive-3.6.1-4.fc38.x86_64
06:48:43,314 DBG dnf: Installed: libassuan-2.5.5-6.fc38.x86_64
06:48:43,314 DBG dnf: Installed: libattr-2.5.1-6.fc38.x86_64
06:48:43,314 DBG dnf: Installed: libblkid-2.38.1-4.fc38.x86_64
06:48:43,314 DBG dnf: Installed: libbrotli-1.0.9-11.fc38.x86_64
06:48:43,315 DBG dnf: Installed: libcap-2.48-6.fc38.x86_64
06:48:43,315 DBG dnf: Installed: libcap-ng-0.8.3-5.fc38.x86_64
06:48:43,315 DBG dnf: Installed: libcom_err-1.46.5-4.fc38.x86_64
06:48:43,316 DBG dnf: Installed: libcurl-7.87.0-7.fc38.x86_64
06:48:43,316 DBG dnf: Installed: libdnf5-5.0.6-2.fc38.x86_64
06:48:43,316 DBG dnf: Installed: libdnf5-cli-5.0.6-2.fc38.x86_64
06:48:43,316 DBG dnf: Installed: libevent-2.1.12-8.fc38.x86_64
06:48:43,317 DBG dnf: Installed: libffi-3.4.4-2.fc38.x86_64
06:48:43,317 DBG dnf: Installed: libgcc-13.0.1-0.12.fc38.x86_64
06:48:43,317 DBG dnf: Installed: libgcrypt-1.10.1-7.fc38.x86_64
06:48:43,317 DBG dnf: Installed: libgpg-error-1.46-2.fc38.x86_64
06:48:43,317 DBG dnf: Installed: libidn2-2.3.4-2.fc38.x86_64
06:48:43,318 DBG dnf: Installed: libksba-1.6.3-2.fc38.x86_64
06:48:43,318 DBG dnf: Installed: libmodulemd-2.14.0-5.fc38.x86_64
06:48:43,318 DBG dnf: Installed: libmount-2.38.1-4.fc38.x86_64
06:48:43,318 DBG dnf: Installed: libnghttp2-1.52.0-1.fc38.x86_64
06:48:43,319 DBG dnf: Installed: libpsl-0.21.2-2.fc38.x86_64
06:48:43,319 DBG dnf: Installed: librepo-1.15.1-2.fc38.x86_64
06:48:43,319 DBG dnf: Installed: libreport-filesystem-2.17.9-1.fc38.noarch
06:48:43,319 DBG dnf: Installed: libselinux-3.5-1.fc38.x86_64
06:48:43,320 DBG dnf: Installed: libsepol-3.5-1.fc38.x86_64
06:48:43,320 DBG dnf: Installed: libsigsegv-2.14-4.fc38.x86_64
06:48:43,320 DBG dnf: Installed: libsmartcols-2.38.1-4.fc38.x86_64
06:48:43,320 DBG dnf: Installed: libsolv-0.7.22-4.fc38.x86_64
06:48:43,320 DBG dnf: Installed: libssh-0.10.4-4.fc38.x86_64
06:48:43,321 DBG dnf: Installed: libssh-config-0.10.4-4.fc38.noarch
06:48:43,321 DBG dnf: Installed: libstdc++-13.0.1-0.12.fc38.x86_64
06:48:43,321 DBG dnf: Installed: libtasn1-4.19.0-2.fc38.x86_64
06:48:43,321 DBG dnf: Installed: libunistring-1.1-3.fc38.x86_64
06:48:43,321 DBG dnf: Installed: libunistring1.0-1.0-1.fc38.x86_64
06:48:43,322 DBG dnf: Installed: libuuid-2.38.1-4.fc38.x86_64
06:48:43,322 DBG dnf: Installed: libverto-0.3.2-5.fc38.x86_64
06:48:43,322 DBG dnf: Installed: libxcrypt-4.4.33-7.fc38.x86_64
06:48:43,323 DBG dnf: Installed: libxml2-2.10.4-1.fc38.x86_64
06:48:43,323 DBG dnf: Installed: libyaml-0.2.5-9.fc38.x86_64
06:48:43,323 DBG dnf: Installed: libzstd-1.5.5-1.fc38.x86_64
06:48:43,324 DBG dnf: Installed: lua-libs-5.4.4-9.fc38.x86_64
06:48:43,324 DBG dnf: Installed: lz4-libs-1.9.4-2.fc38.x86_64
06:48:43,324 DBG dnf: Installed: mpfr-4.1.1-3.fc38.x86_64
06:48:43,324 DBG dnf: Installed: ncurses-base-6.4-3.20230114.fc38.noarch
06:48:43,325 DBG dnf: Installed: ncurses-libs-6.4-3.20230114.fc38.x86_64
06:48:43,325 DBG dnf: Installed: nettle-3.8-3.fc38.x86_64
06:48:43,325 DBG dnf: Installed: npth-1.6-12.fc38.x86_64
06:48:43,325 DBG dnf: Installed: openldap-2.6.4-1.fc38.x86_64
06:48:43,325 DBG dnf: Installed: openssl-libs-1:3.0.8-2.fc38.x86_64
06:48:43,326 DBG dnf: Installed: p11-kit-0.24.1-6.fc38.x86_64
06:48:43,326 DBG dnf: Installed: p11-kit-trust-0.24.1-6.fc38.x86_64
06:48:43,326 DBG dnf: Installed: pcre2-10.42-1.fc38.1.x86_64
06:48:43,326 DBG dnf: Installed: pcre2-syntax-10.42-1.fc38.1.noarch
06:48:43,326 DBG dnf: Installed: popt-1.19-2.fc38.x86_64
06:48:43,326 DBG dnf: Installed: publicsuffix-list-dafsa-20230318-1.fc38.noarch
06:48:43,327 DBG dnf: Installed: readline-8.2-3.fc38.x86_64
06:48:43,327 DBG dnf: Installed: rpm-4.18.1-1.fc38.x86_64
06:48:43,327 DBG dnf: Installed: rpm-libs-4.18.1-1.fc38.x86_64
06:48:43,327 DBG dnf: Installed: rpm-sequoia-1.3.0-1.fc38.x86_64
06:48:43,327 DBG dnf: Installed: sed-4.8-12.fc38.x86_64
06:48:43,328 DBG dnf: Installed: setup-2.14.3-2.fc38.noarch
06:48:43,328 DBG dnf: Installed: sqlite-libs-3.40.1-2.fc38.x86_64
06:48:43,328 DBG dnf: Installed: systemd-libs-253.2-1.fc38.x86_64
06:48:43,328 DBG dnf: Installed: tzdata-2023c-1.fc38.noarch
06:48:43,328 DBG dnf: Installed: util-linux-core-2.38.1-4.fc38.x86_64
06:48:43,328 DBG dnf: Installed: xz-libs-5.4.1-1.fc38.x86_64
06:48:43,329 DBG dnf: Installed: zchunk-libs-1.3.1-1.fc38.x86_64
06:48:43,329 DBG dnf: Installed: zlib-1.2.13-3.fc38.x86_64
06:48:43,330 DDEBUG dnf: Cleaning up.
06:48:43,331 DDEBUG dnf: /mnt/sysroot/tmp/dnf.package.cache/libacl-2.3.1-6.fc38.x86_64.rpm removed
06:48:43,332 DDEBUG dnf: /mnt/sysroot/tmp/dnf.package.cache/gawk-5.1.1-5.fc38.x86_64.rpm removed
06:48:43,332 DDEBUG dnf: /mnt/sysroot/tmp/dnf.package.cache/libattr-2.5.1-6.fc38.x86_64.rpm removed
06:48:43,332 DDEBUG dnf: /mnt/sysroot/tmp/dnf.package.cache/libsmartcols-2.38.1-4.fc38.x86_64.rpm removed
06:48:43,332 DDEBUG dnf: /mnt/sysroot/tmp/dnf.package.cache/krb5-libs-1.20.1-8.fc38.x86_64.rpm removed
06:48:43,332 DDEBUG dnf: /mnt/sysroot/tmp/dnf.package.cache/lua-libs-5.4.4-9.fc38.x86_64.rpm removed
06:48:43,332 DDEBUG dnf: /mnt/sysroot/tmp/dnf.package.cache/fedora-gpg-keys-38-1.noarch.rpm removed
06:48:43,332 DDEBUG dnf: /mnt/sysroot/tmp/dnf.package.cache/readline-8.2-3.fc38.x86_64.rpm removed
06:48:43,332 DDEBUG dnf: /mnt/sysroot/tmp/dnf.package.cache/nettle-3.8-3.fc38.x86_64.rpm removed
06:48:43,332 DDEBUG dnf: /mnt/sysroot/tmp/dnf.package.cache/popt-1.19-2.fc38.x86_64.rpm removed
06:48:43,332 DDEBUG dnf: /mnt/sysroot/tmp/dnf.package.cache/p11-kit-0.24.1-6.fc38.x86_64.rpm removed
06:48:43,333 DDEBUG dnf: /mnt/sysroot/tmp/dnf.package.cache/grep-3.8-3.fc38.x86_64.rpm removed
06:48:43,333 DDEBUG dnf: /mnt/sysroot/tmp/dnf.package.cache/libevent-2.1.12-8.fc38.x86_64.rpm removed
06:48:43,333 DDEBUG dnf: /mnt/sysroot/tmp/dnf.package.cache/alternatives-1.22-1.fc38.x86_64.rpm removed
06:48:43,333 DDEBUG dnf: /mnt/sysroot/tmp/dnf.package.cache/zlib-1.2.13-3.fc38.x86_64.rpm removed
06:48:43,333 DDEBUG dnf: /mnt/sysroot/tmp/dnf.package.cache/openssl-libs-3.0.8-2.fc38.x86_64.rpm removed
06:48:43,333 DDEBUG dnf: /mnt/sysroot/tmp/dnf.package.cache/npth-1.6-12.fc38.x86_64.rpm removed
06:48:43,333 DDEBUG dnf: /mnt/sysroot/tmp/dnf.package.cache/libnghttp2-1.52.0-1.fc38.x86_64.rpm removed
06:48:43,333 DDEBUG dnf: /mnt/sysroot/tmp/dnf.package.cache/libgcc-13.0.1-0.12.fc38.x86_64.rpm removed
06:48:43,333 DDEBUG dnf: /mnt/sysroot/tmp/dnf.package.cache/audit-libs-3.1-2.fc38.x86_64.rpm removed
06:48:43,333 DDEBUG dnf: /mnt/sysroot/tmp/dnf.package.cache/curl-7.87.0-7.fc38.x86_64.rpm removed
06:48:43,333 DDEBUG dnf: /mnt/sysroot/tmp/dnf.package.cache/libsolv-0.7.22-4.fc38.x86_64.rpm removed
06:48:43,334 DDEBUG dnf: /mnt/sysroot/tmp/dnf.package.cache/ncurses-base-6.4-3.20230114.fc38.noarch.rpm removed
06:48:43,334 DDEBUG dnf: /mnt/sysroot/tmp/dnf.package.cache/glibc-2.37-1.fc38.x86_64.rpm removed
06:48:43,334 DDEBUG dnf: /mnt/sysroot/tmp/dnf.package.cache/fedora-release-identity-container-38-34.noarch.rpm removed
06:48:43,334 DDEBUG dnf: /mnt/sysroot/tmp/dnf.package.cache/libunistring1.0-1.0-1.fc38.x86_64.rpm removed
06:48:43,334 DDEBUG dnf: /mnt/sysroot/tmp/dnf.package.cache/libpsl-0.21.2-2.fc38.x86_64.rpm removed
06:48:43,334 DDEBUG dnf: /mnt/sysroot/tmp/dnf.package.cache/libksba-1.6.3-2.fc38.x86_64.rpm removed
06:48:43,334 DDEBUG dnf: /mnt/sysroot/tmp/dnf.package.cache/libsigsegv-2.14-4.fc38.x86_64.rpm removed
06:48:43,334 DDEBUG dnf: /mnt/sysroot/tmp/dnf.package.cache/libzstd-1.5.5-1.fc38.x86_64.rpm removed
06:48:43,334 DDEBUG dnf: /mnt/sysroot/tmp/dnf.package.cache/libtasn1-4.19.0-2.fc38.x86_64.rpm removed
06:48:43,334 DDEBUG dnf: /mnt/sysroot/tmp/dnf.package.cache/gmp-6.2.1-4.fc38.x86_64.rpm removed
06:48:43,335 DDEBUG dnf: /mnt/sysroot/tmp/dnf.package.cache/libyaml-0.2.5-9.fc38.x86_64.rpm removed
06:48:43,335 DDEBUG dnf: /mnt/sysroot/tmp/dnf.package.cache/langpacks-core-en-3.0-32.fc38.noarch.rpm removed
06:48:43,345 DDEBUG dnf: /mnt/sysroot/tmp/dnf.package.cache/file-libs-5.44-3.fc38.x86_64.rpm removed
06:48:43,345 DDEBUG dnf: /mnt/sysroot/tmp/dnf.package.cache/libmount-2.38.1-4.fc38.x86_64.rpm removed
06:48:43,345 DDEBUG dnf: /mnt/sysroot/tmp/dnf.package.cache/libidn2-2.3.4-2.fc38.x86_64.rpm removed
06:48:43,345 DDEBUG dnf: /mnt/sysroot/tmp/dnf.package.cache/libcurl-7.87.0-7.fc38.x86_64.rpm removed
06:48:43,345 DDEBUG dnf: /mnt/sysroot/tmp/dnf.package.cache/openldap-2.6.4-1.fc38.x86_64.rpm removed
06:48:43,346 DDEBUG dnf: /mnt/sysroot/tmp/dnf.package.cache/glib2-2.76.1-1.fc38.x86_64.rpm removed
06:48:43,346 DDEBUG dnf: /mnt/sysroot/tmp/dnf.package.cache/google-noto-fonts-common-20230201-1.fc38.noarch.rpm removed
06:48:43,346 DDEBUG dnf: /mnt/sysroot/tmp/dnf.package.cache/libassuan-2.5.5-6.fc38.x86_64.rpm removed
06:48:43,346 DDEBUG dnf: /mnt/sysroot/tmp/dnf.package.cache/libssh-0.10.4-4.fc38.x86_64.rpm removed
06:48:43,346 DDEBUG dnf: /mnt/sysroot/tmp/dnf.package.cache/gdbm-libs-1.23-3.fc38.x86_64.rpm removed
06:48:43,346 DDEBUG dnf: /mnt/sysroot/tmp/dnf.package.cache/systemd-libs-253.2-1.fc38.x86_64.rpm removed
06:48:43,346 DDEBUG dnf: /mnt/sysroot/tmp/dnf.package.cache/util-linux-core-2.38.1-4.fc38.x86_64.rpm removed
06:48:43,346 DDEBUG dnf: /mnt/sysroot/tmp/dnf.package.cache/libarchive-3.6.1-4.fc38.x86_64.rpm removed
06:48:43,346 DDEBUG dnf: /mnt/sysroot/tmp/dnf.package.cache/publicsuffix-list-dafsa-20230318-1.fc38.noarch.rpm removed
06:48:43,347 DDEBUG dnf: /mnt/sysroot/tmp/dnf.package.cache/gnupg2-2.4.0-3.fc38.x86_64.rpm removed
06:48:43,347 DDEBUG dnf: /mnt/sysroot/tmp/dnf.package.cache/tzdata-2023c-1.fc38.noarch.rpm removed
06:48:43,347 DDEBUG dnf: /mnt/sysroot/tmp/dnf.package.cache/xz-libs-5.4.1-1.fc38.x86_64.rpm removed
06:48:43,347 DDEBUG dnf: /mnt/sysroot/tmp/dnf.package.cache/pcre2-10.42-1.fc38.1.x86_64.rpm removed
06:48:43,347 DDEBUG dnf: /mnt/sysroot/tmp/dnf.package.cache/fonts-filesystem-2.0.5-11.fc38.noarch.rpm removed
06:48:43,347 DDEBUG dnf: /mnt/sysroot/tmp/dnf.package.cache/filesystem-3.18-3.fc38.x86_64.rpm removed
06:48:43,348 DDEBUG dnf: /mnt/sysroot/tmp/dnf.package.cache/libsepol-3.5-1.fc38.x86_64.rpm removed
06:48:43,348 DDEBUG dnf: /mnt/sysroot/tmp/dnf.package.cache/librepo-1.15.1-2.fc38.x86_64.rpm removed
06:48:43,348 DDEBUG dnf: /mnt/sysroot/tmp/dnf.package.cache/gpgme-1.17.1-3.fc38.x86_64.rpm removed
06:48:43,348 DDEBUG dnf: /mnt/sysroot/tmp/dnf.package.cache/dnf5-5.0.6-2.fc38.x86_64.rpm removed
06:48:43,348 DDEBUG dnf: /mnt/sysroot/tmp/dnf.package.cache/libbrotli-1.0.9-11.fc38.x86_64.rpm removed
06:48:43,348 DDEBUG dnf: /mnt/sysroot/tmp/dnf.package.cache/libgcrypt-1.10.1-7.fc38.x86_64.rpm removed
06:48:43,348 DDEBUG dnf: /mnt/sysroot/tmp/dnf.package.cache/gnutls-3.8.0-2.fc38.x86_64.rpm removed
06:48:43,349 DDEBUG dnf: /mnt/sysroot/tmp/dnf.package.cache/libmodulemd-2.14.0-5.fc38.x86_64.rpm removed
06:48:43,349 DDEBUG dnf: /mnt/sysroot/tmp/dnf.package.cache/zchunk-libs-1.3.1-1.fc38.x86_64.rpm removed
06:48:43,349 DDEBUG dnf: /mnt/sysroot/tmp/dnf.package.cache/langpacks-en-3.0-32.fc38.noarch.rpm removed
06:48:43,349 DDEBUG dnf: /mnt/sysroot/tmp/dnf.package.cache/ncurses-libs-6.4-3.20230114.fc38.x86_64.rpm removed
06:48:43,349 DDEBUG dnf: /mnt/sysroot/tmp/dnf.package.cache/basesystem-11-15.fc38.noarch.rpm removed
06:48:43,349 DDEBUG dnf: /mnt/sysroot/tmp/dnf.package.cache/p11-kit-trust-0.24.1-6.fc38.x86_64.rpm removed
06:48:43,349 DDEBUG dnf: /mnt/sysroot/tmp/dnf.package.cache/libssh-config-0.10.4-4.fc38.noarch.rpm removed
06:48:43,349 DDEBUG dnf: /mnt/sysroot/tmp/dnf.package.cache/libcap-2.48-6.fc38.x86_64.rpm removed
06:48:43,349 DDEBUG dnf: /mnt/sysroot/tmp/dnf.package.cache/libuuid-2.38.1-4.fc38.x86_64.rpm removed
06:48:43,349 DDEBUG dnf: /mnt/sysroot/tmp/dnf.package.cache/setup-2.14.3-2.fc38.noarch.rpm removed
06:48:43,349 DDEBUG dnf: /mnt/sysroot/tmp/dnf.package.cache/libcom_err-1.46.5-4.fc38.x86_64.rpm removed
06:48:43,349 DDEBUG dnf: /mnt/sysroot/tmp/dnf.package.cache/fedora-release-container-38-34.noarch.rpm removed
06:48:43,350 DDEBUG dnf: /mnt/sysroot/tmp/dnf.package.cache/bash-5.2.15-3.fc38.x86_64.rpm removed
06:48:43,350 DDEBUG dnf: /mnt/sysroot/tmp/dnf.package.cache/fedora-release-common-38-34.noarch.rpm removed
06:48:43,350 DDEBUG dnf: /mnt/sysroot/tmp/dnf.package.cache/libdnf5-5.0.6-2.fc38.x86_64.rpm removed
06:48:43,350 DDEBUG dnf: /mnt/sysroot/tmp/dnf.package.cache/coreutils-common-9.1-11.fc38.x86_64.rpm removed
06:48:43,350 DDEBUG dnf: /mnt/sysroot/tmp/dnf.package.cache/sqlite-libs-3.40.1-2.fc38.x86_64.rpm removed
06:48:43,351 DDEBUG dnf: /mnt/sysroot/tmp/dnf.package.cache/libstdc++-13.0.1-0.12.fc38.x86_64.rpm removed
06:48:43,351 DDEBUG dnf: /mnt/sysroot/tmp/dnf.package.cache/pcre2-syntax-10.42-1.fc38.1.noarch.rpm removed
06:48:43,351 DDEBUG dnf: /mnt/sysroot/tmp/dnf.package.cache/libblkid-2.38.1-4.fc38.x86_64.rpm removed
06:48:43,351 DDEBUG dnf: /mnt/sysroot/tmp/dnf.package.cache/bzip2-libs-1.0.8-13.fc38.x86_64.rpm removed
06:48:43,351 DDEBUG dnf: /mnt/sysroot/tmp/dnf.package.cache/libgpg-error-1.46-2.fc38.x86_64.rpm removed
06:48:43,351 DDEBUG dnf: /mnt/sysroot/tmp/dnf.package.cache/libunistring-1.1-3.fc38.x86_64.rpm removed
06:48:43,351 DDEBUG dnf: /mnt/sysroot/tmp/dnf.package.cache/libxcrypt-4.4.33-7.fc38.x86_64.rpm removed
06:48:43,351 DDEBUG dnf: /mnt/sysroot/tmp/dnf.package.cache/fmt-9.1.0-2.fc38.x86_64.rpm removed
06:48:43,351 DDEBUG dnf: /mnt/sysroot/tmp/dnf.package.cache/keyutils-libs-1.6.1-6.fc38.x86_64.rpm removed
06:48:43,351 DDEBUG dnf: /mnt/sysroot/tmp/dnf.package.cache/rpm-libs-4.18.1-1.fc38.x86_64.rpm removed
06:48:43,352 DDEBUG dnf: /mnt/sysroot/tmp/dnf.package.cache/rpm-4.18.1-1.fc38.x86_64.rpm removed
06:48:43,352 DDEBUG dnf: /mnt/sysroot/tmp/dnf.package.cache/mpfr-4.1.1-3.fc38.x86_64.rpm removed
06:48:43,352 DDEBUG dnf: /mnt/sysroot/tmp/dnf.package.cache/libreport-filesystem-2.17.9-1.fc38.noarch.rpm removed
06:48:43,352 DDEBUG dnf: /mnt/sysroot/tmp/dnf.package.cache/libxml2-2.10.4-1.fc38.x86_64.rpm removed
06:48:43,352 DDEBUG dnf: /mnt/sysroot/tmp/dnf.package.cache/glibc-minimal-langpack-2.37-1.fc38.x86_64.rpm removed
06:48:43,352 DDEBUG dnf: /mnt/sysroot/tmp/dnf.package.cache/cyrus-sasl-lib-2.1.28-9.fc38.x86_64.rpm removed
06:48:43,352 DDEBUG dnf: /mnt/sysroot/tmp/dnf.package.cache/findutils-4.9.0-3.fc38.x86_64.rpm removed
06:48:43,352 DDEBUG dnf: /mnt/sysroot/tmp/dnf.package.cache/lz4-libs-1.9.4-2.fc38.x86_64.rpm removed
06:48:43,352 DDEBUG dnf: /mnt/sysroot/tmp/dnf.package.cache/libdnf5-cli-5.0.6-2.fc38.x86_64.rpm removed
06:48:43,352 DDEBUG dnf: /mnt/sysroot/tmp/dnf.package.cache/libselinux-3.5-1.fc38.x86_64.rpm removed
06:48:43,352 DDEBUG dnf: /mnt/sysroot/tmp/dnf.package.cache/fedora-repos-38-1.noarch.rpm removed
06:48:43,353 DDEBUG dnf: /mnt/sysroot/tmp/dnf.package.cache/libffi-3.4.4-2.fc38.x86_64.rpm removed
06:48:43,353 DDEBUG dnf: /mnt/sysroot/tmp/dnf.package.cache/langpacks-core-font-en-3.0-32.fc38.noarch.rpm removed
06:48:43,353 DDEBUG dnf: /mnt/sysroot/tmp/dnf.package.cache/libcap-ng-0.8.3-5.fc38.x86_64.rpm removed
06:48:43,353 DDEBUG dnf: /mnt/sysroot/tmp/dnf.package.cache/crypto-policies-20230301-1.gita12f7b2.fc38.noarch.rpm removed
06:48:43,353 DDEBUG dnf: /mnt/sysroot/tmp/dnf.package.cache/ca-certificates-2023.2.60-2.fc38.noarch.rpm removed
06:48:43,353 DDEBUG dnf: /mnt/sysroot/tmp/dnf.package.cache/coreutils-9.1-11.fc38.x86_64.rpm removed
06:48:43,353 DDEBUG dnf: /mnt/sysroot/tmp/dnf.package.cache/libverto-0.3.2-5.fc38.x86_64.rpm removed
06:48:43,353 DDEBUG dnf: /mnt/sysroot/tmp/dnf.package.cache/dnf-data-4.14.0-2.fc38.noarch.rpm removed
06:48:43,353 DDEBUG dnf: /mnt/sysroot/tmp/dnf.package.cache/google-noto-sans-vf-fonts-20230201-1.fc38.noarch.rpm removed
06:48:43,353 DDEBUG dnf: /mnt/sysroot/tmp/dnf.package.cache/rpm-sequoia-1.3.0-1.fc38.x86_64.rpm removed
06:48:43,354 DDEBUG dnf: /mnt/sysroot/tmp/dnf.package.cache/sed-4.8-12.fc38.x86_64.rpm removed
06:48:43,354 DDEBUG dnf: /mnt/sysroot/tmp/dnf.package.cache/glibc-common-2.37-1.fc38.x86_64.rpm removed
06:48:47,021 DDEBUG dnf: Cleaning up.
06:48:47,021 INF dnf: The downloaded packages were saved in cache until the next successful transaction.
06:48:47,022 INF dnf: You can remove cached packages by executing 'dnf clean packages'.
