2023-08-20T19:52:45.959033+00:00 ERROR 'ansible_navigator.actions.collections._parse' /usr/share/ansible/collections/ansible_collections/redhatinsights/insights/roles/compliance/meta/argument_specs.yml Failed to find argument_specs.yml for role in redhatinsights.insights.
2023-08-20T19:52:45.959554+00:00 ERROR 'ansible_navigator.actions.collections._parse' /usr/share/ansible/collections/ansible_collections/redhatinsights/insights/roles/insights_client/meta/argument_specs.yml Failed to find argument_specs.yml for role in redhatinsights.insights.
2023-08-20T19:52:45.959620+00:00 ERROR 'ansible_navigator.actions.collections._parse' /usr/share/ansible/collections/ansible_collections/theforeman/foreman/roles/activation_keys/meta/argument_specs.yml Failed to find argument_specs.yml for role in theforeman.foreman.
2023-08-20T19:52:45.959665+00:00 ERROR 'ansible_navigator.actions.collections._parse' /usr/share/ansible/collections/ansible_collections/theforeman/foreman/roles/activation_keys/meta/main.yml Failed to find main.yml for role in theforeman.foreman.
2023-08-20T19:52:45.959729+00:00 ERROR 'ansible_navigator.actions.collections._parse' /usr/share/ansible/collections/ansible_collections/theforeman/foreman/roles/auth_sources_ldap/meta/argument_specs.yml Failed to find argument_specs.yml for role in theforeman.foreman.
2023-08-20T19:52:45.959762+00:00 ERROR 'ansible_navigator.actions.collections._parse' /usr/share/ansible/collections/ansible_collections/theforeman/foreman/roles/auth_sources_ldap/meta/main.yml Failed to find main.yml for role in theforeman.foreman.
2023-08-20T19:52:45.959795+00:00 ERROR 'ansible_navigator.actions.collections._parse' /usr/share/ansible/collections/ansible_collections/theforeman/foreman/roles/compute_profiles/meta/argument_specs.yml Failed to find argument_specs.yml for role in theforeman.foreman.
2023-08-20T19:52:45.959827+00:00 ERROR 'ansible_navigator.actions.collections._parse' /usr/share/ansible/collections/ansible_collections/theforeman/foreman/roles/compute_profiles/meta/main.yml Failed to find main.yml for role in theforeman.foreman.
2023-08-20T19:52:45.959858+00:00 ERROR 'ansible_navigator.actions.collections._parse' /usr/share/ansible/collections/ansible_collections/theforeman/foreman/roles/compute_resources/meta/argument_specs.yml Failed to find argument_specs.yml for role in theforeman.foreman.
2023-08-20T19:52:45.959889+00:00 ERROR 'ansible_navigator.actions.collections._parse' /usr/share/ansible/collections/ansible_collections/theforeman/foreman/roles/compute_resources/meta/main.yml Failed to find main.yml for role in theforeman.foreman.
2023-08-20T19:52:45.959920+00:00 ERROR 'ansible_navigator.actions.collections._parse' /usr/share/ansible/collections/ansible_collections/theforeman/foreman/roles/content_credentials/meta/argument_specs.yml Failed to find argument_specs.yml for role in theforeman.foreman.
2023-08-20T19:52:45.959951+00:00 ERROR 'ansible_navigator.actions.collections._parse' /usr/share/ansible/collections/ansible_collections/theforeman/foreman/roles/content_credentials/meta/main.yml Failed to find main.yml for role in theforeman.foreman.
2023-08-20T19:52:45.959982+00:00 ERROR 'ansible_navigator.actions.collections._parse' /usr/share/ansible/collections/ansible_collections/theforeman/foreman/roles/content_rhel/meta/argument_specs.yml Failed to find argument_specs.yml for role in theforeman.foreman.
2023-08-20T19:52:45.960050+00:00 ERROR 'ansible_navigator.actions.collections._parse' /usr/share/ansible/collections/ansible_collections/theforeman/foreman/roles/content_rhel/meta/main.yml Failed to find main.yml for role in theforeman.foreman.
2023-08-20T19:52:45.960087+00:00 ERROR 'ansible_navigator.actions.collections._parse' /usr/share/ansible/collections/ansible_collections/theforeman/foreman/roles/content_view_publish/meta/argument_specs.yml Failed to find argument_specs.yml for role in theforeman.foreman.
2023-08-20T19:52:45.960119+00:00 ERROR 'ansible_navigator.actions.collections._parse' /usr/share/ansible/collections/ansible_collections/theforeman/foreman/roles/content_view_publish/meta/main.yml Failed to find main.yml for role in theforeman.foreman.
2023-08-20T19:52:45.960157+00:00 ERROR 'ansible_navigator.actions.collections._parse' /usr/share/ansible/collections/ansible_collections/theforeman/foreman/roles/content_view_version_cleanup/meta/argument_specs.yml Failed to find argument_specs.yml for role in theforeman.foreman.
2023-08-20T19:52:45.960191+00:00 ERROR 'ansible_navigator.actions.collections._parse' /usr/share/ansible/collections/ansible_collections/theforeman/foreman/roles/content_view_version_cleanup/meta/main.yml Failed to find main.yml for role in theforeman.foreman.
2023-08-20T19:52:45.960222+00:00 ERROR 'ansible_navigator.actions.collections._parse' /usr/share/ansible/collections/ansible_collections/theforeman/foreman/roles/content_views/meta/argument_specs.yml Failed to find argument_specs.yml for role in theforeman.foreman.
2023-08-20T19:52:45.960254+00:00 ERROR 'ansible_navigator.actions.collections._parse' /usr/share/ansible/collections/ansible_collections/theforeman/foreman/roles/content_views/meta/main.yml Failed to find main.yml for role in theforeman.foreman.
2023-08-20T19:52:45.960299+00:00 ERROR 'ansible_navigator.actions.collections._parse' /usr/share/ansible/collections/ansible_collections/theforeman/foreman/roles/convert2rhel/meta/argument_specs.yml Failed to find argument_specs.yml for role in theforeman.foreman.
2023-08-20T19:52:45.960346+00:00 ERROR 'ansible_navigator.actions.collections._parse' /usr/share/ansible/collections/ansible_collections/theforeman/foreman/roles/convert2rhel/meta/main.yml Failed to find main.yml for role in theforeman.foreman.
2023-08-20T19:52:45.960380+00:00 ERROR 'ansible_navigator.actions.collections._parse' /usr/share/ansible/collections/ansible_collections/theforeman/foreman/roles/domains/meta/argument_specs.yml Failed to find argument_specs.yml for role in theforeman.foreman.
2023-08-20T19:52:45.960414+00:00 ERROR 'ansible_navigator.actions.collections._parse' /usr/share/ansible/collections/ansible_collections/theforeman/foreman/roles/domains/meta/main.yml Failed to find main.yml for role in theforeman.foreman.
2023-08-20T19:52:45.960448+00:00 ERROR 'ansible_navigator.actions.collections._parse' /usr/share/ansible/collections/ansible_collections/theforeman/foreman/roles/hostgroups/meta/argument_specs.yml Failed to find argument_specs.yml for role in theforeman.foreman.
2023-08-20T19:52:45.960482+00:00 ERROR 'ansible_navigator.actions.collections._parse' /usr/share/ansible/collections/ansible_collections/theforeman/foreman/roles/hostgroups/meta/main.yml Failed to find main.yml for role in theforeman.foreman.
2023-08-20T19:52:45.960515+00:00 ERROR 'ansible_navigator.actions.collections._parse' /usr/share/ansible/collections/ansible_collections/theforeman/foreman/roles/lifecycle_environments/meta/argument_specs.yml Failed to find argument_specs.yml for role in theforeman.foreman.
2023-08-20T19:52:45.960549+00:00 ERROR 'ansible_navigator.actions.collections._parse' /usr/share/ansible/collections/ansible_collections/theforeman/foreman/roles/lifecycle_environments/meta/main.yml Failed to find main.yml for role in theforeman.foreman.
2023-08-20T19:52:45.960583+00:00 ERROR 'ansible_navigator.actions.collections._parse' /usr/share/ansible/collections/ansible_collections/theforeman/foreman/roles/manifest/meta/argument_specs.yml Failed to find argument_specs.yml for role in theforeman.foreman.
2023-08-20T19:52:45.960617+00:00 ERROR 'ansible_navigator.actions.collections._parse' /usr/share/ansible/collections/ansible_collections/theforeman/foreman/roles/manifest/meta/main.yml Failed to find main.yml for role in theforeman.foreman.
2023-08-20T19:52:45.960650+00:00 ERROR 'ansible_navigator.actions.collections._parse' /usr/share/ansible/collections/ansible_collections/theforeman/foreman/roles/operatingsystems/meta/argument_specs.yml Failed to find argument_specs.yml for role in theforeman.foreman.
2023-08-20T19:52:45.960684+00:00 ERROR 'ansible_navigator.actions.collections._parse' /usr/share/ansible/collections/ansible_collections/theforeman/foreman/roles/operatingsystems/meta/main.yml Failed to find main.yml for role in theforeman.foreman.
2023-08-20T19:52:45.960735+00:00 ERROR 'ansible_navigator.actions.collections._parse' /usr/share/ansible/collections/ansible_collections/theforeman/foreman/roles/organizations/meta/argument_specs.yml Failed to find argument_specs.yml for role in theforeman.foreman.
2023-08-20T19:52:45.960770+00:00 ERROR 'ansible_navigator.actions.collections._parse' /usr/share/ansible/collections/ansible_collections/theforeman/foreman/roles/organizations/meta/main.yml Failed to find main.yml for role in theforeman.foreman.
2023-08-20T19:52:45.960815+00:00 ERROR 'ansible_navigator.actions.collections._parse' /usr/share/ansible/collections/ansible_collections/theforeman/foreman/roles/provisioning_templates/meta/argument_specs.yml Failed to find argument_specs.yml for role in theforeman.foreman.
2023-08-20T19:52:45.960846+00:00 ERROR 'ansible_navigator.actions.collections._parse' /usr/share/ansible/collections/ansible_collections/theforeman/foreman/roles/provisioning_templates/meta/main.yml Failed to find main.yml for role in theforeman.foreman.
2023-08-20T19:52:45.960878+00:00 ERROR 'ansible_navigator.actions.collections._parse' /usr/share/ansible/collections/ansible_collections/theforeman/foreman/roles/repositories/meta/argument_specs.yml Failed to find argument_specs.yml for role in theforeman.foreman.
2023-08-20T19:52:45.960909+00:00 ERROR 'ansible_navigator.actions.collections._parse' /usr/share/ansible/collections/ansible_collections/theforeman/foreman/roles/repositories/meta/main.yml Failed to find main.yml for role in theforeman.foreman.
2023-08-20T19:52:45.960946+00:00 ERROR 'ansible_navigator.actions.collections._parse' /usr/share/ansible/collections/ansible_collections/theforeman/foreman/roles/settings/meta/argument_specs.yml Failed to find argument_specs.yml for role in theforeman.foreman.
2023-08-20T19:52:45.960979+00:00 ERROR 'ansible_navigator.actions.collections._parse' /usr/share/ansible/collections/ansible_collections/theforeman/foreman/roles/settings/meta/main.yml Failed to find main.yml for role in theforeman.foreman.
2023-08-20T19:52:45.961015+00:00 ERROR 'ansible_navigator.actions.collections._parse' /usr/share/ansible/collections/ansible_collections/theforeman/foreman/roles/subnets/meta/argument_specs.yml Failed to find argument_specs.yml for role in theforeman.foreman.
2023-08-20T19:52:45.961075+00:00 ERROR 'ansible_navigator.actions.collections._parse' /usr/share/ansible/collections/ansible_collections/theforeman/foreman/roles/subnets/meta/main.yml Failed to find main.yml for role in theforeman.foreman.
2023-08-20T19:52:45.961114+00:00 ERROR 'ansible_navigator.actions.collections._parse' /usr/share/ansible/collections/ansible_collections/theforeman/foreman/roles/sync_plans/meta/argument_specs.yml Failed to find argument_specs.yml for role in theforeman.foreman.
2023-08-20T19:52:45.961146+00:00 ERROR 'ansible_navigator.actions.collections._parse' /usr/share/ansible/collections/ansible_collections/theforeman/foreman/roles/sync_plans/meta/main.yml Failed to find main.yml for role in theforeman.foreman.
